23:28:45.260 Xcode[50404:13834230] Beginning test session NYTimesTests-8C596007-7454-4475-B477-3D18D0B87637 at 2018-08-13 23:28:45.260 with Xcode 9E501 on target <DVTiPhoneSimulator: 0x7f96b7261420> {
		SimDevice: iPhone X (F62C37DB-AAF4-4E32-9880-D2048C689C5B, iOS 11.3, Booted)
} (11.3 (15E217))
23:28:45.260 Xcode[50404:13834230] Launching with Xcode.DebuggerFoundation.Launcher.LLDB
23:28:45.265 Xcode[50404:13834230] Test standard output and standard error is at /var/folders/qt/s3mb8zcj7j7d7nfzd3fnvk4m0000gr/T/com.apple.dt.XCTest/IDETestRunSession-5EB80713-34E8-4DF6-B74D-7533C7FC8A7D/NYTimesTests-5BD7E8AF-82FF-4C20-B213-FAAD33362FA5/StandardOutputAndStandardError.txt
23:28:45.265 Xcode[50404:13834230] Simulator F62C37DB-AAF4-4E32-9880-D2048C689C5B was claimed by TestSessionClaim_IDETestRunSession-5EB80713-34E8-4DF6-B74D-7533C7FC8A7D
23:28:48.583 Xcode[50404:13834230] Launch session started.
23:28:48.605 Xcode[50404:13834230] Setting up test runner session
23:28:48.607 Xcode[50404:15850387] Sim iPhone X: Unregistering for sim device notification with token 76
23:28:48.607 Xcode[50404:15850387] Calling -[SimDevice getenv:error:] for TESTMANAGERD_SIM_SOCK
23:28:48.608 Xcode[50404:15850387] Sim iPhone X has testmanagerd socket at /private/tmp/com.apple.launchd.2QNSBHkact/com.apple.testmanagerd.unix-domain.socket
23:28:48.608 Xcode[50404:15850387] Validating test connection socket path (/private/tmp/com.apple.launchd.2QNSBHkact/com.apple.testmanagerd.unix-domain.socket)
23:28:48.608 Xcode[50404:15850387] Constructing transport for test connection socket
23:28:48.608 Xcode[50404:15850387] Connected socket 151 to testmanagerd for Sim iPhone X
23:28:48.610 Xcode[50404:15850469] Received connection for test runner session
23:28:48.610 Xcode[50404:15850469] Listening for proxy connection request from the test bundle
23:28:48.613 Xcode[50404:15850469] Initiating session with identifier: 8C596007-7454-4475-B477-3D18D0B87637
23:28:48.670 Xcode[50404:13834230] Test runner session acquired connection.
23:28:48.670 Xcode[50404:13834230] Waiting for test process to launch.
23:28:49.850 Xcode[50404:13834230] Received Ready from iOSSimulator
23:28:49.850 Xcode[50404:13834230] Sending notification: NSConcreteNotification 0x7f96a22581a0 {name = com.apple.iphonesimulator.startSession; userInfo = {
    deviceUDID = "F62C37DB-AAF4-4E32-9880-D2048C689C5B";
}}
23:28:49.850 Xcode[50404:15850320] Simulator F62C37DB-AAF4-4E32-9880-D2048C689C5B was claimed by LaunchSessionClaim_0x7f9690fa7bb0
23:28:49.858 Xcode[50404:13834230] Adding console adaptor <IDEConsoleAdaptor: 0x7f96b287ca20 'target' stdin: <IDEMasterPtyFileHandle: 0x7f96957fb270 MasterFH: <NSConcreteFileHandle: 0x7f96893eef50> 155 SlaveFH: <NSConcreteFileHandle: 0x7f9690f3dee0> 156> 155 stdout: <IDEMasterPtyFileHandle: 0x7f96957fb270 MasterFH: <NSConcreteFileHandle: 0x7f96893eef50> 155 SlaveFH: <NSConcreteFileHandle: 0x7f9690f3dee0> 156> 155 stderr: (null) 0> for test session 8C596007-7454-4475-B477-3D18D0B87637.
23:28:49.973 Xcode[50404:13834230] Received Ready from iOSSimulator
23:28:49.973 Xcode[50404:13834230] Sending notification: NSConcreteNotification 0x7f968bcc9e60 {name = com.apple.iphonesimulator.startSession; userInfo = {
    deviceUDID = "F62C37DB-AAF4-4E32-9880-D2048C689C5B";
}}
23:28:49.974 Xcode[50404:15850387] Simulator F62C37DB-AAF4-4E32-9880-D2048C689C5B was claimed by LaunchSessionClaim_0x7f9690fa7bb0
23:28:49.974 Xcode[50404:15850387] F62C37DB-AAF4-4E32-9880-D2048C689C5B: Registered for sim device notification, got token 77
23:28:49.975 Xcode[50404:15850320] F62C37DB-AAF4-4E32-9880-D2048C689C5B: Unregistering for sim device notification with token 77
23:28:49.976 Xcode[50404:15850320] F62C37DB-AAF4-4E32-9880-D2048C689C5B: Installing app at path: /Users/RaghuSandeep/Documents/NYTimes/DerivedData/NYTimes/Build/Products/Debug-iphonesimulator/NYTimes.app and options: (null)
23:28:51.917 Xcode[50404:15850320] F62C37DB-AAF4-4E32-9880-D2048C689C5B: Installed app at path: /Users/RaghuSandeep/Documents/NYTimes/DerivedData/NYTimes/Build/Products/Debug-iphonesimulator/NYTimes.app and options: (null)
23:28:51.919 Xcode[50404:15850320] F62C37DB-AAF4-4E32-9880-D2048C689C5B: Launching app with identifier: com.NYTimes and options: {
    "activate_suspended" = 0;
    arguments =     (
        "-NSTreatUnknownArgumentsAsOpen",
        NO,
        "-ApplePersistenceIgnoreState",
        YES
    );
    environment =     {
        "DYLD_FRAMEWORK_PATH" = "/Users/RaghuSandeep/Documents/NYTimes/DerivedData/NYTimes/Build/Products/Debug-iphonesimulator:/Users/RaghuSandeep/Documents/NYTimes/DerivedData/NYTimes/Build/Products/Debug-iphonesimulator:/Applications/Xcode.app/Contents/Developer/Platforms/iPhoneSimulator.platform/Developer/Library/Frameworks:/Applications/Xcode.app/Contents/Developer/Platforms/iPhoneOS.platform/Developer/Library/CoreSimulator/Profiles/Runtimes/iOS.simruntime/Contents/Resources/RuntimeRoot/Developer/Library/PrivateFrameworks:/Users/RaghuSandeep/Documents/NYTimes/DerivedData/NYTimes/Build/Products/Debug-iphonesimulator:/Applications/Xcode.app/Contents/Developer/Platforms/iPhoneSimulator.platform/Developer/Library/Frameworks:/Applications/Xcode.app/Contents/Developer/Platforms/iPhoneOS.platform/Developer/Library/CoreSimulator/Profiles/Runtimes/iOS.simruntime/Contents/Resources/RuntimeRoot/Developer/Library/PrivateFrameworks";
        "DYLD_INSERT_LIBRARIES" = "/Applications/Xcode.app/Contents/Developer/Platforms/iPhoneOS.platform/Developer/Library/CoreSimulator/Profiles/Runtimes/iOS.simruntime/Contents/Resources/RuntimeRoot/Developer/Library/PrivateFrameworks/DTDDISupport.framework/libViewDebuggerSupport.dylib:/Applications/Xcode.app/Contents/Developer/Platforms/iPhoneSimulator.platform/Developer/Library/PrivateFrameworks/IDEBundleInjection.framework/IDEBundleInjection:/Applications/Xcode.app/Contents/Developer/Platforms/iPhoneOS.platform/Developer/Library/CoreSimulator/Profiles/Runtimes/iOS.simruntime/Contents/Resources/RuntimeRoot/usr/lib/libMainThreadChecker.dylib:/Applications/Xcode.app/Contents/Developer/Platforms/iPhoneSimulator.platform/Developer/Library/PrivateFrameworks/IDEBundleInjection.framework/IDEBundleInjection:/Applications/Xcode.app/Contents/Developer/Platforms/iPhoneOS.platform/Developer/Library/CoreSimulator/Profiles/Runtimes/iOS.simruntime/Contents/Resources/RuntimeRoot/usr/lib/libMainThreadChecker.dylib";
        "DYLD_LIBRARY_PATH" = "/Users/RaghuSandeep/Documents/NYTimes/DerivedData/NYTimes/Build/Products/Debug-iphonesimulator:/Users/RaghuSandeep/Documents/NYTimes/DerivedData/NYTimes/Build/Products/Debug-iphonesimulator:/Applications/Xcode.app/Contents/Developer/Platforms/iPhoneSimulator.platform/Developer/Library/Frameworks:/Applications/Xcode.app/Contents/Developer/Platforms/iPhoneOS.platform/Developer/Library/CoreSimulator/Profiles/Runtimes/iOS.simruntime/Contents/Resources/RuntimeRoot/Developer/Library/PrivateFrameworks:/Users/RaghuSandeep/Documents/NYTimes/DerivedData/NYTimes/Build/Products/Debug-iphonesimulator:/Applications/Xcode.app/Contents/Developer/Platforms/iPhoneSimulator.platform/Developer/Library/Frameworks:/Applications/Xcode.app/Contents/Developer/Platforms/iPhoneOS.platform/Developer/Library/CoreSimulator/Profiles/Runtimes/iOS.simruntime/Contents/Resources/RuntimeRoot/Developer/Library/PrivateFrameworks";
        "LLVM_PROFILE_FILE" = "/var/folders/qt/s3mb8zcj7j7d7nfzd3fnvk4m0000gr/T/com.NYTimes/78D215C6-F2DD-4408-8ECB-470100671D6E-50404-0000770A40B3823F/3D57280F-5A0E-4D8F-B757-AB76B56292AB-%p.profraw%15x";
        "MTC_CRASH_ON_REPORT" = 1;
        NSApplicationQuitWithoutSuddenTermination = YES;
        NSUnbufferedIO = YES;
        "OS_ACTIVITY_DT_MODE" = YES;
        "SQLITE_ENABLE_THREAD_ASSERTIONS" = 1;
        XCInjectBundleInto = "/Users/RaghuSandeep/Documents/NYTimes/DerivedData/NYTimes/Build/Products/Debug-iphonesimulator/NYTimes.app/NYTimes";
        "XCODE_DBG_XPC_EXCLUSIONS" = "com.apple.dt.xctestSymbolicator";
        XCTestConfigurationFilePath = "/var/folders/qt/s3mb8zcj7j7d7nfzd3fnvk4m0000gr/T/com.apple.dt.XCTest/IDETestRunSession-5EB80713-34E8-4DF6-B74D-7533C7FC8A7D/NYTimesTests-5BD7E8AF-82FF-4C20-B213-FAAD33362FA5/LaunchSessions/8C596007-7454-4475-B477-3D18D0B87637/remote-container/tmp/NYTimesTests-8C596007-7454-4475-B477-3D18D0B87637.xctestconfiguration";
        "__XCODE_BUILT_PRODUCTS_DIR_PATHS" = "/Users/RaghuSandeep/Documents/NYTimes/DerivedData/NYTimes/Build/Products/Debug-iphonesimulator";
        "__XPC_DYLD_FRAMEWORK_PATH" = "/Users/RaghuSandeep/Documents/NYTimes/DerivedData/NYTimes/Build/Products/Debug-iphonesimulator";
        "__XPC_DYLD_LIBRARY_PATH" = "/Users/RaghuSandeep/Documents/NYTimes/DerivedData/NYTimes/Build/Products/Debug-iphonesimulator";
        "__XPC_LLVM_PROFILE_FILE" = "/var/folders/qt/s3mb8zcj7j7d7nfzd3fnvk4m0000gr/T/com.NYTimes/78D215C6-F2DD-4408-8ECB-470100671D6E-50404-0000770A40B3823F/3D57280F-5A0E-4D8F-B757-AB76B56292AB-%p.profraw%15x";
    };
    stderr = "/dev/ttys005";
    stdout = "/dev/ttys005";
    "wait_for_debugger" = 1;
}
23:28:54.837 Xcode[50404:15850387] F62C37DB-AAF4-4E32-9880-D2048C689C5B: Launched app with identifier: com.NYTimes (pid = 78009)
23:28:54.837 Xcode[50404:15850387] Tracking pid 78009 for simulator <DVTiPhoneSimulator: 0x7f96b7261420> {
		SimDevice: iPhone X (F62C37DB-AAF4-4E32-9880-D2048C689C5B, iOS 11.3, Booted)
}
23:28:54.838 Xcode[50404:15850387] Checking to see if pid 78009 is valid: kill(pid, 0) = 0 (YES, it's still running)
23:28:54.838 Xcode[50404:15850387] Setting up DVTTaskNotifyOnProcDeath for pid 78009
23:28:54.839 Xcode[50404:13834230] Test process runnable PID is 78009.
23:28:57.634 Xcode[50404:13834230] Waiting for test process to check in..., will wait up to 120s
23:29:01.942 Xcode[50404:15851039] Got reply to session initiation request with identifier 8C596007-7454-4475-B477-3D18D0B87637 (result:error): 25: (null)
23:29:06.393 Xcode[50404:13834230] Clearing timeout timer while paused in the debugger. Timeout conditions may not be detected during this session.
23:29:20.077 Xcode[50404:15851496] Handling proxy channel request from test runner
23:29:20.081 Xcode[50404:15851496] Test runner is ready, running protocol 25, requires at least version 8. Control framework is running 25 and requires at least 8
23:29:20.081 Xcode[50404:13834230] Test runner session successfully initiated.
23:29:20.082 Xcode[50404:13834230] Creating the daemon control session.
23:29:20.082 Xcode[50404:15850473] Calling -[SimDevice getenv:error:] for TESTMANAGERD_SIM_SOCK
23:29:20.082 Xcode[50404:13834230] Whitelisting test process ID 78009
23:29:20.083 Xcode[50404:13834230] Got authorization request for pid 78009
23:29:20.084 Xcode[50404:15850473] Sim iPhone X has testmanagerd socket at /private/tmp/com.apple.launchd.2QNSBHkact/com.apple.testmanagerd.unix-domain.socket
23:29:20.084 Xcode[50404:15850473] Validating test connection socket path (/private/tmp/com.apple.launchd.2QNSBHkact/com.apple.testmanagerd.unix-domain.socket)
23:29:20.084 Xcode[50404:15850473] Constructing transport for test connection socket
23:29:20.084 Xcode[50404:15850473] Connected socket 171 to testmanagerd for Sim iPhone X
23:29:20.084 Xcode[50404:15851495] Requesting authorization for pid 78009
23:29:20.396 Xcode[50404:15851496] Got reply to authorization request for pid 78009 (result:error): 25: (null)
23:29:20.396 Xcode[50404:13834230] Got whitelisting response from test daemon. Success: 1
23:29:20.397 Xcode[50404:13834230] Registering/updating daemon-based crash report observer for process names (
    XCTRunner,
    NYTimes,
    xctest
), report directories: (
    "/Users/RaghuSandeep/Library/Logs/DiagnosticReports",
    "/Library/Logs/DiagnosticReports"
).
23:00:32.399 testmanagerd[68976:15788780] XCIDESession is responsible for cleaning up its socket
23:00:25.599 testmanagerd[68976:15789633] Control sessions: (
    "<XCIDESession: 0x7fe26e40f4f0> (socket 5) created Monday, August 13, 2018 at 10:53:26 PM India Standard Time"
)
23:00:32.605 testmanagerd[68976:15789633] -[XCTDaemon closeIDESession:]_block_invoke <XCIDESession: 0x7fe26e40f4f0> (socket 5) created Monday, August 13, 2018 at 10:53:26 PM India Standard Time
23:00:32.605 testmanagerd[68976:15789633] Tearing down <XCIDESession: 0x7fe26e40f4f0> (socket 5) created Monday, August 13, 2018 at 10:53:26 PM India Standard Time.
23:00:32.606 testmanagerd[68976:15789633] Control session closed, will disconnect from matching testing client.
23:00:32.606 testmanagerd[68976:15789633] Session summary: 0 test sessions, 0 sessions with identifiers, 0 unidentified sessions, does not have control sessions
23:28:49.848 testmanagerd[68976:15789633] IDE connected over socket 4 (-[XCTestManagerIDEServer listenForControlConnectionsOverNamedSocket]_block_invoke)
23:28:50.645 testmanagerd[68976:15789633] Created session with socket 4
23:28:51.890 testmanagerd[68976:15789633] Adding <XCIDESession: 0x7fe270100b00> (socket 4) created Monday, August 13, 2018 at 11:28:50 PM India Standard Time to the set of unidentified IDE sessions
23:28:51.892 testmanagerd[68976:15850687] Handled a proxy request from the IDE with session <XCIDESession: 0x7fe270100b00> (socket 4) created Monday, August 13, 2018 at 11:28:50 PM India Standard Time proxy <_DTXProxy: 0x7fe270500310>
23:28:55.837 testmanagerd[68976:15754479] -[XCIDESession _IDE_initiateSessionWithIdentifier:forClient:atPath:protocolVersion:]_block_invoke 8C596007-7454-4475-B477-3D18D0B87637 1 4 from client C4809F4F-610D-403F-BDBB-1E96493AAAC1-50404-000060C2D1055F8A (/Applications/Xcode.app)
23:29:01.941 testmanagerd[68976:15754479] -[XCIDESession _IDE_initiateSessionWithIdentifier:forClient:atPath:protocolVersion:]_block_invoke 8C596007-7454-4475-B477-3D18D0B87637 Replied with protocol version 25
23:29:01.941 testmanagerd[68976:15850687] -[XCTDaemon setIDESession:forIdentifier:]_block_invoke <XCIDESession: 0x7fe270100b00> (socket 4) created Monday, August 13, 2018 at 11:28:50 PM India Standard Time for client C4809F4F-610D-403F-BDBB-1E96493AAAC1-50404-000060C2D1055F8A waiting to pair with test session 8C596007-7454-4475-B477-3D18D0B87637 -> 8C596007-7454-4475-B477-3D18D0B87637
23:29:20.049 testmanagerd[68976:15850687] Received new test session connection from process with PID 78009
23:29:20.063 testmanagerd[68976:15850687] Looking up app info for pid 78009
23:29:20.066 testmanagerd[68976:15851531] Test session 8C596007-7454-4475-B477-3D18D0B87637 requested transport for IDE (-[XCTestSession _XCT_requestSerializedTransportWrapperForIDESessionWithIdentifier:reply:])
23:29:20.067 testmanagerd[68976:15851530] Test session 8C596007-7454-4475-B477-3D18D0B87637 requested serialized transport (-[XCTDaemon requestSerializedTransportForSessionIdentifier:reply:]_block_invoke)
23:29:20.067 testmanagerd[68976:15851530] Initiating serialized transport handoff from IDE connection to test host.
23:29:20.069 testmanagerd[68976:15851530] -[XCIDESession closeConnectionAndHandOffTransportWithCompletionHandler:] sending barrier
23:29:20.069 testmanagerd[68976:15851530] Barrier flushed. Cancelling connection. Socket will not be closed
23:29:20.071 testmanagerd[68976:15850687] -[XCTDaemon closeIDESession:]_block_invoke <XCIDESession: 0x7fe270100b00> (socket 4) created Monday, August 13, 2018 at 11:28:50 PM India Standard Time for client C4809F4F-610D-403F-BDBB-1E96493AAAC1-50404-000060C2D1055F8A waiting to pair with test session 8C596007-7454-4475-B477-3D18D0B87637
23:29:20.070 testmanagerd[68976:15851530] DTXSocketTransport for socket 4 disconnected, owner is <XCIDESession: 0x7fe270100b00> (socket 4) created Monday, August 13, 2018 at 11:28:50 PM India Standard Time for client C4809F4F-610D-403F-BDBB-1E96493AAAC1-50404-000060C2D1055F8A waiting to pair with test session 8C596007-7454-4475-B477-3D18D0B87637
23:29:20.075 testmanagerd[68976:15850687] Tearing down <XCIDESession: 0x7fe270100b00> (socket 4) created Monday, August 13, 2018 at 11:28:50 PM India Standard Time for client C4809F4F-610D-403F-BDBB-1E96493AAAC1-50404-000060C2D1055F8A waiting to pair with test session 8C596007-7454-4475-B477-3D18D0B87637.
23:29:20.076 testmanagerd[68976:15850687] Session summary: 1 test sessions, 0 sessions with identifiers, 0 unidentified sessions, does not have control sessions
23:29:20.087 testmanagerd[68976:15850687] IDE connected over socket 5 (-[XCTestManagerIDEServer listenForControlConnectionsOverNamedSocket]_block_invoke)
23:29:20.087 testmanagerd[68976:15850687] Created session with socket 5
23:29:20.066 testmanagerd[68976:15851532] Got app info for pid 78009: {
    BKSApplicationStateAppIsFrontmost = 1;
    BKSApplicationStateExtensionKey = 0;
    SBApplicationStateDisplayIDKey = "com.NYTimes";
    SBApplicationStateKey = 8;
    SBApplicationStateProcessIDKey = 78009;
    SBApplicationStateRunningReasonsKey =     (
                {
            SBApplicationStateRunningReasonAssertionIdentifierKey = Resume;
            SBApplicationStateRunningReasonAssertionReasonKey = 10000;
        }
    );
    SBMostElevatedStateForProcessID = 8;
}
23:29:20.388 testmanagerd[68976:15851532] Got request for process assertion for pid 78009.
23:29:20.388 testmanagerd[68976:15850687] Adding <XCIDESession: 0x7fe270000f00> (socket 5) created Monday, August 13, 2018 at 11:29:20 PM India Standard Time to the set of unidentified IDE sessions
23:29:20.389 testmanagerd[68976:15851532] Created process assertion for pid 78009: <BKSProcessAssertion: 0x7fe270000510>, waiting for response from assertiond.
23:29:20.389 testmanagerd[68976:15851532] Starting to monitor com.NYTimes
23:29:20.390 testmanagerd[68976:15851531] Got application state update: com.NYTimes (78009) -> 8
23:29:20.391 testmanagerd[68976:15851532] <XCTestSession: 0x7fe270500760> -[XCTestSession applicationWithBundleID:didUpdatePID:andState:] com.NYTimes 78009 8
23:29:20.389 testmanagerd[68976:15851530] Handled a proxy request from the IDE with session <XCIDESession: 0x7fe270000f00> (socket 5) created Monday, August 13, 2018 at 11:29:20 PM India Standard Time proxy <_DTXProxy: 0x7fe270308640>
23:29:20.394 testmanagerd[68976:15851530] -[XCIDESession _IDE_initiateControlSessionForTestProcessID:protocolVersion:] 78009 25
23:29:20.394 testmanagerd[68976:15754479] Adding control session <XCIDESession: 0x7fe270000f00> (socket 5) created Monday, August 13, 2018 at 11:29:20 PM India Standard Time with protocol version 25
23:29:20.395 testmanagerd[68976:15850687] Got reply for process assertion request, success: YES
23:29:20.395 testmanagerd[68976:15850687] Got reply for process assertion request, success: YES
23:29:20.589 testmanagerd[68976:15754479] Received request to collect crash reports in directories '/Users/RaghuSandeep/Library/Logs/DiagnosticReports', '/Library/Logs/DiagnosticReports' for processes with names 'XCTRunner', 'NYTimes', 'xctest'
23:29:20.590 testmanagerd[68976:15754479] Initializing crash report observer for /Users/RaghuSandeep/Library/Logs/DiagnosticReports
23:29:20.590 testmanagerd[68976:15754479] Getting files in /Users/RaghuSandeep/Library/Logs/DiagnosticReports
23:29:21.007 testmanagerd[68976:15754479] Found 1693 files in /Users/RaghuSandeep/Library/Logs/DiagnosticReports
23:29:21.007 testmanagerd[68976:15754479] Started monitoring /Users/RaghuSandeep/Library/Logs/DiagnosticReports
23:29:21.008 testmanagerd[68976:15754479] Initializing crash report observer for /Library/Logs/DiagnosticReports
23:29:21.008 testmanagerd[68976:15754479] Getting files in /Library/Logs/DiagnosticReports
23:29:21.569 Xcode[50404:13834230] Telling test runner to start executing tests.
23:29:21.568 testmanagerd[68976:15754479] Found 198 files in /Library/Logs/DiagnosticReports
23:29:21.568 testmanagerd[68976:15754479] Started monitoring /Library/Logs/DiagnosticReports
23:29:19.874 NYTimes[78009:15850938] Linked XCTest.framework from /Applications/Xcode.app/Contents/Developer/Platforms/iPhoneSimulator.platform/Developer/Library/Frameworks/XCTest.framework/XCTest, built with Xcode 0930(9E499), modified on Wednesday, May 2, 2018 at 8:06:59 AM India Standard Time
XCTest.framework bundle version: 14099
23:29:19.878 NYTimes[78009:15850938] System uptime: 7:01:55
23:29:19.879 NYTimes[78009:15850938] Process arguments: (
    "/Users/RaghuSandeep/Library/Developer/CoreSimulator/Devices/F62C37DB-AAF4-4E32-9880-D2048C689C5B/data/Containers/Bundle/Application/338117DB-085D-478B-85EC-5AB2EEE48295/NYTimes.app/NYTimes",
    "-NSTreatUnknownArgumentsAsOpen",
    NO,
    "-ApplePersistenceIgnoreState",
    YES
)
23:29:21.577 Xcode[50404:13834230] <IDETestOperationCoordinator: 0x7f96a4ace650>: parseConsoleOutputFromOriginalOutput: called, 63 bytes written out to StandardOutputAndStandardError
23:29:19.879 NYTimes[78009:15850938] Process environment: {
    "CFFIXED_USER_HOME" = "/Users/RaghuSandeep/Library/Developer/CoreSimulator/Devices/F62C37DB-AAF4-4E32-9880-D2048C689C5B/data/Containers/Data/Application/D7BF5D08-7A53-4AD9-96B7-2F275903EA5A";
    CLASSIC = 0;
    "CUPS_SERVER" = "/private/tmp/com.apple.launchd.btVVM8yFwF/Listeners";
    "DYLD_FALLBACK_FRAMEWORK_PATH" = "/Applications/Xcode.app/Contents/Developer/Platforms/iPhoneOS.platform/Developer/Library/CoreSimulator/Profiles/Runtimes/iOS.simruntime/Contents/Resources/RuntimeRoot/System/Library/Frameworks";
    "DYLD_FALLBACK_LIBRARY_PATH" = "/Applications/Xcode.app/Contents/Developer/Platforms/iPhoneOS.platform/Developer/Library/CoreSimulator/Profiles/Runtimes/iOS.simruntime/Contents/Resources/RuntimeRoot/usr/lib";
    "DYLD_FRAMEWORK_PATH" = "/Users/RaghuSandeep/Documents/NYTimes/DerivedData/NYTimes/Build/Products/Debug-iphonesimulator:/Users/RaghuSandeep/Documents/NYTimes/DerivedData/NYTimes/Build/Products/Debug-iphonesimulator:/Applications/Xcode.app/Contents/Developer/Platforms/iPhoneSimulator.platform/Developer/Library/Frameworks:/Applications/Xcode.app/Contents/Developer/Platforms/iPhoneOS.platform/Developer/Library/CoreSimulator/Profiles/Runtimes/iOS.simruntime/Contents/Resources/RuntimeRoot/Developer/Library/PrivateFrameworks:/Users/RaghuSandeep/Documents/NYTimes/DerivedData/NYTimes/Build/Products/Debug-iphonesimulator:/Applications/Xcode.app/Contents/Developer/Platforms/iPhoneSimulator.platform/Developer/Library/Frameworks:/Applications/Xcode.app/Contents/Developer/Platforms/iPhoneOS.platform/Developer/Library/CoreSimulator/Profiles/Runtimes/iOS.simruntime/Contents/Resources/RuntimeRoot/Developer/Library/PrivateFrameworks";
    "DYLD_LIBRARY_PATH" = "/Users/RaghuSandeep/Documents/NYTimes/DerivedData/NYTimes/Build/Products/Debug-iphonesimulator:/Users/RaghuSandeep/Documents/NYTimes/DerivedData/NYTimes/Build/Products/Debug-iphonesimulator:/Applications/Xcode.app/Contents/Developer/Platforms/iPhoneSimulator.platform/Developer/Library/Frameworks:/Applications/Xcode.app/Contents/Developer/Platforms/iPhoneOS.platform/Developer/Library/CoreSimulator/Profiles/Runtimes/iOS.simruntime/Contents/Resources/RuntimeRoot/Developer/Library/PrivateFrameworks:/Users/RaghuSandeep/Documents/NYTimes/DerivedData/NYTimes/Build/Products/Debug-iphonesimulator:/Applications/Xcode.app/Contents/Developer/Platforms/iPhoneSimulator.platform/Developer/Library/Frameworks:/Applications/Xcode.app/Contents/Developer/Platforms/iPhoneOS.platform/Developer/Library/CoreSimulator/Profiles/Runtimes/iOS.simruntime/Contents/Resources/RuntimeRoot/Developer/Library/PrivateFrameworks";
    "DYLD_ROOT_PATH" = "/Applications/Xcode.app/Contents/Developer/Platforms/iPhoneOS.platform/Developer/Library/CoreSimulator/Profiles/Runtimes/iOS.simruntime/Contents/Resources/RuntimeRoot";
    HOME = "/Users/RaghuSandeep/Library/Developer/CoreSimulator/Devices/F62C37DB-AAF4-4E32-9880-D2048C689C5B/data/Containers/Data/Application/D7BF5D08-7A53-4AD9-96B7-2F275903EA5A";
    "IOS_SIMULATOR_SYSLOG_SOCKET" = "/private/tmp/com.apple.CoreSimulator.SimDevice.F62C37DB-AAF4-4E32-9880-D2048C689C5B/syslogsock";
    "IPHONE_SHARED_RESOURCES_DIRECTORY" = "/Users/RaghuSandeep/Library/Developer/CoreSimulator/Devices/F62C37DB-AAF4-4E32-9880-D2048C689C5B/data";
    "IPHONE_SIMULATOR_ROOT" = "/Applications/Xcode.app/Contents/Developer/Platforms/iPhoneOS.platform/Developer/Library/CoreSimulator/Profiles/Runtimes/iOS.simruntime/Contents/Resources/RuntimeRoot";
    "IPHONE_TVOUT_EXTENDED_PROPERTIES" = "/Users/RaghuSandeep/Library/Developer/CoreSimulator/Devices/F62C37DB-AAF4-4E32-9880-D2048C689C5B/data/Library/Application Support/Simulator/extended_display.plist";
    "LLVM_PROFILE_FILE" = "/var/folders/qt/s3mb8zcj7j7d7nfzd3fnvk4m0000gr/T/com.NYTimes/78D215C6-F2DD-4408-8ECB-470100671D6E-50404-0000770A40B3823F/3D57280F-5A0E-4D8F-B757-AB76B56292AB-%p.profraw%15x";
    "MTC_CRASH_ON_REPORT" = 1;
    NSApplicationQuitWithoutSuddenTermination = YES;
    NSUnbufferedIO = YES;
    "OS_ACTIVITY_DT_MODE" = YES;
    PATH = "/Applications/Xcode.app/Contents/Developer/Platforms/iPhoneOS.platform/Developer/Library/CoreSimulator/Profiles/Runtimes/iOS.simruntime/Contents/Resources/RuntimeRoot/usr/bin:/Applications/Xcode.app/Contents/Developer/Platforms/iPhoneOS.platform/Developer/Library/CoreSimulator/Profiles/Runtimes/iOS.simruntime/Contents/Resources/RuntimeRoot/bin:/Applications/Xcode.app/Contents/Developer/Platforms/iPhoneOS.platform/Developer/Library/CoreSimulator/Profiles/Runtimes/iOS.simruntime/Contents/Resources/RuntimeRoot/usr/sbin:/Applications/Xcode.app/Contents/Developer/Platforms/iPhoneOS.platform/Developer/Library/CoreSimulator/Profiles/Runtimes/iOS.simruntime/Contents/Resources/RuntimeRoot/sbin:/Applications/Xcode.app/Contents/Developer/Platforms/iPhoneOS.platform/Developer/Library/CoreSimulator/Profiles/Runtimes/iOS.simruntime/Contents/Resources/RuntimeRoot/usr/local/bin";
    "RWI_LISTEN_SOCKET" = "/private/tmp/com.apple.launchd.Dy6PFTxXGm/com.apple.webinspectord_sim.socket";
    "SIMULATOR_AUDIO_DEVICES_PLIST_PATH" = "/Users/RaghuSandeep/Library/Developer/CoreSimulator/Devices/F62C37DB-AAF4-4E32-9880-D2048C689C5B/data/var/run/com.apple.coresimulator.audio.plist";
    "SIMULATOR_AUDIO_SETTINGS_PATH" = "/Users/RaghuSandeep/Library/Developer/CoreSimulator/Devices/F62C37DB-AAF4-4E32-9880-D2048C689C5B/data/var/run/simulatoraudio/audiosettings.plist";
    "SIMULATOR_BOOT_TIME" = 1534157844;
    "SIMULATOR_CAPABILITIES" = "/Applications/Xcode.app/Contents/Developer/Platforms/iPhoneOS.platform/Developer/Library/CoreSimulator/Profiles/DeviceTypes/iPhone X.simdevicetype/Contents/Resources/capabilities.plist";
    "SIMULATOR_DEVICE_NAME" = "iPhone X";
    "SIMULATOR_EXTENDED_DISPLAY_PROPERTIES" = "/Users/RaghuSandeep/Library/Developer/CoreSimulator/Devices/F62C37DB-AAF4-4E32-9880-D2048C689C5B/data/Library/Application Support/Simulator/extended_display.plist";
    "SIMULATOR_HID_SYSTEM_MANAGER" = "/Library/Developer/PrivateFrameworks/CoreSimulator.framework/Resources/Platforms/iphoneos/Library/Frameworks/SimulatorHID.framework";
    "SIMULATOR_HOST_HOME" = "/Users/RaghuSandeep";
    "SIMULATOR_LEGACY_ASSET_SUFFIX" = iphone;
    "SIMULATOR_LOG_ROOT" = "/Users/RaghuSandeep/Library/Logs/CoreSimulator/F62C37DB-AAF4-4E32-9880-D2048C689C5B";
    "SIMULATOR_MAINSCREEN_HEIGHT" = 2436;
    "SIMULATOR_MAINSCREEN_PITCH" = "458.000000";
    "SIMULATOR_MAINSCREEN_SCALE" = "3.000000";
    "SIMULATOR_MAINSCREEN_WIDTH" = 1125;
    "SIMULATOR_MEMORY_WARNINGS" = "/Users/RaghuSandeep/Library/Developer/CoreSimulator/Devices/F62C37DB-AAF4-4E32-9880-D2048C689C5B/data/var/run/memory_warning_simulation";
    "SIMULATOR_MODEL_IDENTIFIER" = "iPhone10,3";
    "SIMULATOR_PRODUCT_CLASS" = D22;
    "SIMULATOR_ROOT" = "/Applications/Xcode.app/Contents/Developer/Platforms/iPhoneOS.platform/Developer/Library/CoreSimulator/Profiles/Runtimes/iOS.simruntime/Contents/Resources/RuntimeRoot";
    "SIMULATOR_RUNTIME_BUILD_VERSION" = 15E217;
    "SIMULATOR_RUNTIME_VERSION" = "11.3";
    "SIMULATOR_SHARED_RESOURCES_DIRECTORY" = "/Users/RaghuSandeep/Library/Developer/CoreSimulator/Devices/F62C37DB-AAF4-4E32-9880-D2048C689C5B/data";
    "SIMULATOR_UDID" = "F62C37DB-AAF4-4E32-9880-D2048C689C5B";
    "SIMULATOR_VERSION_INFO" = "CoreSimulator 559.1.2 - Device: iPhone X - Runtime: iOS 11.3 (15E217) - DeviceType: iPhone X";
    "SQLITE_ENABLE_THREAD_ASSERTIONS" = 1;
    "TESTMANAGERD_SIM_SOCK" = "/private/tmp/com.apple.launchd.2QNSBHkact/com.apple.testmanagerd.unix-domain.socket";
    TMPDIR = "/Users/RaghuSandeep/Library/Developer/CoreSimulator/Devices/F62C37DB-AAF4-4E32-9880-D2048C689C5B/data/Containers/Data/Application/D7BF5D08-7A53-4AD9-96B7-2F275903EA5A/tmp";
    XCInjectBundleInto = "/Users/RaghuSandeep/Documents/NYTimes/DerivedData/NYTimes/Build/Products/Debug-iphonesimulator/NYTimes.app/NYTimes";
    "XCODE_DBG_XPC_EXCLUSIONS" = "com.apple.dt.xctestSymbolicator";
    XCTestConfigurationFilePath = "/var/folders/qt/s3mb8zcj7j7d7nfzd3fnvk4m0000gr/T/com.apple.dt.XCTest/IDETestRunSession-5EB80713-34E8-4DF6-B74D-7533C7FC8A7D/NYTimesTests-5BD7E8AF-82FF-4C20-B213-FAAD33362FA5/LaunchSessions/8C596007-7454-4475-B477-3D18D0B87637/remote-container/tmp/NYTimesTests-8C596007-7454-4475-B477-3D18D0B87637.xctestconfiguration";
    "XPC_FLAGS" = 0x0;
    "XPC_SERVICE_NAME" = "UIKitApplication:com.NYTimes[0x615b][9795]";
    "XPC_SIMULATOR_LAUNCHD_NAME" = "com.apple.CoreSimulator.SimDevice.F62C37DB-AAF4-4E32-9880-D2048C689C5B";
    "__XCODE_BUILT_PRODUCTS_DIR_PATHS" = "/Users/RaghuSandeep/Documents/NYTimes/DerivedData/NYTimes/Build/Products/Debug-iphonesimulator";
    "__XPC_DYLD_FRAMEWORK_PATH" = "/Users/RaghuSandeep/Documents/NYTimes/DerivedData/NYTimes/Build/Products/Debug-iphonesimulator";
    "__XPC_DYLD_LIBRARY_PATH" = "/Users/RaghuSandeep/Documents/NYTimes/DerivedData/NYTimes/Build/Products/Debug-iphonesimulator";
    "__XPC_LLVM_PROFILE_FILE" = "/var/folders/qt/s3mb8zcj7j7d7nfzd3fnvk4m0000gr/T/com.NYTimes/78D215C6-F2DD-4408-8ECB-470100671D6E-50404-0000770A40B3823F/3D57280F-5A0E-4D8F-B757-AB76B56292AB-%p.profraw%15x";
}
23:29:19.879 NYTimes[78009:15850938] App Sandbox active: NO
23:29:19.879 NYTimes[78009:15850938] Loading test bundle at: file:///Users/RaghuSandeep/Documents/NYTimes/DerivedData/NYTimes/Build/Products/Debug-iphonesimulator/NYTimes.app/PlugIns/NYTimesTests.xctest/
23:29:19.880 NYTimes[78009:15850938] Finished loading test bundle
23:29:19.880 NYTimes[78009:15850938] Readying IDE session
23:29:19.881 NYTimes[78009:15850938] Creating future for 'Exchange protocol versions with daemon' with timeout 15.00
23:29:19.882 NYTimes[78009:15850938] <XCTWaiter: 0x60800001a110, state: XCTWaiterStateInProgress> entering wait loop for 15.00s with expectations: (
    "Exchange protocol versions with daemon"
)
23:29:20.064 NYTimes[78009:15851517] <XCTWaiter: 0x60800001a110, state: XCTWaiterStateSucceeded>: cancelWaiting
23:29:20.064 NYTimes[78009:15850938] <XCTWaiter: 0x60800001a110, state: XCTWaiterStateSucceeded> done waiting
23:29:20.064 NYTimes[78009:15850938] <XCTWaiter: 0x60800001a110, state: XCTWaiterStateSucceeded> cleaning up Exchange protocol versions with daemon
23:29:20.064 NYTimes[78009:15850938] Got daemon protocol version 22
23:29:20.065 NYTimes[78009:15850938] Requesting IDE connection transport
23:29:20.065 NYTimes[78009:15850938] <XCTWaiter: 0x60c000014f50, state: XCTWaiterStateInProgress> entering wait loop for 60.00s with expectations: (
    "Transport for IDE session acquired"
)
23:29:20.071 NYTimes[78009:15851517] Creating transport with received transport data
23:29:20.071 NYTimes[78009:15851501] <XCTWaiter: 0x60c000014f50, state: XCTWaiterStateSucceeded>: cancelWaiting
23:29:20.072 NYTimes[78009:15850938] <XCTWaiter: 0x60c000014f50, state: XCTWaiterStateSucceeded> done waiting
Test Suite 'Selected tests' started at 2018-08-13 23:29:21.576
Test Suite 'NYTimesTests.xctest' started at 2018-08-13 23:29:21.577
Test Suite 'PopularNewsViewControllerTest' started at 2018-08-13 23:29:21.577
23:29:21.589 Xcode[50404:13834230] <IDETestOperationCoordinator: 0x7f96a4ace650>: parseConsoleOutputFromOriginalOutput: called, 236 bytes written out to StandardOutputAndStandardError
23:29:20.072 NYTimes[78009:15850938] <XCTWaiter: 0x60c000014f50, state: XCTWaiterStateSucceeded> cleaning up Transport for IDE session acquired
23:29:20.072 NYTimes[78009:15850938] Creating connection with transport <DTXFileDescriptorTransport: 0x60c0000e4b80>
23:29:20.073 NYTimes[78009:15850938] Creating the proxy channel with connection <DTXConnection 0x6040001e4400 : x1>
23:29:20.073 NYTimes[78009:15850938] Creating future for 'IDE session ready for test plan' with timeout 60.00
23:29:20.073 NYTimes[78009:15850938] Messaging IDE proxy - _XCT_testBundleReadyWithProtocolVersion:25 minimumVersion:8
23:29:20.074 NYTimes[78009:15850938] <XCTWaiter: 0x6040000184d0, state: XCTWaiterStateInProgress> entering wait loop for 60.00s with expectations: (
    "IDE session ready for test plan"
)
23:29:20.082 NYTimes[78009:15851518] _XCT_testBundleReadyWithProtocolVersion:minimumVersion: reply received
23:29:21.571 NYTimes[78009:15851517] _IDE_startExecutingTestPlanWithProtocolVersion:25
23:29:21.571 NYTimes[78009:15851501] <XCTWaiter: 0x6040000184d0, state: XCTWaiterStateSucceeded>: cancelWaiting
23:29:21.571 NYTimes[78009:15850938] <XCTWaiter: 0x6040000184d0, state: XCTWaiterStateSucceeded> done waiting
23:29:21.571 NYTimes[78009:15850938] <XCTWaiter: 0x6040000184d0, state: XCTWaiterStateSucceeded> cleaning up IDE session ready for test plan
23:29:21.596 Xcode[50404:13834230] Starting test plan, clearing initialization timeout timer.
23:29:21.575 NYTimes[78009:15850938] Loading test suite...
23:29:21.575 NYTimes[78009:15850938] Finished loading test suite, took 0.000s
23:29:21.575 NYTimes[78009:15850938] -[XCTRunnerIDESession testBundleWillStart:]
23:29:21.576 NYTimes[78009:15850938] Running suite...
23:29:21.576 NYTimes[78009:15850938] -[XCTRunnerIDESession testSuiteWillStart:]
23:29:21.598 Xcode[50404:13834230] _XCT_testSuite:Selected tests didStartAt:2018-08-13 17:59:21 +0000
23:29:21.652 Xcode[50404:15851495] (LOG ARBITER) Dumping buffered message data; 0 messages.
23:29:21.659 Xcode[50404:15851568] (LOG ARBITER) Dumping buffered message data; 0 messages.
23:29:21.659 Xcode[50404:15851568] (LOG ARBITER) Dumping buffered message data; 0 messages.
23:29:21.598 Xcode[50404:13834230] _XCT_testSuite:NYTimesTests.xctest didStartAt:2018-08-13 17:59:21 +0000
23:29:21.577 NYTimes[78009:15850938] -[XCTRunnerIDESession testSuiteWillStart:]
23:29:21.577 NYTimes[78009:15850938] -[XCTRunnerIDESession testSuiteWillStart:]
23:29:21.599 Xcode[50404:13834230] _XCT_testSuite:PopularNewsViewControllerTest didStartAt:2018-08-13 17:59:21 +0000
23:29:21.577 NYTimes[78009:15850938] -[XCTRunnerIDESession testCaseWillStart:] NYTimesTests.PopularNewsViewControllerTest testCellForAtIndexPath
23:29:21.600 Xcode[50404:13834230] _XCT_testCaseDidStartForTestClass:NYTimesTests.PopularNewsViewControllerTest method:testCellForAtIndexPath
Test Case '-[NYTimesTests.PopularNewsViewControllerTest testCellForAtIndexPath]' started.
23:29:21.643 Xcode[50404:13834230] <IDETestOperationCoordinator: 0x7f96a4ace650>: parseConsoleOutputFromOriginalOutput: called, 105 bytes written out to StandardOutputAndStandardError
23:29:21.642 NYTimes[78009:15850938] -[XCTRunnerIDESession testCaseDidFinish:]
23:29:21.652 Xcode[50404:13834230] _XCT_testCaseDidFinishForTestClass:NYTimesTests.PopularNewsViewControllerTest method:testCellForAtIndexPath withStatus:passed duration:0.06488692760467529
23:29:21.652 Xcode[50404:13834230] _XCT_testCaseDidStartForTestClass:NYTimesTests.PopularNewsViewControllerTest method:testHeightForRowAt
23:29:21.643 NYTimes[78009:15850938] -[XCTRunnerIDESession testCaseWillStart:] NYTimesTests.PopularNewsViewControllerTest testHeightForRowAt
Test Case '-[NYTimesTests.PopularNewsViewControllerTest testCellForAtIndexPath]' passed (0.065 seconds).
23:29:21.658 Xcode[50404:13834230] <IDETestOperationCoordinator: 0x7f96a4ace650>: parseConsoleOutputFromOriginalOutput: called, 86 bytes written out to StandardOutputAndStandardError
Test Case '-[NYTimesTests.PopularNewsViewControllerTest testHeightForRowAt]' started.
Test Case '-[NYTimesTests.PopularNewsViewControllerTest testHeightForRowAt]' passed (0.006 seconds).
Test Case '-[NYTimesTests.PopularNewsViewControllerTest testNumberOfRowsInSection]' started.
Test Case '-[NYTimesTests.PopularNewsViewControllerTest testNumberOfRowsInSection]' passed (0.004 seconds).
23:29:21.658 Xcode[50404:13834230] <IDETestOperationCoordinator: 0x7f96a4ace650>: parseConsoleOutputFromOriginalOutput: called, 380 bytes written out to StandardOutputAndStandardError
23:29:21.649 NYTimes[78009:15850938] -[XCTRunnerIDESession testCaseDidFinish:]
23:29:21.658 Xcode[50404:13834230] _XCT_testCaseDidFinishForTestClass:NYTimesTests.PopularNewsViewControllerTest method:testHeightForRowAt withStatus:passed duration:0.006046056747436523
23:29:21.658 Xcode[50404:13834230] _XCT_testCaseDidStartForTestClass:NYTimesTests.PopularNewsViewControllerTest method:testNumberOfRowsInSection
23:29:21.649 NYTimes[78009:15850938] -[XCTRunnerIDESession testCaseWillStart:] NYTimesTests.PopularNewsViewControllerTest testNumberOfRowsInSection
23:29:21.653 NYTimes[78009:15850938] -[XCTRunnerIDESession testCaseDidFinish:]
23:29:21.659 Xcode[50404:13834230] _XCT_testCaseDidFinishForTestClass:NYTimesTests.PopularNewsViewControllerTest method:testNumberOfRowsInSection withStatus:passed duration:0.003538012504577637
23:29:21.659 Xcode[50404:13834230] _XCT_testCaseDidStartForTestClass:NYTimesTests.PopularNewsViewControllerTest method:testupdate
23:29:21.653 NYTimes[78009:15850938] -[XCTRunnerIDESession testCaseWillStart:] NYTimesTests.PopularNewsViewControllerTest testupdate
Test Case '-[NYTimesTests.PopularNewsViewControllerTest testupdate]' started.
23:29:21.670 Xcode[50404:13834230] <IDETestOperationCoordinator: 0x7f96a4ace650>: parseConsoleOutputFromOriginalOutput: called, 182 bytes written out to StandardOutputAndStandardError
/Users/RaghuSandeep/Documents/NYTimes/NYTimesTests/PopularNewsViewControllerTest.swift:41: error: -[NYTimesTests.PopularNewsViewControllerTest testupdate] : XCTAssertFalse failed - 
23:29:21.680 Xcode[50404:13834230] <IDETestOperationCoordinator: 0x7f96a4ace650>: parseConsoleOutputFromOriginalOutput: called, 245 bytes written out to StandardOutputAndStandardError
23:29:21.667 NYTimes[78009:15850938] -[XCTRunnerIDESession testCase:didFailWithDescription:inFile:atLine:]
23:29:21.681 Xcode[50404:13834230] _XCT_testCaseDidFailForTestClass:NYTimesTests.PopularNewsViewControllerTest method:testupdate withMessage:XCTAssertFalse failed -  file:/Users/RaghuSandeep/Documents/NYTimes/NYTimesTests/PopularNewsViewControllerTest.swift line:41
23:29:21.668 NYTimes[78009:15850938] -[PopularNewsViewControllerTest testupdate] started activity <XCActivityRecord: 0x60c000094a50> 2018-08-13 17:59:21 +0000: Assertion Failure: PopularNewsViewControllerTest.swift:41: XCTAssertFalse failed - 
/Users/RaghuSandeep/Documents/NYTimes/NYTimesTests/PopularNewsViewControllerTest.swift:42: error: -[NYTimesTests.PopularNewsViewControllerTest testupdate] : XCTAssertEqual failed: ("0") is not equal to ("1") - table view shuold be reloaded once
Test Case '-[NYTimesTests.PopularNewsViewControllerTest testupdate]' failed (0.020 seconds).
Test Case '-[NYTimesTests.PopularNewsViewControllerTest testViewDidLoad]' started.
Test Case '-[NYTimesTests.PopularNewsViewControllerTest testViewDidLoad]' passed (0.004 seconds).
Test Suite 'PopularNewsViewControllerTest' failed at 2018-08-13 23:29:21.677.
	 Executed 5 tests, with 2 failures (0 unexpected) in 0.098 (0.101) seconds
Test Suite 'NYTimesTests.xctest' failed at 2018-08-13 23:29:21.678.
	 Executed 5 tests, with 2 failures (0 unexpected) in 0.098 (0.102) seconds
23:29:21.702 Xcode[50404:13834230] <IDETestOperationCoordinator: 0x7f96a4ace650>: parseConsoleOutputFromOriginalOutput: called, 711 bytes written out to StandardOutputAndStandardError
23:29:21.801 Xcode[50404:13834230] -[NYTimesTests.PopularNewsViewControllerTest testupdate] will start activity 0B36E72A-4514-4DFD-AB23-E5A3035238DE:'Assertion Failure: PopularNewsViewControllerTest.swift:41: XCTAssertFalse failed - '
23:29:21.668 NYTimes[78009:15850938] -[PopularNewsViewControllerTest testupdate] finished activity <XCActivityRecord: 0x60c000094a50> 2018-08-13 17:59:21 +0000: Assertion Failure: PopularNewsViewControllerTest.swift:41: XCTAssertFalse failed -  (0.000486016s)
23:29:21.802 Xcode[50404:13834230] -[NYTimesTests.PopularNewsViewControllerTest testupdate] did finish activity 0B36E72A-4514-4DFD-AB23-E5A3035238DE:'Assertion Failure: PopularNewsViewControllerTest.swift:41: XCTAssertFalse failed - '
23:29:21.671 NYTimes[78009:15850938] -[XCTRunnerIDESession testCase:didFailWithDescription:inFile:atLine:]
23:29:21.802 Xcode[50404:13834230] _XCT_testCaseDidFailForTestClass:NYTimesTests.PopularNewsViewControllerTest method:testupdate withMessage:XCTAssertEqual failed: ("0") is not equal to ("1") - table view shuold be reloaded once file:/Users/RaghuSandeep/Documents/NYTimes/NYTimesTests/PopularNewsViewControllerTest.swift line:42
23:29:21.672 NYTimes[78009:15850938] -[PopularNewsViewControllerTest testupdate] started activity <XCActivityRecord: 0x608000097ed0> 2018-08-13 17:59:21 +0000: Assertion Failure: PopularNewsViewControllerTest.swift:42: XCTAssertEqual failed: ("0") is not equal to ("1") - table view shuold be reloaded once
23:29:21.802 Xcode[50404:13834230] -[NYTimesTests.PopularNewsViewControllerTest testupdate] will start activity D6D27314-19A5-46DE-988E-ECCFFF7E73CD:'Assertion Failure: PopularNewsViewControllerTest.swift:42: XCTAssertEqual failed: ("0") is not equal to ("1") - table view shuold be reloaded once'
23:29:21.672 NYTimes[78009:15850938] -[PopularNewsViewControllerTest testupdate] finished activity <XCActivityRecord: 0x608000097ed0> 2018-08-13 17:59:21 +0000: Assertion Failure: PopularNewsViewControllerTest.swift:42: XCTAssertEqual failed: ("0") is not equal to ("1") - table view shuold be reloaded once (0.000349998s)
23:29:21.802 Xcode[50404:13834230] -[NYTimesTests.PopularNewsViewControllerTest testupdate] did finish activity D6D27314-19A5-46DE-988E-ECCFFF7E73CD:'Assertion Failure: PopularNewsViewControllerTest.swift:42: XCTAssertEqual failed: ("0") is not equal to ("1") - table view shuold be reloaded once'
23:29:21.673 NYTimes[78009:15850938] -[XCTRunnerIDESession testCaseDidFinish:]
23:29:21.802 Xcode[50404:13834230] _XCT_testCaseDidFinishForTestClass:NYTimesTests.PopularNewsViewControllerTest method:testupdate withStatus:failed duration:0.01971995830535889
23:29:21.802 Xcode[50404:15851496] (LOG ARBITER) Dumping buffered message data; 0 messages.
23:29:21.802 Xcode[50404:13834230] _XCT_testCaseDidStartForTestClass:NYTimesTests.PopularNewsViewControllerTest method:testViewDidLoad
23:29:21.673 NYTimes[78009:15850938] -[XCTRunnerIDESession testCaseWillStart:] NYTimesTests.PopularNewsViewControllerTest testViewDidLoad
23:29:21.677 NYTimes[78009:15850938] -[XCTRunnerIDESession testCaseDidFinish:]
23:29:21.802 Xcode[50404:13834230] _XCT_testCaseDidFinishForTestClass:NYTimesTests.PopularNewsViewControllerTest method:testViewDidLoad withStatus:passed duration:0.003802895545959473
23:29:21.677 NYTimes[78009:15850938] -[XCTRunnerIDESession testSuiteDidFinish:]
23:29:22.062 Xcode[50404:13834230] _XCT_testSuite:PopularNewsViewControllerTest didFinishAt:2018-08-13 17:59:21 +0000 runCount:5 withFailures:2 unexpected:0 testDuration:0.09799385070800781 totalDuration:0.1005510091781616
23:29:21.678 NYTimes[78009:15850938] Activity statistics for PopularNewsViewControllerTest:
23:29:21.678 NYTimes[78009:15850938] 0.00s : Other
23:29:21.678 NYTimes[78009:15850938] Total time in activities: 0.00s
23:29:21.679 NYTimes[78009:15850938] -[XCTRunnerIDESession testSuiteDidFinish:]
23:29:22.063 Xcode[50404:13834230] _XCT_testSuite:NYTimesTests.xctest didFinishAt:2018-08-13 17:59:21 +0000 runCount:5 withFailures:2 unexpected:0 testDuration:0.09799385070800781 totalDuration:0.101889967918396
23:29:21.679 NYTimes[78009:15850938] Activity statistics for NYTimesTests.xctest:
23:29:21.679 NYTimes[78009:15850938] 0.00s : Other
23:29:21.679 NYTimes[78009:15850938] Total time in activities: 0.00s
23:29:21.679 NYTimes[78009:15850938] -[XCTRunnerIDESession testSuiteDidFinish:]
23:29:22.063 Xcode[50404:13834230] _XCT_testSuite:Selected tests didFinishAt:2018-08-13 17:59:21 +0000 runCount:5 withFailures:2 unexpected:0 testDuration:0.09799385070800781 totalDuration:0.1033740043640137
23:29:21.680 NYTimes[78009:15850938] Activity statistics for Selected tests:
23:29:21.680 NYTimes[78009:15850938] 0.00s : Other
23:29:21.680 NYTimes[78009:15850938] Total time in activities: 0.00s
23:29:21.680 NYTimes[78009:15850938] Finished running suite.
23:29:22.063 Xcode[50404:13834230] -[XCTTestRunnerSession _XCT_didFinishExecutingTestPlan]_block_invoke
23:29:21.680 NYTimes[78009:15850938] -[XCTRunnerIDESession testBundleDidFinish:], Flushing connection to IDE...
23:29:21.680 NYTimes[78009:15850938] Calling completion.
23:29:21.680 NYTimes[78009:15850938] <XCTWaiter: 0x60800001a4c0, state: XCTWaiterStateInProgress> entering wait loop for 15.00s with expectations: (
    "IDE confirmed the end of session"
)
23:29:22.090 Xcode[50404:15851496] Closing socket 151 to testmanagerd for Sim iPhone X
23:29:22.181 Xcode[50404:13834230] Test process exited with exit code 1
23:29:22.211 Xcode[50404:13834230] Claim LaunchSessionClaim_0x7f9690fa7bb0 on simulator F62C37DB-AAF4-4E32-9880-D2048C689C5B was relinquished
23:29:22.211 Xcode[50404:13834230] Claim LaunchSessionClaim_0x7f9690fa7bb0 on simulator F62C37DB-AAF4-4E32-9880-D2048C689C5B was relinquished
Test Suite 'Selected tests' failed at 2018-08-13 23:29:21.679.
	 Executed 5 tests, with 2 failures (0 unexpected) in 0.098 (0.103) seconds
23:29:22.280 Xcode[50404:13834230] <IDETestOperationCoordinator: 0x7f96a4ace650>: parseConsoleOutputFromOriginalOutput: called, 0 bytes written out to StandardOutputAndStandardError
23:29:22.063 NYTimes[78009:15851593] <XCTWaiter: 0x60800001a4c0, state: XCTWaiterStateSucceeded>: cancelWaiting
23:29:22.063 NYTimes[78009:15850938] <XCTWaiter: 0x60800001a4c0, state: XCTWaiterStateSucceeded> done waiting
23:29:22.064 NYTimes[78009:15850938] <XCTWaiter: 0x60800001a4c0, state: XCTWaiterStateSucceeded> cleaning up IDE confirmed the end of session
23:29:22.281 Xcode[50404:13834230] Got death notice for pid 78009, removing from SimulatorSessionMap
23:29:22.069 testmanagerd[68976:15851532] Test process connection invalidated or interrupted, closing test session <XCTestSession: 0x7fe270500760>.
23:29:22.089 testmanagerd[68976:15851530] Closed <XCTestSession: 0x7fe270500760>, removing from (
    "<XCTestSession: 0x7fe270500760>"
)
23:29:22.089 testmanagerd[68976:15851530] Tearing down <XCTestSession: 0x7fe270500760>.
23:29:22.089 testmanagerd[68976:15851530] XCTestSession is responsible for cleaning up its socket from an XCIDESession
23:29:22.090 testmanagerd[68976:15851530] Tearing down <XCTDApplicationMonitor: 0x7fe2704b8380>.
23:29:22.090 testmanagerd[68976:15851530] Tearing down <XCTDProcessAssertionManager: 0x7fe26e706230>.
23:29:22.090 testmanagerd[68976:15851530] Session summary: 0 test sessions, 0 sessions with identifiers, 0 unidentified sessions, has control sessions
23:29:22.090 testmanagerd[68976:15851530] Control sessions: (
    "<XCIDESession: 0x7fe270000f00> (socket 5) created Monday, August 13, 2018 at 11:29:20 PM India Standard Time"
)
23:29:22.450 Xcode[50404:13834230] <IDETestOperationCoordinator: 0x7f96a4ace650> finished receiving data from <IDEConsoleAdaptor: 0x7f96b287ca20 'target' stdin: (null) 0 stdout: (null) 0 stderr: (null) 0>
23:29:22.450 Xcode[50404:13834230] <IDETestOperationCoordinator: 0x7f96a4ace650>: _considerFlushingDelegateBlockQueue - nothing to flush
23:29:22.450 Xcode[50404:13834230] _finishWithError:(null)
