Test Suite 'Selected tests' started at 2018-08-13 23:29:21.576
Test Suite 'NYTimesTests.xctest' started at 2018-08-13 23:29:21.577
Test Suite 'PopularNewsViewControllerTest' started at 2018-08-13 23:29:21.577
Test Case '-[NYTimesTests.PopularNewsViewControllerTest testCellForAtIndexPath]' started.
Test Case '-[NYTimesTests.PopularNewsViewControllerTest testCellForAtIndexPath]' passed (0.065 seconds).
Test Case '-[NYTimesTests.PopularNewsViewControllerTest testHeightForRowAt]' started.
Test Case '-[NYTimesTests.PopularNewsViewControllerTest testHeightForRowAt]' passed (0.006 seconds).
Test Case '-[NYTimesTests.PopularNewsViewControllerTest testNumberOfRowsInSection]' started.
Test Case '-[NYTimesTests.PopularNewsViewControllerTest testNumberOfRowsInSection]' passed (0.004 seconds).
Test Case '-[NYTimesTests.PopularNewsViewControllerTest testupdate]' started.
/Users/RaghuSandeep/Documents/NYTimes/NYTimesTests/PopularNewsViewControllerTest.swift:41: error: -[NYTimesTests.PopularNewsViewControllerTest testupdate] : XCTAssertFalse failed - 
/Users/RaghuSandeep/Documents/NYTimes/NYTimesTests/PopularNewsViewControllerTest.swift:42: error: -[NYTimesTests.PopularNewsViewControllerTest testupdate] : XCTAssertEqual failed: ("0") is not equal to ("1") - table view shuold be reloaded once
Test Case '-[NYTimesTests.PopularNewsViewControllerTest testupdate]' failed (0.020 seconds).
Test Case '-[NYTimesTests.PopularNewsViewControllerTest testViewDidLoad]' started.
Test Case '-[NYTimesTests.PopularNewsViewControllerTest testViewDidLoad]' passed (0.004 seconds).
Test Suite 'PopularNewsViewControllerTest' failed at 2018-08-13 23:29:21.677.
	 Executed 5 tests, with 2 failures (0 unexpected) in 0.098 (0.101) seconds
Test Suite 'NYTimesTests.xctest' failed at 2018-08-13 23:29:21.678.
	 Executed 5 tests, with 2 failures (0 unexpected) in 0.098 (0.102) seconds
Test Suite 'Selected tests' failed at 2018-08-13 23:29:21.679.
	 Executed 5 tests, with 2 failures (0 unexpected) in 0.098 (0.103) seconds
