23:30:07.843 Xcode[50404:13834230] Beginning test session NYTimesTests-E81143F2-D7BF-4741-BA18-76A1F287D538 at 2018-08-13 23:30:07.842 with Xcode 9E501 on target <DVTiPhoneSimulator: 0x7f96b7261420> {
		SimDevice: iPhone X (F62C37DB-AAF4-4E32-9880-D2048C689C5B, iOS 11.3, Booted)
} (11.3 (15E217))
23:30:07.843 Xcode[50404:13834230] Launching with Xcode.DebuggerFoundation.Launcher.LLDB
23:30:07.843 Xcode[50404:13834230] Test standard output and standard error is at /var/folders/qt/s3mb8zcj7j7d7nfzd3fnvk4m0000gr/T/com.apple.dt.XCTest/IDETestRunSession-83374410-4F90-4D6B-9901-D40B65412C1F/NYTimesTests-6C3EA59A-1BC3-4216-878A-F2331FBABB58/StandardOutputAndStandardError.txt
23:30:07.844 Xcode[50404:13834230] Simulator F62C37DB-AAF4-4E32-9880-D2048C689C5B was claimed by TestSessionClaim_IDETestRunSession-83374410-4F90-4D6B-9901-D40B65412C1F
23:30:10.894 Xcode[50404:13834230] Setting up test runner session
23:30:10.894 Xcode[50404:15852971] Sim iPhone X: Unregistering for sim device notification with token 79
23:30:10.894 Xcode[50404:15852971] Calling -[SimDevice getenv:error:] for TESTMANAGERD_SIM_SOCK
23:30:10.895 Xcode[50404:15852971] Sim iPhone X has testmanagerd socket at /private/tmp/com.apple.launchd.2QNSBHkact/com.apple.testmanagerd.unix-domain.socket
23:30:10.895 Xcode[50404:15852971] Validating test connection socket path (/private/tmp/com.apple.launchd.2QNSBHkact/com.apple.testmanagerd.unix-domain.socket)
23:30:10.895 Xcode[50404:15852971] Constructing transport for test connection socket
23:30:10.895 Xcode[50404:15852971] Connected socket 151 to testmanagerd for Sim iPhone X
23:30:10.895 Xcode[50404:15852941] Received connection for test runner session
23:30:10.895 Xcode[50404:15852941] Listening for proxy connection request from the test bundle
23:30:10.896 Xcode[50404:15852941] Initiating session with identifier: E81143F2-D7BF-4741-BA18-76A1F287D538
23:30:10.915 Xcode[50404:13834230] Launch session started.
23:30:10.952 Xcode[50404:13834230] Test runner session acquired connection.
23:30:10.952 Xcode[50404:13834230] Waiting for test process to launch.
23:30:11.700 Xcode[50404:13834230] Received Ready from iOSSimulator
23:30:11.700 Xcode[50404:13834230] Sending notification: NSConcreteNotification 0x7f96a636df30 {name = com.apple.iphonesimulator.startSession; userInfo = {
    deviceUDID = "F62C37DB-AAF4-4E32-9880-D2048C689C5B";
}}
23:30:11.700 Xcode[50404:15852971] Simulator F62C37DB-AAF4-4E32-9880-D2048C689C5B was claimed by LaunchSessionClaim_0x7f968bbe4560
23:30:11.707 Xcode[50404:15852893] Got reply to session initiation request with identifier E81143F2-D7BF-4741-BA18-76A1F287D538 (result:error): 25: (null)
23:30:11.708 Xcode[50404:13834230] Adding console adaptor <IDEConsoleAdaptor: 0x7f96bddb5700 'target' stdin: <IDEMasterPtyFileHandle: 0x7f96bddcc4b0 MasterFH: <NSConcreteFileHandle: 0x7f96952f41e0> 156 SlaveFH: <NSConcreteFileHandle: 0x7f9695218ba0> 159> 156 stdout: <IDEMasterPtyFileHandle: 0x7f96bddcc4b0 MasterFH: <NSConcreteFileHandle: 0x7f96952f41e0> 156 SlaveFH: <NSConcreteFileHandle: 0x7f9695218ba0> 159> 156 stderr: (null) 0> for test session E81143F2-D7BF-4741-BA18-76A1F287D538.
23:30:11.717 Xcode[50404:13834230] Received Ready from iOSSimulator
23:30:11.718 Xcode[50404:13834230] Sending notification: NSConcreteNotification 0x7f96a31ab550 {name = com.apple.iphonesimulator.startSession; userInfo = {
    deviceUDID = "F62C37DB-AAF4-4E32-9880-D2048C689C5B";
}}
23:30:11.718 Xcode[50404:15852940] Simulator F62C37DB-AAF4-4E32-9880-D2048C689C5B was claimed by LaunchSessionClaim_0x7f968bbe4560
23:30:11.718 Xcode[50404:15852940] F62C37DB-AAF4-4E32-9880-D2048C689C5B: Registered for sim device notification, got token 80
23:30:11.718 Xcode[50404:15852893] F62C37DB-AAF4-4E32-9880-D2048C689C5B: Unregistering for sim device notification with token 80
23:30:11.719 Xcode[50404:15852893] F62C37DB-AAF4-4E32-9880-D2048C689C5B: Installing app at path: /Users/RaghuSandeep/Documents/NYTimes/DerivedData/NYTimes/Build/Products/Debug-iphonesimulator/NYTimes.app and options: (null)
23:30:12.125 Xcode[50404:15852893] F62C37DB-AAF4-4E32-9880-D2048C689C5B: Installed app at path: /Users/RaghuSandeep/Documents/NYTimes/DerivedData/NYTimes/Build/Products/Debug-iphonesimulator/NYTimes.app and options: (null)
23:30:12.127 Xcode[50404:15852893] F62C37DB-AAF4-4E32-9880-D2048C689C5B: Launching app with identifier: com.NYTimes and options: {
    "activate_suspended" = 0;
    arguments =     (
        "-NSTreatUnknownArgumentsAsOpen",
        NO,
        "-ApplePersistenceIgnoreState",
        YES
    );
    environment =     {
        "DYLD_FRAMEWORK_PATH" = "/Users/RaghuSandeep/Documents/NYTimes/DerivedData/NYTimes/Build/Products/Debug-iphonesimulator:/Users/RaghuSandeep/Documents/NYTimes/DerivedData/NYTimes/Build/Products/Debug-iphonesimulator:/Applications/Xcode.app/Contents/Developer/Platforms/iPhoneSimulator.platform/Developer/Library/Frameworks:/Applications/Xcode.app/Contents/Developer/Platforms/iPhoneOS.platform/Developer/Library/CoreSimulator/Profiles/Runtimes/iOS.simruntime/Contents/Resources/RuntimeRoot/Developer/Library/PrivateFrameworks:/Users/RaghuSandeep/Documents/NYTimes/DerivedData/NYTimes/Build/Products/Debug-iphonesimulator:/Applications/Xcode.app/Contents/Developer/Platforms/iPhoneSimulator.platform/Developer/Library/Frameworks:/Applications/Xcode.app/Contents/Developer/Platforms/iPhoneOS.platform/Developer/Library/CoreSimulator/Profiles/Runtimes/iOS.simruntime/Contents/Resources/RuntimeRoot/Developer/Library/PrivateFrameworks";
        "DYLD_INSERT_LIBRARIES" = "/Applications/Xcode.app/Contents/Developer/Platforms/iPhoneOS.platform/Developer/Library/CoreSimulator/Profiles/Runtimes/iOS.simruntime/Contents/Resources/RuntimeRoot/Developer/Library/PrivateFrameworks/DTDDISupport.framework/libViewDebuggerSupport.dylib:/Applications/Xcode.app/Contents/Developer/Platforms/iPhoneSimulator.platform/Developer/Library/PrivateFrameworks/IDEBundleInjection.framework/IDEBundleInjection:/Applications/Xcode.app/Contents/Developer/Platforms/iPhoneOS.platform/Developer/Library/CoreSimulator/Profiles/Runtimes/iOS.simruntime/Contents/Resources/RuntimeRoot/usr/lib/libMainThreadChecker.dylib:/Applications/Xcode.app/Contents/Developer/Platforms/iPhoneSimulator.platform/Developer/Library/PrivateFrameworks/IDEBundleInjection.framework/IDEBundleInjection:/Applications/Xcode.app/Contents/Developer/Platforms/iPhoneOS.platform/Developer/Library/CoreSimulator/Profiles/Runtimes/iOS.simruntime/Contents/Resources/RuntimeRoot/usr/lib/libMainThreadChecker.dylib";
        "DYLD_LIBRARY_PATH" = "/Users/RaghuSandeep/Documents/NYTimes/DerivedData/NYTimes/Build/Products/Debug-iphonesimulator:/Users/RaghuSandeep/Documents/NYTimes/DerivedData/NYTimes/Build/Products/Debug-iphonesimulator:/Applications/Xcode.app/Contents/Developer/Platforms/iPhoneSimulator.platform/Developer/Library/Frameworks:/Applications/Xcode.app/Contents/Developer/Platforms/iPhoneOS.platform/Developer/Library/CoreSimulator/Profiles/Runtimes/iOS.simruntime/Contents/Resources/RuntimeRoot/Developer/Library/PrivateFrameworks:/Users/RaghuSandeep/Documents/NYTimes/DerivedData/NYTimes/Build/Products/Debug-iphonesimulator:/Applications/Xcode.app/Contents/Developer/Platforms/iPhoneSimulator.platform/Developer/Library/Frameworks:/Applications/Xcode.app/Contents/Developer/Platforms/iPhoneOS.platform/Developer/Library/CoreSimulator/Profiles/Runtimes/iOS.simruntime/Contents/Resources/RuntimeRoot/Developer/Library/PrivateFrameworks";
        "LLVM_PROFILE_FILE" = "/var/folders/qt/s3mb8zcj7j7d7nfzd3fnvk4m0000gr/T/com.NYTimes/E650645B-1C00-4274-9712-FFB5D4309028-50404-0000771D6D53BE11/83B59BE6-12C3-4D35-A049-3068343B0168-%p.profraw%15x";
        "MTC_CRASH_ON_REPORT" = 1;
        NSApplicationQuitWithoutSuddenTermination = YES;
        NSUnbufferedIO = YES;
        "OS_ACTIVITY_DT_MODE" = YES;
        "SQLITE_ENABLE_THREAD_ASSERTIONS" = 1;
        XCInjectBundleInto = "/Users/RaghuSandeep/Documents/NYTimes/DerivedData/NYTimes/Build/Products/Debug-iphonesimulator/NYTimes.app/NYTimes";
        "XCODE_DBG_XPC_EXCLUSIONS" = "com.apple.dt.xctestSymbolicator";
        XCTestConfigurationFilePath = "/var/folders/qt/s3mb8zcj7j7d7nfzd3fnvk4m0000gr/T/com.apple.dt.XCTest/IDETestRunSession-83374410-4F90-4D6B-9901-D40B65412C1F/NYTimesTests-6C3EA59A-1BC3-4216-878A-F2331FBABB58/LaunchSessions/E81143F2-D7BF-4741-BA18-76A1F287D538/remote-container/tmp/NYTimesTests-E81143F2-D7BF-4741-BA18-76A1F287D538.xctestconfiguration";
        "__XCODE_BUILT_PRODUCTS_DIR_PATHS" = "/Users/RaghuSandeep/Documents/NYTimes/DerivedData/NYTimes/Build/Products/Debug-iphonesimulator";
        "__XPC_DYLD_FRAMEWORK_PATH" = "/Users/RaghuSandeep/Documents/NYTimes/DerivedData/NYTimes/Build/Products/Debug-iphonesimulator";
        "__XPC_DYLD_LIBRARY_PATH" = "/Users/RaghuSandeep/Documents/NYTimes/DerivedData/NYTimes/Build/Products/Debug-iphonesimulator";
        "__XPC_LLVM_PROFILE_FILE" = "/var/folders/qt/s3mb8zcj7j7d7nfzd3fnvk4m0000gr/T/com.NYTimes/E650645B-1C00-4274-9712-FFB5D4309028-50404-0000771D6D53BE11/83B59BE6-12C3-4D35-A049-3068343B0168-%p.profraw%15x";
    };
    stderr = "/dev/ttys005";
    stdout = "/dev/ttys005";
    "wait_for_debugger" = 1;
}
23:30:14.451 Xcode[50404:15852971] F62C37DB-AAF4-4E32-9880-D2048C689C5B: Launched app with identifier: com.NYTimes (pid = 78307)
23:30:14.452 Xcode[50404:15852971] Tracking pid 78307 for simulator <DVTiPhoneSimulator: 0x7f96b7261420> {
		SimDevice: iPhone X (F62C37DB-AAF4-4E32-9880-D2048C689C5B, iOS 11.3, Booted)
}
23:30:14.452 Xcode[50404:15852971] Checking to see if pid 78307 is valid: kill(pid, 0) = 0 (YES, it's still running)
23:30:14.452 Xcode[50404:15852971] Setting up DVTTaskNotifyOnProcDeath for pid 78307
23:30:14.452 Xcode[50404:13834230] Test process runnable PID is 78307.
23:30:15.079 Xcode[50404:13834230] Waiting for test process to check in..., will wait up to 120s
23:30:16.080 Xcode[50404:15852962] Handling proxy channel request from test runner
23:30:16.080 Xcode[50404:15852962] Test runner is ready, running protocol 25, requires at least version 8. Control framework is running 25 and requires at least 8
23:30:16.080 Xcode[50404:13834230] Test runner session successfully initiated.
23:30:16.080 Xcode[50404:13834230] Creating the daemon control session.
23:30:16.081 Xcode[50404:13834230] Whitelisting test process ID 78307
23:30:16.081 Xcode[50404:15852941] Sim iPhone X: Unregistering for sim device notification with token 81
23:30:16.081 Xcode[50404:13834230] Got authorization request for pid 78307
23:30:16.081 Xcode[50404:15852941] Calling -[SimDevice getenv:error:] for TESTMANAGERD_SIM_SOCK
23:30:16.082 Xcode[50404:15852941] Sim iPhone X has testmanagerd socket at /private/tmp/com.apple.launchd.2QNSBHkact/com.apple.testmanagerd.unix-domain.socket
23:30:16.082 Xcode[50404:15852941] Validating test connection socket path (/private/tmp/com.apple.launchd.2QNSBHkact/com.apple.testmanagerd.unix-domain.socket)
23:30:16.082 Xcode[50404:15852941] Constructing transport for test connection socket
23:30:16.082 Xcode[50404:15852941] Connected socket 172 to testmanagerd for Sim iPhone X
23:30:16.083 Xcode[50404:15852973] Requesting authorization for pid 78307
23:30:16.096 Xcode[50404:15852962] Got reply to authorization request for pid 78307 (result:error): 25: (null)
23:30:16.096 Xcode[50404:13834230] Got whitelisting response from test daemon. Success: 1
23:30:16.096 Xcode[50404:13834230] Registering/updating daemon-based crash report observer for process names (
    XCTRunner,
    NYTimes,
    xctest
), report directories: (
    "/Users/RaghuSandeep/Library/Logs/DiagnosticReports",
    "/Library/Logs/DiagnosticReports"
).
23:29:22.489 testmanagerd[68976:15851532] XCIDESession is responsible for cleaning up its socket
23:29:22.489 testmanagerd[68976:15851530] -[XCTDaemon closeIDESession:]_block_invoke <XCIDESession: 0x7fe270000f00> (socket 5) created Monday, August 13, 2018 at 11:29:20 PM India Standard Time
23:29:22.740 testmanagerd[68976:15851530] Tearing down <XCIDESession: 0x7fe270000f00> (socket 5) created Monday, August 13, 2018 at 11:29:20 PM India Standard Time.
23:29:22.740 testmanagerd[68976:15851530] Control session closed, will disconnect from matching testing client.
23:29:22.740 testmanagerd[68976:15851530] Session summary: 0 test sessions, 0 sessions with identifiers, 0 unidentified sessions, does not have control sessions
23:30:10.895 testmanagerd[68976:15850687] IDE connected over socket 4 (-[XCTestManagerIDEServer listenForControlConnectionsOverNamedSocket]_block_invoke)
23:30:10.896 testmanagerd[68976:15850687] Created session with socket 4
23:30:10.898 testmanagerd[68976:15851538] Handled a proxy request from the IDE with session <XCIDESession: 0x7fe270200530> (socket 4) created Monday, August 13, 2018 at 11:30:10 PM India Standard Time proxy <_DTXProxy: 0x7fe2702080b0>
23:30:10.897 testmanagerd[68976:15850687] Adding <XCIDESession: 0x7fe270200530> (socket 4) created Monday, August 13, 2018 at 11:30:10 PM India Standard Time to the set of unidentified IDE sessions
23:30:11.704 testmanagerd[68976:15754479] -[XCIDESession _IDE_initiateSessionWithIdentifier:forClient:atPath:protocolVersion:]_block_invoke E81143F2-D7BF-4741-BA18-76A1F287D538 1 4 from client C4809F4F-610D-403F-BDBB-1E96493AAAC1-50404-000060C2D1055F8A (/Applications/Xcode.app)
23:30:11.705 testmanagerd[68976:15754479] -[XCIDESession _IDE_initiateSessionWithIdentifier:forClient:atPath:protocolVersion:]_block_invoke E81143F2-D7BF-4741-BA18-76A1F287D538 Replied with protocol version 25
23:30:11.706 testmanagerd[68976:15851538] -[XCTDaemon setIDESession:forIdentifier:]_block_invoke <XCIDESession: 0x7fe270200530> (socket 4) created Monday, August 13, 2018 at 11:30:10 PM India Standard Time for client C4809F4F-610D-403F-BDBB-1E96493AAAC1-50404-000060C2D1055F8A waiting to pair with test session E81143F2-D7BF-4741-BA18-76A1F287D538 -> E81143F2-D7BF-4741-BA18-76A1F287D538
23:30:15.994 testmanagerd[68976:15851538] Received new test session connection from process with PID 78307
23:30:16.073 testmanagerd[68976:15851538] Looking up app info for pid 78307
23:30:16.074 testmanagerd[68976:15850687] Got app info for pid 78307: {
    BKSApplicationStateAppIsFrontmost = 1;
    BKSApplicationStateExtensionKey = 0;
    SBApplicationStateDisplayIDKey = "com.NYTimes";
    SBApplicationStateKey = 8;
    SBApplicationStateProcessIDKey = 78307;
    SBApplicationStateRunningReasonsKey =     (
                {
            SBApplicationStateRunningReasonAssertionIdentifierKey = Resume;
            SBApplicationStateRunningReasonAssertionReasonKey = 10000;
        }
    );
    SBMostElevatedStateForProcessID = 8;
}
23:30:16.075 testmanagerd[68976:15853109] Test session E81143F2-D7BF-4741-BA18-76A1F287D538 requested transport for IDE (-[XCTestSession _XCT_requestSerializedTransportWrapperForIDESessionWithIdentifier:reply:])
23:30:16.075 testmanagerd[68976:15850687] Got request for process assertion for pid 78307.
23:30:16.075 testmanagerd[68976:15851538] Test session E81143F2-D7BF-4741-BA18-76A1F287D538 requested serialized transport (-[XCTDaemon requestSerializedTransportForSessionIdentifier:reply:]_block_invoke)
23:30:16.075 testmanagerd[68976:15851538] Initiating serialized transport handoff from IDE connection to test host.
23:30:16.075 testmanagerd[68976:15851538] -[XCIDESession closeConnectionAndHandOffTransportWithCompletionHandler:] sending barrier
23:30:16.075 testmanagerd[68976:15850687] Created process assertion for pid 78307: <BKSProcessAssertion: 0x7fe270100400>, waiting for response from assertiond.
23:30:16.075 testmanagerd[68976:15853111] Barrier flushed. Cancelling connection. Socket will not be closed
23:30:16.076 testmanagerd[68976:15850687] Starting to monitor com.NYTimes
23:30:16.076 testmanagerd[68976:15850687] DTXSocketTransport for socket 4 disconnected, owner is <XCIDESession: 0x7fe270200530> (socket 4) created Monday, August 13, 2018 at 11:30:10 PM India Standard Time for client C4809F4F-610D-403F-BDBB-1E96493AAAC1-50404-000060C2D1055F8A waiting to pair with test session E81143F2-D7BF-4741-BA18-76A1F287D538
23:30:16.076 testmanagerd[68976:15853424] -[XCTDaemon closeIDESession:]_block_invoke <XCIDESession: 0x7fe270200530> (socket 4) created Monday, August 13, 2018 at 11:30:10 PM India Standard Time for client C4809F4F-610D-403F-BDBB-1E96493AAAC1-50404-000060C2D1055F8A waiting to pair with test session E81143F2-D7BF-4741-BA18-76A1F287D538
23:30:16.076 testmanagerd[68976:15853111] Got application state update: com.NYTimes (78307) -> 8
23:30:16.076 testmanagerd[68976:15853424] Tearing down <XCIDESession: 0x7fe270200530> (socket 4) created Monday, August 13, 2018 at 11:30:10 PM India Standard Time for client C4809F4F-610D-403F-BDBB-1E96493AAAC1-50404-000060C2D1055F8A waiting to pair with test session E81143F2-D7BF-4741-BA18-76A1F287D538.
23:30:16.076 testmanagerd[68976:15853424] Session summary: 1 test sessions, 0 sessions with identifiers, 0 unidentified sessions, does not have control sessions
23:30:16.076 testmanagerd[68976:15853111] <XCTestSession: 0x7fe270201be0> -[XCTestSession applicationWithBundleID:didUpdatePID:andState:] com.NYTimes 78307 8
23:30:16.091 testmanagerd[68976:15851538] IDE connected over socket 5 (-[XCTestManagerIDEServer listenForControlConnectionsOverNamedSocket]_block_invoke)
23:30:16.092 testmanagerd[68976:15851538] Created session with socket 5
23:30:16.108 Xcode[50404:13834230] Telling test runner to start executing tests.
23:30:16.093 testmanagerd[68976:15853111] Adding <XCIDESession: 0x7fe270400140> (socket 5) created Monday, August 13, 2018 at 11:30:16 PM India Standard Time to the set of unidentified IDE sessions
23:30:16.094 testmanagerd[68976:15853109] Got reply for process assertion request, success: YES
23:30:16.094 testmanagerd[68976:15853109] Got reply for process assertion request, success: YES
23:30:16.094 testmanagerd[68976:15853110] Handled a proxy request from the IDE with session <XCIDESession: 0x7fe270400140> (socket 5) created Monday, August 13, 2018 at 11:30:16 PM India Standard Time proxy <_DTXProxy: 0x7fe2701012a0>
23:30:15.990 NYTimes[78307:15853356] Linked XCTest.framework from /Applications/Xcode.app/Contents/Developer/Platforms/iPhoneSimulator.platform/Developer/Library/Frameworks/XCTest.framework/XCTest, built with Xcode 0930(9E499), modified on Wednesday, May 2, 2018 at 8:06:59 AM India Standard Time
XCTest.framework bundle version: 14099
23:30:16.095 testmanagerd[68976:15853110] -[XCIDESession _IDE_initiateControlSessionForTestProcessID:protocolVersion:] 78307 25
23:30:15.991 NYTimes[78307:15853356] System uptime: 7:02:51
23:30:15.991 NYTimes[78307:15853356] Process arguments: (
    "/Users/RaghuSandeep/Library/Developer/CoreSimulator/Devices/F62C37DB-AAF4-4E32-9880-D2048C689C5B/data/Containers/Bundle/Application/5215F98C-289D-4AB5-9977-1053F5C85751/NYTimes.app/NYTimes",
    "-NSTreatUnknownArgumentsAsOpen",
    NO,
    "-ApplePersistenceIgnoreState",
    YES
)
23:30:15.991 NYTimes[78307:15853356] Process environment: {
    "CFFIXED_USER_HOME" = "/Users/RaghuSandeep/Library/Developer/CoreSimulator/Devices/F62C37DB-AAF4-4E32-9880-D2048C689C5B/data/Containers/Data/Application/ED2B6BD2-ADFE-4038-B604-D6F485066945";
    CLASSIC = 0;
    "CUPS_SERVER" = "/private/tmp/com.apple.launchd.btVVM8yFwF/Listeners";
    "DYLD_FALLBACK_FRAMEWORK_PATH" = "/Applications/Xcode.app/Contents/Developer/Platforms/iPhoneOS.platform/Developer/Library/CoreSimulator/Profiles/Runtimes/iOS.simruntime/Contents/Resources/RuntimeRoot/System/Library/Frameworks";
    "DYLD_FALLBACK_LIBRARY_PATH" = "/Applications/Xcode.app/Contents/Developer/Platforms/iPhoneOS.platform/Developer/Library/CoreSimulator/Profiles/Runtimes/iOS.simruntime/Contents/Resources/RuntimeRoot/usr/lib";
    "DYLD_FRAMEWORK_PATH" = "/Users/RaghuSandeep/Documents/NYTimes/DerivedData/NYTimes/Build/Products/Debug-iphonesimulator:/Users/RaghuSandeep/Documents/NYTimes/DerivedData/NYTimes/Build/Products/Debug-iphonesimulator:/Applications/Xcode.app/Contents/Developer/Platforms/iPhoneSimulator.platform/Developer/Library/Frameworks:/Applications/Xcode.app/Contents/Developer/Platforms/iPhoneOS.platform/Developer/Library/CoreSimulator/Profiles/Runtimes/iOS.simruntime/Contents/Resources/RuntimeRoot/Developer/Library/PrivateFrameworks:/Users/RaghuSandeep/Documents/NYTimes/DerivedData/NYTimes/Build/Products/Debug-iphonesimulator:/Applications/Xcode.app/Contents/Developer/Platforms/iPhoneSimulator.platform/Developer/Library/Frameworks:/Applications/Xcode.app/Contents/Developer/Platforms/iPhoneOS.platform/Developer/Library/CoreSimulator/Profiles/Runtimes/iOS.simruntime/Contents/Resources/RuntimeRoot/Developer/Library/PrivateFrameworks";
    "DYLD_LIBRARY_PATH" = "/Users/RaghuSandeep/Documents/NYTimes/DerivedData/NYTimes/Build/Products/Debug-iphonesimulator:/Users/RaghuSandeep/Documents/NYTimes/DerivedData/NYTimes/Build/Products/Debug-iphonesimulator:/Applications/Xcode.app/Contents/Developer/Platforms/iPhoneSimulator.platform/Developer/Library/Frameworks:/Applications/Xcode.app/Contents/Developer/Platforms/iPhoneOS.platform/Developer/Library/CoreSimulator/Profiles/Runtimes/iOS.simruntime/Contents/Resources/RuntimeRoot/Developer/Library/PrivateFrameworks:/Users/RaghuSandeep/Documents/NYTimes/DerivedData/NYTimes/Build/Products/Debug-iphonesimulator:/Applications/Xcode.app/Contents/Developer/Platforms/iPhoneSimulator.platform/Developer/Library/Frameworks:/Applications/Xcode.app/Contents/Developer/Platforms/iPhoneOS.platform/Developer/Library/CoreSimulator/Profiles/Runtimes/iOS.simruntime/Contents/Resources/RuntimeRoot/Developer/Library/PrivateFrameworks";
    "DYLD_ROOT_PATH" = "/Applications/Xcode.app/Contents/Developer/Platforms/iPhoneOS.platform/Developer/Library/CoreSimulator/Profiles/Runtimes/iOS.simruntime/Contents/Resources/RuntimeRoot";
    HOME = "/Users/RaghuSandeep/Library/Developer/CoreSimulator/Devices/F62C37DB-AAF4-4E32-9880-D2048C689C5B/data/Containers/Data/Application/ED2B6BD2-ADFE-4038-B604-D6F485066945";
    "IOS_SIMULATOR_SYSLOG_SOCKET" = "/private/tmp/com.apple.CoreSimulator.SimDevice.F62C37DB-AAF4-4E32-9880-D2048C689C5B/syslogsock";
    "IPHONE_SHARED_RESOURCES_DIRECTORY" = "/Users/RaghuSandeep/Library/Developer/CoreSimulator/Devices/F62C37DB-AAF4-4E32-9880-D2048C689C5B/data";
    "IPHONE_SIMULATOR_ROOT" = "/Applications/Xcode.app/Contents/Developer/Platforms/iPhoneOS.platform/Developer/Library/CoreSimulator/Profiles/Runtimes/iOS.simruntime/Contents/Resources/RuntimeRoot";
    "IPHONE_TVOUT_EXTENDED_PROPERTIES" = "/Users/RaghuSandeep/Library/Developer/CoreSimulator/Devices/F62C37DB-AAF4-4E32-9880-D2048C689C5B/data/Library/Application Support/Simulator/extended_display.plist";
    "LLVM_PROFILE_FILE" = "/var/folders/qt/s3mb8zcj7j7d7nfzd3fnvk4m0000gr/T/com.NYTimes/E650645B-1C00-4274-9712-FFB5D4309028-50404-0000771D6D53BE11/83B59BE6-12C3-4D35-A049-3068343B0168-%p.profraw%15x";
    "MTC_CRASH_ON_REPORT" = 1;
    NSApplicationQuitWithoutSuddenTermination = YES;
    NSUnbufferedIO = YES;
    "OS_ACTIVITY_DT_MODE" = YES;
    PATH = "/Applications/Xcode.app/Contents/Developer/Platforms/iPhoneOS.platform/Developer/Library/CoreSimulator/Profiles/Runtimes/iOS.simruntime/Contents/Resources/RuntimeRoot/usr/bin:/Applications/Xcode.app/Contents/Developer/Platforms/iPhoneOS.platform/Developer/Library/CoreSimulator/Profiles/Runtimes/iOS.simruntime/Contents/Resources/RuntimeRoot/bin:/Applications/Xcode.app/Contents/Developer/Platforms/iPhoneOS.platform/Developer/Library/CoreSimulator/Profiles/Runtimes/iOS.simruntime/Contents/Resources/RuntimeRoot/usr/sbin:/Applications/Xcode.app/Contents/Developer/Platforms/iPhoneOS.platform/Developer/Library/CoreSimulator/Profiles/Runtimes/iOS.simruntime/Contents/Resources/RuntimeRoot/sbin:/Applications/Xcode.app/Contents/Developer/Platforms/iPhoneOS.platform/Developer/Library/CoreSimulator/Profiles/Runtimes/iOS.simruntime/Contents/Resources/RuntimeRoot/usr/local/bin";
    "RWI_LISTEN_SOCKET" = "/private/tmp/com.apple.launchd.Dy6PFTxXGm/com.apple.webinspectord_sim.socket";
    "SIMULATOR_AUDIO_DEVICES_PLIST_PATH" = "/Users/RaghuSandeep/Library/Developer/CoreSimulator/Devices/F62C37DB-AAF4-4E32-9880-D2048C689C5B/data/var/run/com.apple.coresimulator.audio.plist";
    "SIMULATOR_AUDIO_SETTINGS_PATH" = "/Users/RaghuSandeep/Library/Developer/CoreSimulator/Devices/F62C37DB-AAF4-4E32-9880-D2048C689C5B/data/var/run/simulatoraudio/audiosettings.plist";
    "SIMULATOR_BOOT_TIME" = 1534157844;
    "SIMULATOR_CAPABILITIES" = "/Applications/Xcode.app/Contents/Developer/Platforms/iPhoneOS.platform/Developer/Library/CoreSimulator/Profiles/DeviceTypes/iPhone X.simdevicetype/Contents/Resources/capabilities.plist";
    "SIMULATOR_DEVICE_NAME" = "iPhone X";
    "SIMULATOR_EXTENDED_DISPLAY_PROPERTIES" = "/Users/RaghuSandeep/Library/Developer/CoreSimulator/Devices/F62C37DB-AAF4-4E32-9880-D2048C689C5B/data/Library/Application Support/Simulator/extended_display.plist";
    "SIMULATOR_HID_SYSTEM_MANAGER" = "/Library/Developer/PrivateFrameworks/CoreSimulator.framework/Resources/Platforms/iphoneos/Library/Frameworks/SimulatorHID.framework";
    "SIMULATOR_HOST_HOME" = "/Users/RaghuSandeep";
    "SIMULATOR_LEGACY_ASSET_SUFFIX" = iphone;
    "SIMULATOR_LOG_ROOT" = "/Users/RaghuSandeep/Library/Logs/CoreSimulator/F62C37DB-AAF4-4E32-9880-D2048C689C5B";
    "SIMULATOR_MAINSCREEN_HEIGHT" = 2436;
    "SIMULATOR_MAINSCREEN_PITCH" = "458.000000";
    "SIMULATOR_MAINSCREEN_SCALE" = "3.000000";
    "SIMULATOR_MAINSCREEN_WIDTH" = 1125;
    "SIMULATOR_MEMORY_WARNINGS" = "/Users/RaghuSandeep/Library/Developer/CoreSimulator/Devices/F62C37DB-AAF4-4E32-9880-D2048C689C5B/data/var/run/memory_warning_simulation";
    "SIMULATOR_MODEL_IDENTIFIER" = "iPhone10,3";
    "SIMULATOR_PRODUCT_CLASS" = D22;
    "SIMULATOR_ROOT" = "/Applications/Xcode.app/Contents/Developer/Platforms/iPhoneOS.platform/Developer/Library/CoreSimulator/Profiles/Runtimes/iOS.simruntime/Contents/Resources/RuntimeRoot";
    "SIMULATOR_RUNTIME_BUILD_VERSION" = 15E217;
    "SIMULATOR_RUNTIME_VERSION" = "11.3";
    "SIMULATOR_SHARED_RESOURCES_DIRECTORY" = "/Users/RaghuSandeep/Library/Developer/CoreSimulator/Devices/F62C37DB-AAF4-4E32-9880-D2048C689C5B/data";
    "SIMULATOR_UDID" = "F62C37DB-AAF4-4E32-9880-D2048C689C5B";
    "SIMULATOR_VERSION_INFO" = "CoreSimulator 559.1.2 - Device: iPhone X - Runtime: iOS 11.3 (15E217) - DeviceType: iPhone X";
    "SQLITE_ENABLE_THREAD_ASSERTIONS" = 1;
    "TESTMANAGERD_SIM_SOCK" = "/private/tmp/com.apple.launchd.2QNSBHkact/com.apple.testmanagerd.unix-domain.socket";
    TMPDIR = "/Users/RaghuSandeep/Library/Developer/CoreSimulator/Devices/F62C37DB-AAF4-4E32-9880-D2048C689C5B/data/Containers/Data/Application/ED2B6BD2-ADFE-4038-B604-D6F485066945/tmp";
    XCInjectBundleInto = "/Users/RaghuSandeep/Documents/NYTimes/DerivedData/NYTimes/Build/Products/Debug-iphonesimulator/NYTimes.app/NYTimes";
    "XCODE_DBG_XPC_EXCLUSIONS" = "com.apple.dt.xctestSymbolicator";
    XCTestConfigurationFilePath = "/var/folders/qt/s3mb8zcj7j7d7nfzd3fnvk4m0000gr/T/com.apple.dt.XCTest/IDETestRunSession-83374410-4F90-4D6B-9901-D40B65412C1F/NYTimesTests-6C3EA59A-1BC3-4216-878A-F2331FBABB58/LaunchSessions/E81143F2-D7BF-4741-BA18-76A1F287D538/remote-container/tmp/NYTimesTests-E81143F2-D7BF-4741-BA18-76A1F287D538.xctestconfiguration";
    "XPC_FLAGS" = 0x0;
    "XPC_SERVICE_NAME" = "UIKitApplication:com.NYTimes[0x4585][9795]";
    "XPC_SIMULATOR_LAUNCHD_NAME" = "com.apple.CoreSimulator.SimDevice.F62C37DB-AAF4-4E32-9880-D2048C689C5B";
    "__XCODE_BUILT_PRODUCTS_DIR_PATHS" = "/Users/RaghuSandeep/Documents/NYTimes/DerivedData/NYTimes/Build/Products/Debug-iphonesimulator";
    "__XPC_DYLD_FRAMEWORK_PATH" = "/Users/RaghuSandeep/Documents/NYTimes/DerivedData/NYTimes/Build/Products/Debug-iphonesimulator";
    "__XPC_DYLD_LIBRARY_PATH" = "/Users/RaghuSandeep/Documents/NYTimes/DerivedData/NYTimes/Build/Products/Debug-iphonesimulator";
    "__XPC_LLVM_PROFILE_FILE" = "/var/folders/qt/s3mb8zcj7j7d7nfzd3fnvk4m0000gr/T/com.NYTimes/E650645B-1C00-4274-9712-FFB5D4309028-50404-0000771D6D53BE11/83B59BE6-12C3-4D35-A049-3068343B0168-%p.profraw%15x";
}
23:30:15.992 NYTimes[78307:15853356] App Sandbox active: NO
23:30:15.992 NYTimes[78307:15853356] Loading test bundle at: file:///Users/RaghuSandeep/Documents/NYTimes/DerivedData/NYTimes/Build/Products/Debug-iphonesimulator/NYTimes.app/PlugIns/NYTimesTests.xctest/
23:30:15.992 NYTimes[78307:15853356] Finished loading test bundle
23:30:15.992 NYTimes[78307:15853356] Readying IDE session
23:30:15.993 NYTimes[78307:15853356] Creating future for 'Exchange protocol versions with daemon' with timeout 15.00
23:30:15.994 NYTimes[78307:15853356] <XCTWaiter: 0x60000001b670, state: XCTWaiterStateInProgress> entering wait loop for 15.00s with expectations: (
    "Exchange protocol versions with daemon"
)
23:30:16.074 NYTimes[78307:15853413] <XCTWaiter: 0x60000001b670, state: XCTWaiterStateSucceeded>: cancelWaiting
23:30:16.074 NYTimes[78307:15853356] <XCTWaiter: 0x60000001b670, state: XCTWaiterStateSucceeded> done waiting
23:30:16.074 NYTimes[78307:15853356] <XCTWaiter: 0x60000001b670, state: XCTWaiterStateSucceeded> cleaning up Exchange protocol versions with daemon
23:30:16.075 NYTimes[78307:15853356] Got daemon protocol version 22
23:30:16.075 NYTimes[78307:15853356] Requesting IDE connection transport
23:30:16.075 NYTimes[78307:15853356] <XCTWaiter: 0x60c0000112c0, state: XCTWaiterStateInProgress> entering wait loop for 60.00s with expectations: (
    "Transport for IDE session acquired"
)
23:30:16.076 NYTimes[78307:15853415] Creating transport with received transport data
23:30:16.076 NYTimes[78307:15853413] <XCTWaiter: 0x60c0000112c0, state: XCTWaiterStateSucceeded>: cancelWaiting
23:30:16.077 NYTimes[78307:15853356] <XCTWaiter: 0x60c0000112c0, state: XCTWaiterStateSucceeded> done waiting
23:30:16.077 NYTimes[78307:15853356] <XCTWaiter: 0x60c0000112c0, state: XCTWaiterStateSucceeded> cleaning up Transport for IDE session acquired
23:30:16.077 NYTimes[78307:15853356] Creating connection with transport <DTXFileDescriptorTransport: 0x6000000e5e80>
23:30:16.078 NYTimes[78307:15853356] Creating the proxy channel with connection <DTXConnection 0x6000001e5c00 : x1>
23:30:16.079 NYTimes[78307:15853356] Creating future for 'IDE session ready for test plan' with timeout 60.00
23:30:16.079 NYTimes[78307:15853356] Messaging IDE proxy - _XCT_testBundleReadyWithProtocolVersion:25 minimumVersion:8
23:30:16.080 NYTimes[78307:15853356] <XCTWaiter: 0x60000001b6e0, state: XCTWaiterStateInProgress> entering wait loop for 60.00s with expectations: (
    "IDE session ready for test plan"
)
23:30:16.081 NYTimes[78307:15853413] _XCT_testBundleReadyWithProtocolVersion:minimumVersion: reply received
23:30:16.108 NYTimes[78307:15853413] _IDE_startExecutingTestPlanWithProtocolVersion:25
23:30:16.109 NYTimes[78307:15853415] <XCTWaiter: 0x60000001b6e0, state: XCTWaiterStateSucceeded>: cancelWaiting
23:30:16.109 NYTimes[78307:15853356] <XCTWaiter: 0x60000001b6e0, state: XCTWaiterStateSucceeded> done waiting
23:30:16.109 NYTimes[78307:15853356] <XCTWaiter: 0x60000001b6e0, state: XCTWaiterStateSucceeded> cleaning up IDE session ready for test plan
23:30:16.095 testmanagerd[68976:15754479] Adding control session <XCIDESession: 0x7fe270400140> (socket 5) created Monday, August 13, 2018 at 11:30:16 PM India Standard Time with protocol version 25
23:30:16.114 Xcode[50404:13834230] Starting test plan, clearing initialization timeout timer.
23:30:16.114 NYTimes[78307:15853356] Loading test suite...
23:30:16.114 NYTimes[78307:15853356] Finished loading test suite, took 0.000s
23:30:16.114 NYTimes[78307:15853356] -[XCTRunnerIDESession testBundleWillStart:]
23:30:16.115 NYTimes[78307:15853356] Running suite...
23:30:16.115 NYTimes[78307:15853356] -[XCTRunnerIDESession testSuiteWillStart:]
23:30:16.097 testmanagerd[68976:15754479] Received request to collect crash reports in directories '/Users/RaghuSandeep/Library/Logs/DiagnosticReports', '/Library/Logs/DiagnosticReports' for processes with names 'XCTRunner', 'NYTimes', 'xctest'
23:30:16.097 testmanagerd[68976:15754479] Initializing crash report observer for /Users/RaghuSandeep/Library/Logs/DiagnosticReports
23:30:16.098 testmanagerd[68976:15754479] Getting files in /Users/RaghuSandeep/Library/Logs/DiagnosticReports
23:30:16.117 Xcode[50404:13834230] <IDETestOperationCoordinator: 0x7f96a4669f10>: parseConsoleOutputFromOriginalOutput: called, 63 bytes written out to StandardOutputAndStandardError
23:30:16.106 testmanagerd[68976:15754479] Found 1693 files in /Users/RaghuSandeep/Library/Logs/DiagnosticReports
23:30:16.117 Xcode[50404:13834230] _XCT_testSuite:Selected tests didStartAt:2018-08-13 18:00:16 +0000
23:30:16.117 Xcode[50404:15852973] (LOG ARBITER) Rotating message buffer with 1 messages.
23:30:16.106 testmanagerd[68976:15754479] Started monitoring /Users/RaghuSandeep/Library/Logs/DiagnosticReports
Test Suite 'Selected tests' started at 2018-08-13 23:30:16.115
23:30:16.118 Xcode[50404:13834230] <IDETestOperationCoordinator: 0x7f96a4669f10>: parseConsoleOutputFromOriginalOutput: called, 68 bytes written out to StandardOutputAndStandardError
23:30:16.117 NYTimes[78307:15853356] -[XCTRunnerIDESession testSuiteWillStart:]
23:30:16.118 Xcode[50404:13834230] _XCT_testSuite:NYTimesTests.xctest didStartAt:2018-08-13 18:00:16 +0000
23:30:16.117 NYTimes[78307:15853356] -[XCTRunnerIDESession testSuiteWillStart:]
Test Suite 'NYTimesTests.xctest' started at 2018-08-13 23:30:16.117
Test Suite 'PopularNewsViewControllerTest' started at 2018-08-13 23:30:16.117
23:30:16.118 Xcode[50404:13834230] <IDETestOperationCoordinator: 0x7f96a4669f10>: parseConsoleOutputFromOriginalOutput: called, 156 bytes written out to StandardOutputAndStandardError
23:30:16.118 Xcode[50404:13834230] _XCT_testSuite:PopularNewsViewControllerTest didStartAt:2018-08-13 18:00:16 +0000
23:30:16.118 NYTimes[78307:15853356] -[XCTRunnerIDESession testCaseWillStart:] NYTimesTests.PopularNewsViewControllerTest testupdate
23:30:16.119 Xcode[50404:13834230] _XCT_testCaseDidStartForTestClass:NYTimesTests.PopularNewsViewControllerTest method:testupdate
Test Case '-[NYTimesTests.PopularNewsViewControllerTest testupdate]' started.
23:30:16.123 Xcode[50404:13834230] <IDETestOperationCoordinator: 0x7f96a4669f10>: parseConsoleOutputFromOriginalOutput: called, 182 bytes written out to StandardOutputAndStandardError
23:30:16.123 NYTimes[78307:15853356] -[XCTRunnerIDESession testCase:didFailWithDescription:inFile:atLine:]
23:30:16.138 Xcode[50404:13834230] _XCT_testCaseDidFailForTestClass:NYTimesTests.PopularNewsViewControllerTest method:testupdate withMessage:XCTAssertFalse failed -  file:/Users/RaghuSandeep/Documents/NYTimes/NYTimesTests/PopularNewsViewControllerTest.swift line:41
23:30:16.123 NYTimes[78307:15853356] -[PopularNewsViewControllerTest testupdate] started activity <XCActivityRecord: 0x60400028fe60> 2018-08-13 18:00:16 +0000: Assertion Failure: PopularNewsViewControllerTest.swift:41: XCTAssertFalse failed - 
23:30:16.138 Xcode[50404:13834230] -[NYTimesTests.PopularNewsViewControllerTest testupdate] will start activity E6CFE94E-DACF-443C-9962-B19E4FFFA59D:'Assertion Failure: PopularNewsViewControllerTest.swift:41: XCTAssertFalse failed - '
23:30:16.124 NYTimes[78307:15853356] -[PopularNewsViewControllerTest testupdate] finished activity <XCActivityRecord: 0x60400028fe60> 2018-08-13 18:00:16 +0000: Assertion Failure: PopularNewsViewControllerTest.swift:41: XCTAssertFalse failed -  (0.000717998s)
23:30:16.138 Xcode[50404:13834230] -[NYTimesTests.PopularNewsViewControllerTest testupdate] did finish activity E6CFE94E-DACF-443C-9962-B19E4FFFA59D:'Assertion Failure: PopularNewsViewControllerTest.swift:41: XCTAssertFalse failed - '
23:30:16.132 NYTimes[78307:15853356] -[XCTRunnerIDESession testCase:didFailWithDescription:inFile:atLine:]
23:30:16.138 Xcode[50404:13834230] _XCT_testCaseDidFailForTestClass:NYTimesTests.PopularNewsViewControllerTest method:testupdate withMessage:XCTAssertEqual failed: ("0") is not equal to ("1") -  file:/Users/RaghuSandeep/Documents/NYTimes/NYTimesTests/PopularNewsViewControllerTest.swift line:42
23:30:16.132 NYTimes[78307:15853356] -[PopularNewsViewControllerTest testupdate] started activity <XCActivityRecord: 0x604000290090> 2018-08-13 18:00:16 +0000: Assertion Failure: PopularNewsViewControllerTest.swift:42: XCTAssertEqual failed: ("0") is not equal to ("1") - 
23:30:16.138 Xcode[50404:13834230] -[NYTimesTests.PopularNewsViewControllerTest testupdate] will start activity 01920A26-9F1E-4E4B-B3DF-385CACECF474:'Assertion Failure: PopularNewsViewControllerTest.swift:42: XCTAssertEqual failed: ("0") is not equal to ("1") - '
23:30:16.133 NYTimes[78307:15853356] -[PopularNewsViewControllerTest testupdate] finished activity <XCActivityRecord: 0x604000290090> 2018-08-13 18:00:16 +0000: Assertion Failure: PopularNewsViewControllerTest.swift:42: XCTAssertEqual failed: ("0") is not equal to ("1") -  (0.000521064s)
23:30:16.138 Xcode[50404:13834230] -[NYTimesTests.PopularNewsViewControllerTest testupdate] did finish activity 01920A26-9F1E-4E4B-B3DF-385CACECF474:'Assertion Failure: PopularNewsViewControllerTest.swift:42: XCTAssertEqual failed: ("0") is not equal to ("1") - '
23:30:16.133 NYTimes[78307:15853356] -[XCTRunnerIDESession testCaseDidFinish:]
23:30:16.139 Xcode[50404:13834230] _XCT_testCaseDidFinishForTestClass:NYTimesTests.PopularNewsViewControllerTest method:testupdate withStatus:failed duration:0.01574802398681641
23:30:16.134 NYTimes[78307:15853356] -[XCTRunnerIDESession testSuiteDidFinish:]
23:30:16.139 Xcode[50404:13834230] _XCT_testSuite:PopularNewsViewControllerTest didFinishAt:2018-08-13 18:00:16 +0000 runCount:1 withFailures:2 unexpected:0 testDuration:0.01574802398681641 totalDuration:0.01669800281524658
23:30:16.134 NYTimes[78307:15853356] Activity statistics for PopularNewsViewControllerTest:
23:30:16.135 NYTimes[78307:15853356] 0.00s : Other
23:30:16.135 NYTimes[78307:15853356] Total time in activities: 0.00s
23:30:16.135 NYTimes[78307:15853356] -[XCTRunnerIDESession testSuiteDidFinish:]
23:30:16.139 Xcode[50404:13834230] _XCT_testSuite:NYTimesTests.xctest didFinishAt:2018-08-13 18:00:16 +0000 runCount:1 withFailures:2 unexpected:0 testDuration:0.01574802398681641 totalDuration:0.0181269645690918
23:30:16.135 NYTimes[78307:15853356] Activity statistics for NYTimesTests.xctest:
23:30:16.136 NYTimes[78307:15853356] 0.00s : Other
23:30:16.136 NYTimes[78307:15853356] Total time in activities: 0.00s
23:30:16.136 NYTimes[78307:15853356] -[XCTRunnerIDESession testSuiteDidFinish:]
23:30:16.139 Xcode[50404:13834230] _XCT_testSuite:Selected tests didFinishAt:2018-08-13 18:00:16 +0000 runCount:1 withFailures:2 unexpected:0 testDuration:0.01574802398681641 totalDuration:0.02105903625488281
23:30:16.136 NYTimes[78307:15853356] Activity statistics for Selected tests:
23:30:16.137 NYTimes[78307:15853356] 0.00s : Other
/Users/RaghuSandeep/Documents/NYTimes/NYTimesTests/PopularNewsViewControllerTest.swift:41: error: -[NYTimesTests.PopularNewsViewControllerTest testupdate] : XCTAssertFalse failed - 
/Users/RaghuSandeep/Documents/NYTimes/NYTimesTests/PopularNewsViewControllerTest.swift:42: error: -[NYTimesTests.PopularNewsViewControllerTest testupdate] : XCTAssertEqual failed: ("0") is not equal to ("1") - 
Test Case '-[NYTimesTests.PopularNewsViewControllerTest testupdate]' failed (0.016 seconds).
Test Suite 'PopularNewsViewControllerTest' failed at 2018-08-13 23:30:16.134.
	 Executed 1 test, with 2 failures (0 unexpected) in 0.016 (0.017) seconds
Test Suite 'NYTimesTests.xctest' failed at 2018-08-13 23:30:16.135.
	 Executed 1 test, with 2 failures (0 unexpected) in 0.016 (0.018) seconds
23:30:16.139 Xcode[50404:13834230] <IDETestOperationCoordinator: 0x7f96a4669f10>: parseConsoleOutputFromOriginalOutput: called, 738 bytes written out to StandardOutputAndStandardError
23:30:16.137 NYTimes[78307:15853356] Total time in activities: 0.00s
23:30:16.137 NYTimes[78307:15853356] Finished running suite.
23:30:16.140 Xcode[50404:13834230] -[XCTTestRunnerSession _XCT_didFinishExecutingTestPlan]_block_invoke
23:30:16.137 NYTimes[78307:15853356] -[XCTRunnerIDESession testBundleDidFinish:], Flushing connection to IDE...
23:30:16.137 NYTimes[78307:15853356] Calling completion.
23:30:16.137 NYTimes[78307:15853356] <XCTWaiter: 0x604000011630, state: XCTWaiterStateInProgress> entering wait loop for 15.00s with expectations: (
    "IDE confirmed the end of session"
)
23:30:16.159 Xcode[50404:15852913] Closing socket 151 to testmanagerd for Sim iPhone X
23:30:16.140 NYTimes[78307:15853416] <XCTWaiter: 0x604000011630, state: XCTWaiterStateSucceeded>: cancelWaiting
23:30:16.140 NYTimes[78307:15853356] <XCTWaiter: 0x604000011630, state: XCTWaiterStateSucceeded> done waiting
23:30:16.140 NYTimes[78307:15853356] <XCTWaiter: 0x604000011630, state: XCTWaiterStateSucceeded> cleaning up IDE confirmed the end of session
23:30:16.106 testmanagerd[68976:15754479] Initializing crash report observer for /Library/Logs/DiagnosticReports
23:30:16.106 testmanagerd[68976:15754479] Getting files in /Library/Logs/DiagnosticReports
23:30:16.107 testmanagerd[68976:15754479] Found 198 files in /Library/Logs/DiagnosticReports
23:30:16.107 testmanagerd[68976:15754479] Started monitoring /Library/Logs/DiagnosticReports
23:30:16.148 testmanagerd[68976:15853111] Test process connection invalidated or interrupted, closing test session <XCTestSession: 0x7fe270201be0>.
23:30:16.211 Xcode[50404:13834230] Got death notice for pid 78307, removing from SimulatorSessionMap
23:30:16.151 testmanagerd[68976:15853111] Closed <XCTestSession: 0x7fe270201be0>, removing from (
    "<XCTestSession: 0x7fe270201be0>"
)
23:30:16.151 testmanagerd[68976:15853111] Tearing down <XCTestSession: 0x7fe270201be0>.
23:30:16.151 testmanagerd[68976:15853111] XCTestSession is responsible for cleaning up its socket from an XCIDESession
23:30:16.151 testmanagerd[68976:15853111] Tearing down <XCTDApplicationMonitor: 0x7fe270205000>.
23:30:16.152 testmanagerd[68976:15853111] Tearing down <XCTDProcessAssertionManager: 0x7fe26e60f050>.
23:30:16.164 testmanagerd[68976:15853111] Session summary: 0 test sessions, 0 sessions with identifiers, 0 unidentified sessions, has control sessions
23:30:16.165 testmanagerd[68976:15853111] Control sessions: (
    "<XCIDESession: 0x7fe270400140> (socket 5) created Monday, August 13, 2018 at 11:30:16 PM India Standard Time"
)
Test Suite 'Selected tests' failed at 2018-08-13 23:30:16.136.
	 Executed 1 test, with 2 failures (0 unexpected) in 0.016 (0.021) seconds
23:30:16.258 Xcode[50404:13834230] <IDETestOperationCoordinator: 0x7f96a4669f10>: parseConsoleOutputFromOriginalOutput: called, 0 bytes written out to StandardOutputAndStandardError
23:30:16.293 Xcode[50404:13834230] Test process exited with exit code 1
23:30:16.311 Xcode[50404:13834230] Claim LaunchSessionClaim_0x7f968bbe4560 on simulator F62C37DB-AAF4-4E32-9880-D2048C689C5B was relinquished
23:30:16.311 Xcode[50404:13834230] Claim LaunchSessionClaim_0x7f968bbe4560 on simulator F62C37DB-AAF4-4E32-9880-D2048C689C5B was relinquished
23:30:16.553 Xcode[50404:13834230] <IDETestOperationCoordinator: 0x7f96a4669f10> finished receiving data from <IDEConsoleAdaptor: 0x7f96bddb5700 'target' stdin: (null) 0 stdout: (null) 0 stderr: (null) 0>
23:30:16.553 Xcode[50404:13834230] <IDETestOperationCoordinator: 0x7f96a4669f10>: _considerFlushingDelegateBlockQueue - nothing to flush
23:30:16.553 Xcode[50404:13834230] _finishWithError:(null)
