11:10:11.122 Xcode[50404:13834230] Beginning test session NYTimesTests-A4BFFDAB-51F7-412B-B71D-E6D1850D2288 at 2018-08-14 11:10:11.120 with Xcode 9E501 on target <DVTiPhoneSimulator: 0x7f96b7261420> {
		SimDevice: iPhone X (F62C37DB-AAF4-4E32-9880-D2048C689C5B, iOS 11.3, Booted)
} (11.3 (15E217))
11:10:11.122 Xcode[50404:13834230] Launching with Xcode.DebuggerFoundation.Launcher.LLDB
11:10:11.129 Xcode[50404:13834230] Test standard output and standard error is at /var/folders/qt/s3mb8zcj7j7d7nfzd3fnvk4m0000gr/T/com.apple.dt.XCTest/IDETestRunSession-2D6366B4-53B9-432D-B274-458CF92E15AF/NYTimesTests-2DDCE2D2-E016-4009-8C14-48744233BEEA/StandardOutputAndStandardError.txt
11:10:11.130 Xcode[50404:13834230] Simulator F62C37DB-AAF4-4E32-9880-D2048C689C5B was claimed by TestSessionClaim_IDETestRunSession-2D6366B4-53B9-432D-B274-458CF92E15AF
11:10:16.605 Xcode[50404:13834230] Setting up test runner session
11:10:16.605 Xcode[50404:17516917] Sim iPhone X: Unregistering for sim device notification with token 128
11:10:16.607 Xcode[50404:17516917] Calling -[SimDevice getenv:error:] for TESTMANAGERD_SIM_SOCK
11:10:16.618 Xcode[50404:17516917] Sim iPhone X has testmanagerd socket at /private/tmp/com.apple.launchd.2QNSBHkact/com.apple.testmanagerd.unix-domain.socket
11:10:16.618 Xcode[50404:17516917] Validating test connection socket path (/private/tmp/com.apple.launchd.2QNSBHkact/com.apple.testmanagerd.unix-domain.socket)
11:10:16.618 Xcode[50404:17516917] Constructing transport for test connection socket
11:10:16.618 Xcode[50404:17516917] Connected socket 144 to testmanagerd for Sim iPhone X
11:10:16.624 Xcode[50404:17516916] Received connection for test runner session
11:10:16.624 Xcode[50404:17516916] Listening for proxy connection request from the test bundle
11:10:16.626 Xcode[50404:17516916] Initiating session with identifier: A4BFFDAB-51F7-412B-B71D-E6D1850D2288
11:10:16.667 Xcode[50404:13834230] Launch session started.
11:10:16.726 Xcode[50404:13834230] Test runner session acquired connection.
11:10:16.726 Xcode[50404:13834230] Waiting for test process to launch.
11:10:18.367 Xcode[50404:13834230] Received Ready from iOSSimulator
11:10:18.367 Xcode[50404:13834230] Sending notification: NSConcreteNotification 0x7f96bb8920b0 {name = com.apple.iphonesimulator.startSession; userInfo = {
    deviceUDID = "F62C37DB-AAF4-4E32-9880-D2048C689C5B";
}}
11:10:18.367 Xcode[50404:17516917] Simulator F62C37DB-AAF4-4E32-9880-D2048C689C5B was claimed by LaunchSessionClaim_0x7f967e7acfe0
11:10:18.377 Xcode[50404:13834230] Adding console adaptor <IDEConsoleAdaptor: 0x7f968de36ad0 'target' stdin: <IDEMasterPtyFileHandle: 0x7f96b830d480 MasterFH: <NSConcreteFileHandle: 0x7f96b83e7490> 183 SlaveFH: <NSConcreteFileHandle: 0x7f967f97f3d0> 184> 183 stdout: <IDEMasterPtyFileHandle: 0x7f96b830d480 MasterFH: <NSConcreteFileHandle: 0x7f96b83e7490> 183 SlaveFH: <NSConcreteFileHandle: 0x7f967f97f3d0> 184> 183 stderr: (null) 0> for test session A4BFFDAB-51F7-412B-B71D-E6D1850D2288.
11:10:18.543 Xcode[50404:13834230] Received Ready from iOSSimulator
11:10:18.543 Xcode[50404:13834230] Sending notification: NSConcreteNotification 0x7f968034e5a0 {name = com.apple.iphonesimulator.startSession; userInfo = {
    deviceUDID = "F62C37DB-AAF4-4E32-9880-D2048C689C5B";
}}
11:10:18.544 Xcode[50404:17516892] Simulator F62C37DB-AAF4-4E32-9880-D2048C689C5B was claimed by LaunchSessionClaim_0x7f967e7acfe0
11:10:18.544 Xcode[50404:17516892] F62C37DB-AAF4-4E32-9880-D2048C689C5B: Registered for sim device notification, got token 129
11:10:18.545 Xcode[50404:17502707] F62C37DB-AAF4-4E32-9880-D2048C689C5B: Unregistering for sim device notification with token 129
11:10:18.547 Xcode[50404:17516916] F62C37DB-AAF4-4E32-9880-D2048C689C5B: Installing app at path: /Users/RaghuSandeep/Documents/NYTimes/DerivedData/NYTimes/Build/Products/Debug-iphonesimulator/NYTimes.app and options: (null)
11:10:19.341 Xcode[50404:17516916] F62C37DB-AAF4-4E32-9880-D2048C689C5B: Installed app at path: /Users/RaghuSandeep/Documents/NYTimes/DerivedData/NYTimes/Build/Products/Debug-iphonesimulator/NYTimes.app and options: (null)
11:10:19.348 Xcode[50404:17516916] F62C37DB-AAF4-4E32-9880-D2048C689C5B: Launching app with identifier: com.NYTimes and options: {
    "activate_suspended" = 0;
    arguments =     (
        "-NSTreatUnknownArgumentsAsOpen",
        NO,
        "-ApplePersistenceIgnoreState",
        YES
    );
    environment =     {
        "DYLD_FRAMEWORK_PATH" = "/Users/RaghuSandeep/Documents/NYTimes/DerivedData/NYTimes/Build/Products/Debug-iphonesimulator:/Users/RaghuSandeep/Documents/NYTimes/DerivedData/NYTimes/Build/Products/Debug-iphonesimulator:/Applications/Xcode.app/Contents/Developer/Platforms/iPhoneSimulator.platform/Developer/Library/Frameworks:/Applications/Xcode.app/Contents/Developer/Platforms/iPhoneOS.platform/Developer/Library/CoreSimulator/Profiles/Runtimes/iOS.simruntime/Contents/Resources/RuntimeRoot/Developer/Library/PrivateFrameworks:/Users/RaghuSandeep/Documents/NYTimes/DerivedData/NYTimes/Build/Products/Debug-iphonesimulator:/Applications/Xcode.app/Contents/Developer/Platforms/iPhoneSimulator.platform/Developer/Library/Frameworks:/Applications/Xcode.app/Contents/Developer/Platforms/iPhoneOS.platform/Developer/Library/CoreSimulator/Profiles/Runtimes/iOS.simruntime/Contents/Resources/RuntimeRoot/Developer/Library/PrivateFrameworks";
        "DYLD_INSERT_LIBRARIES" = "/Applications/Xcode.app/Contents/Developer/Platforms/iPhoneOS.platform/Developer/Library/CoreSimulator/Profiles/Runtimes/iOS.simruntime/Contents/Resources/RuntimeRoot/Developer/Library/PrivateFrameworks/DTDDISupport.framework/libViewDebuggerSupport.dylib:/Applications/Xcode.app/Contents/Developer/Platforms/iPhoneSimulator.platform/Developer/Library/PrivateFrameworks/IDEBundleInjection.framework/IDEBundleInjection:/Applications/Xcode.app/Contents/Developer/Platforms/iPhoneOS.platform/Developer/Library/CoreSimulator/Profiles/Runtimes/iOS.simruntime/Contents/Resources/RuntimeRoot/usr/lib/libMainThreadChecker.dylib:/Applications/Xcode.app/Contents/Developer/Platforms/iPhoneSimulator.platform/Developer/Library/PrivateFrameworks/IDEBundleInjection.framework/IDEBundleInjection:/Applications/Xcode.app/Contents/Developer/Platforms/iPhoneOS.platform/Developer/Library/CoreSimulator/Profiles/Runtimes/iOS.simruntime/Contents/Resources/RuntimeRoot/usr/lib/libMainThreadChecker.dylib";
        "DYLD_LIBRARY_PATH" = "/Users/RaghuSandeep/Documents/NYTimes/DerivedData/NYTimes/Build/Products/Debug-iphonesimulator:/Users/RaghuSandeep/Documents/NYTimes/DerivedData/NYTimes/Build/Products/Debug-iphonesimulator:/Applications/Xcode.app/Contents/Developer/Platforms/iPhoneSimulator.platform/Developer/Library/Frameworks:/Applications/Xcode.app/Contents/Developer/Platforms/iPhoneOS.platform/Developer/Library/CoreSimulator/Profiles/Runtimes/iOS.simruntime/Contents/Resources/RuntimeRoot/Developer/Library/PrivateFrameworks:/Users/RaghuSandeep/Documents/NYTimes/DerivedData/NYTimes/Build/Products/Debug-iphonesimulator:/Applications/Xcode.app/Contents/Developer/Platforms/iPhoneSimulator.platform/Developer/Library/Frameworks:/Applications/Xcode.app/Contents/Developer/Platforms/iPhoneOS.platform/Developer/Library/CoreSimulator/Profiles/Runtimes/iOS.simruntime/Contents/Resources/RuntimeRoot/Developer/Library/PrivateFrameworks";
        "LLVM_PROFILE_FILE" = "/var/folders/qt/s3mb8zcj7j7d7nfzd3fnvk4m0000gr/T/com.NYTimes/829138A4-A0EE-4D48-A4D8-83D0CDE4E80F-50404-0000838437C404DC/3D30C751-4DDE-4DCB-B377-AB69660C4B19-%p.profraw%15x";
        "MTC_CRASH_ON_REPORT" = 1;
        NSApplicationQuitWithoutSuddenTermination = YES;
        NSUnbufferedIO = YES;
        "OS_ACTIVITY_DT_MODE" = YES;
        "SQLITE_ENABLE_THREAD_ASSERTIONS" = 1;
        XCInjectBundleInto = "/Users/RaghuSandeep/Documents/NYTimes/DerivedData/NYTimes/Build/Products/Debug-iphonesimulator/NYTimes.app/NYTimes";
        "XCODE_DBG_XPC_EXCLUSIONS" = "com.apple.dt.xctestSymbolicator";
        XCTestConfigurationFilePath = "/var/folders/qt/s3mb8zcj7j7d7nfzd3fnvk4m0000gr/T/com.apple.dt.XCTest/IDETestRunSession-2D6366B4-53B9-432D-B274-458CF92E15AF/NYTimesTests-2DDCE2D2-E016-4009-8C14-48744233BEEA/LaunchSessions/A4BFFDAB-51F7-412B-B71D-E6D1850D2288/remote-container/tmp/NYTimesTests-A4BFFDAB-51F7-412B-B71D-E6D1850D2288.xctestconfiguration";
        "__XCODE_BUILT_PRODUCTS_DIR_PATHS" = "/Users/RaghuSandeep/Documents/NYTimes/DerivedData/NYTimes/Build/Products/Debug-iphonesimulator";
        "__XPC_DYLD_FRAMEWORK_PATH" = "/Users/RaghuSandeep/Documents/NYTimes/DerivedData/NYTimes/Build/Products/Debug-iphonesimulator";
        "__XPC_DYLD_LIBRARY_PATH" = "/Users/RaghuSandeep/Documents/NYTimes/DerivedData/NYTimes/Build/Products/Debug-iphonesimulator";
        "__XPC_LLVM_PROFILE_FILE" = "/var/folders/qt/s3mb8zcj7j7d7nfzd3fnvk4m0000gr/T/com.NYTimes/829138A4-A0EE-4D48-A4D8-83D0CDE4E80F-50404-0000838437C404DC/3D30C751-4DDE-4DCB-B377-AB69660C4B19-%p.profraw%15x";
    };
    stderr = "/dev/ttys005";
    stdout = "/dev/ttys005";
    "wait_for_debugger" = 1;
}
11:10:21.739 Xcode[50404:17516892] F62C37DB-AAF4-4E32-9880-D2048C689C5B: Launched app with identifier: com.NYTimes (pid = 16415)
11:10:21.739 Xcode[50404:17516892] Tracking pid 16415 for simulator <DVTiPhoneSimulator: 0x7f96b7261420> {
		SimDevice: iPhone X (F62C37DB-AAF4-4E32-9880-D2048C689C5B, iOS 11.3, Booted)
}
11:10:21.739 Xcode[50404:17516892] Checking to see if pid 16415 is valid: kill(pid, 0) = 0 (YES, it's still running)
11:10:21.739 Xcode[50404:17516892] Setting up DVTTaskNotifyOnProcDeath for pid 16415
11:10:21.753 Xcode[50404:13834230] Test process runnable PID is 16415.
11:10:23.667 Xcode[50404:13834230] Waiting for test process to check in..., will wait up to 120s
11:10:25.486 Xcode[50404:17516892] Got reply to session initiation request with identifier A4BFFDAB-51F7-412B-B71D-E6D1850D2288 (result:error): 25: (null)
11:10:25.493 Xcode[50404:17516910] Handling proxy channel request from test runner
11:10:25.493 Xcode[50404:17516910] Test runner is ready, running protocol 25, requires at least version 8. Control framework is running 25 and requires at least 8
11:10:25.494 Xcode[50404:13834230] Test runner session successfully initiated.
11:10:25.494 Xcode[50404:13834230] Creating the daemon control session.
11:10:25.495 Xcode[50404:13834230] Whitelisting test process ID 16415
11:10:25.495 Xcode[50404:13834230] Got authorization request for pid 16415
11:10:25.496 Xcode[50404:17516892] Calling -[SimDevice getenv:error:] for TESTMANAGERD_SIM_SOCK
11:10:25.497 Xcode[50404:17516892] Sim iPhone X has testmanagerd socket at /private/tmp/com.apple.launchd.2QNSBHkact/com.apple.testmanagerd.unix-domain.socket
11:10:25.497 Xcode[50404:17516892] Validating test connection socket path (/private/tmp/com.apple.launchd.2QNSBHkact/com.apple.testmanagerd.unix-domain.socket)
11:10:25.497 Xcode[50404:17516892] Constructing transport for test connection socket
11:10:25.497 Xcode[50404:17516892] Connected socket 191 to testmanagerd for Sim iPhone X
11:10:25.498 Xcode[50404:17516311] Requesting authorization for pid 16415
11:10:25.499 Xcode[50404:17516311] Got reply to authorization request for pid 16415 (result:error): 25: (null)
11:10:25.499 Xcode[50404:13834230] Got whitelisting response from test daemon. Success: 1
11:10:25.499 Xcode[50404:13834230] Registering/updating daemon-based crash report observer for process names (
    XCTRunner,
    NYTimes,
    xctest
), report directories: (
    "/Users/RaghuSandeep/Library/Logs/DiagnosticReports",
    "/Library/Logs/DiagnosticReports"
).
11:10:25.478 testmanagerd[16397:17517271] Launched testmanagerd from /Applications/Xcode.app/Contents/Developer/Platforms/iPhoneOS.platform/Developer/Library/CoreSimulator/Profiles/Runtimes/iOS.simruntime/Contents/Resources/RuntimeRoot/usr/libexec/testmanagerd, modified on Wednesday, May 2, 2018 at 8:01:26 AM India Standard Time
11:10:25.479 testmanagerd[16397:17517271] Listening for incoming IDE connections from named socket com.apple.testmanagerd.unix-domain.socket
11:10:25.479 testmanagerd[16397:17517582] IDE connected over socket 4 (-[XCTestManagerIDEServer listenForControlConnectionsOverNamedSocket]_block_invoke)
11:10:25.480 testmanagerd[16397:17517271] Listening for incoming test runner connections from <NSXPCListener: 0x7ff2ff607e50> service: (null)
11:10:25.480 testmanagerd[16397:17517271] Listening for incoming test target connections from <NSXPCListener: 0x7ff2ff608620> service: (null)
11:10:25.480 testmanagerd[16397:17517582] Created session with socket 4
11:10:25.481 testmanagerd[16397:17517583] Received new test session connection from process with PID 16415
11:10:25.484 testmanagerd[16397:17517582] Adding <XCIDESession: 0x7ff301801570> (socket 4) created Tuesday, August 14, 2018 at 11:10:25 AM India Standard Time to the set of unidentified IDE sessions
11:10:25.485 testmanagerd[16397:17517582] Handled a proxy request from the IDE with session <XCIDESession: 0x7ff301801570> (socket 4) created Tuesday, August 14, 2018 at 11:10:25 AM India Standard Time proxy <_DTXProxy: 0x7ff2ff60ca00>
11:10:25.486 testmanagerd[16397:17517271] -[XCIDESession _IDE_initiateSessionWithIdentifier:forClient:atPath:protocolVersion:]_block_invoke A4BFFDAB-51F7-412B-B71D-E6D1850D2288 1 4 from client C4809F4F-610D-403F-BDBB-1E96493AAAC1-50404-000060C2D1055F8A (/Applications/Xcode.app)
11:10:25.486 testmanagerd[16397:17517271] -[XCIDESession _IDE_initiateSessionWithIdentifier:forClient:atPath:protocolVersion:]_block_invoke A4BFFDAB-51F7-412B-B71D-E6D1850D2288 Replied with protocol version 25
11:10:25.487 testmanagerd[16397:17517583] Looking up app info for pid 16415
11:10:25.486 testmanagerd[16397:17517584] -[XCTDaemon setIDESession:forIdentifier:]_block_invoke <XCIDESession: 0x7ff301801570> (socket 4) created Tuesday, August 14, 2018 at 11:10:25 AM India Standard Time for client C4809F4F-610D-403F-BDBB-1E96493AAAC1-50404-000060C2D1055F8A waiting to pair with test session A4BFFDAB-51F7-412B-B71D-E6D1850D2288 -> A4BFFDAB-51F7-412B-B71D-E6D1850D2288
11:10:25.487 testmanagerd[16397:17517585] Got app info for pid 16415: {
    BKSApplicationStateAppIsFrontmost = 1;
    BKSApplicationStateExtensionKey = 0;
    SBApplicationStateDisplayIDKey = "com.NYTimes";
    SBApplicationStateKey = 8;
    SBApplicationStateProcessIDKey = 16415;
    SBApplicationStateRunningReasonsKey =     (
                {
            SBApplicationStateRunningReasonAssertionIdentifierKey = Resume;
            SBApplicationStateRunningReasonAssertionReasonKey = 10000;
        }
    );
    SBMostElevatedStateForProcessID = 8;
}
11:10:25.488 testmanagerd[16397:17517584] Got request for process assertion for pid 16415.
11:10:25.489 testmanagerd[16397:17517585] Test session A4BFFDAB-51F7-412B-B71D-E6D1850D2288 requested transport for IDE (-[XCTestSession _XCT_requestSerializedTransportWrapperForIDESessionWithIdentifier:reply:])
11:10:25.489 testmanagerd[16397:17517583] Test session A4BFFDAB-51F7-412B-B71D-E6D1850D2288 requested serialized transport (-[XCTDaemon requestSerializedTransportForSessionIdentifier:reply:]_block_invoke)
11:10:25.489 testmanagerd[16397:17517583] Initiating serialized transport handoff from IDE connection to test host.
11:10:25.489 testmanagerd[16397:17517583] -[XCIDESession closeConnectionAndHandOffTransportWithCompletionHandler:] sending barrier
11:10:25.489 testmanagerd[16397:17517583] Barrier flushed. Cancelling connection. Socket will not be closed
11:10:25.490 testmanagerd[16397:17517582] DTXSocketTransport for socket 4 disconnected, owner is <XCIDESession: 0x7ff301801570> (socket 4) created Tuesday, August 14, 2018 at 11:10:25 AM India Standard Time for client C4809F4F-610D-403F-BDBB-1E96493AAAC1-50404-000060C2D1055F8A waiting to pair with test session A4BFFDAB-51F7-412B-B71D-E6D1850D2288
11:10:25.490 testmanagerd[16397:17517585] -[XCTDaemon closeIDESession:]_block_invoke <XCIDESession: 0x7ff301801570> (socket 4) created Tuesday, August 14, 2018 at 11:10:25 AM India Standard Time for client C4809F4F-610D-403F-BDBB-1E96493AAAC1-50404-000060C2D1055F8A waiting to pair with test session A4BFFDAB-51F7-412B-B71D-E6D1850D2288
11:10:25.490 testmanagerd[16397:17517584] Created process assertion for pid 16415: <BKSProcessAssertion: 0x7ff301805900>, waiting for response from assertiond.
11:10:25.490 testmanagerd[16397:17517584] Starting to monitor com.NYTimes
11:10:25.490 testmanagerd[16397:17517585] Tearing down <XCIDESession: 0x7ff301801570> (socket 4) created Tuesday, August 14, 2018 at 11:10:25 AM India Standard Time for client C4809F4F-610D-403F-BDBB-1E96493AAAC1-50404-000060C2D1055F8A waiting to pair with test session A4BFFDAB-51F7-412B-B71D-E6D1850D2288.
11:10:25.490 testmanagerd[16397:17517585] Session summary: 1 test sessions, 0 sessions with identifiers, 0 unidentified sessions, does not have control sessions
11:10:25.491 testmanagerd[16397:17517583] Got application state update: com.NYTimes (16415) -> 8
11:10:25.491 testmanagerd[16397:17517583] <XCTestSession: 0x7ff2ff408910> -[XCTestSession applicationWithBundleID:didUpdatePID:andState:] com.NYTimes 16415 8
11:10:25.497 testmanagerd[16397:17517582] IDE connected over socket 5 (-[XCTestManagerIDEServer listenForControlConnectionsOverNamedSocket]_block_invoke)
11:10:25.497 testmanagerd[16397:17517582] Created session with socket 5
11:10:25.498 testmanagerd[16397:17517584] Adding <XCIDESession: 0x7ff301b020b0> (socket 5) created Tuesday, August 14, 2018 at 11:10:25 AM India Standard Time to the set of unidentified IDE sessions
11:10:25.498 testmanagerd[16397:17517583] Handled a proxy request from the IDE with session <XCIDESession: 0x7ff301b020b0> (socket 5) created Tuesday, August 14, 2018 at 11:10:25 AM India Standard Time proxy <_DTXProxy: 0x7ff301b01330>
11:10:25.499 testmanagerd[16397:17517271] -[XCIDESession _IDE_initiateControlSessionForTestProcessID:protocolVersion:] 16415 25
11:10:25.499 testmanagerd[16397:17517271] Adding control session <XCIDESession: 0x7ff301b020b0> (socket 5) created Tuesday, August 14, 2018 at 11:10:25 AM India Standard Time with protocol version 25
11:10:25.500 testmanagerd[16397:17517271] Received request to collect crash reports in directories '/Users/RaghuSandeep/Library/Logs/DiagnosticReports', '/Library/Logs/DiagnosticReports' for processes with names 'XCTRunner', 'NYTimes', 'xctest'
11:10:25.500 testmanagerd[16397:17517271] Initializing crash report observer for /Users/RaghuSandeep/Library/Logs/DiagnosticReports
11:10:25.501 testmanagerd[16397:17517271] Getting files in /Users/RaghuSandeep/Library/Logs/DiagnosticReports
11:10:25.507 testmanagerd[16397:17517271] Found 1704 files in /Users/RaghuSandeep/Library/Logs/DiagnosticReports
11:10:25.507 testmanagerd[16397:17517271] Started monitoring /Users/RaghuSandeep/Library/Logs/DiagnosticReports
11:10:25.507 testmanagerd[16397:17517271] Initializing crash report observer for /Library/Logs/DiagnosticReports
11:10:25.507 testmanagerd[16397:17517271] Getting files in /Library/Logs/DiagnosticReports
11:10:25.706 testmanagerd[16397:17517585] Got reply for process assertion request, success: YES
11:10:25.706 testmanagerd[16397:17517585] Got reply for process assertion request, success: YES
11:10:25.833 testmanagerd[16397:17517271] Found 203 files in /Library/Logs/DiagnosticReports
11:10:25.833 testmanagerd[16397:17517271] Started monitoring /Library/Logs/DiagnosticReports
11:10:25.836 Xcode[50404:13834230] Telling test runner to start executing tests.
11:10:25.153 NYTimes[16415:17517502] Linked XCTest.framework from /Applications/Xcode.app/Contents/Developer/Platforms/iPhoneSimulator.platform/Developer/Library/Frameworks/XCTest.framework/XCTest, built with Xcode 0930(9E499), modified on Wednesday, May 2, 2018 at 8:06:59 AM India Standard Time
XCTest.framework bundle version: 14099
11:10:25.163 NYTimes[16415:17517502] System uptime: 18:43:01
11:10:25.163 NYTimes[16415:17517502] Process arguments: (
    "/Users/RaghuSandeep/Library/Developer/CoreSimulator/Devices/F62C37DB-AAF4-4E32-9880-D2048C689C5B/data/Containers/Bundle/Application/2B06C848-94C1-4223-9098-3C7A9E1FEAE8/NYTimes.app/NYTimes",
    "-NSTreatUnknownArgumentsAsOpen",
    NO,
    "-ApplePersistenceIgnoreState",
    YES
)
11:10:25.163 NYTimes[16415:17517502] Process environment: {
    "CFFIXED_USER_HOME" = "/Users/RaghuSandeep/Library/Developer/CoreSimulator/Devices/F62C37DB-AAF4-4E32-9880-D2048C689C5B/data/Containers/Data/Application/24B13D7F-412C-4E13-A070-CB4ECCA34E5D";
    CLASSIC = 0;
    "CUPS_SERVER" = "/private/tmp/com.apple.launchd.btVVM8yFwF/Listeners";
    "DYLD_FALLBACK_FRAMEWORK_PATH" = "/Applications/Xcode.app/Contents/Developer/Platforms/iPhoneOS.platform/Developer/Library/CoreSimulator/Profiles/Runtimes/iOS.simruntime/Contents/Resources/RuntimeRoot/System/Library/Frameworks";
    "DYLD_FALLBACK_LIBRARY_PATH" = "/Applications/Xcode.app/Contents/Developer/Platforms/iPhoneOS.platform/Developer/Library/CoreSimulator/Profiles/Runtimes/iOS.simruntime/Contents/Resources/RuntimeRoot/usr/lib";
    "DYLD_FRAMEWORK_PATH" = "/Users/RaghuSandeep/Documents/NYTimes/DerivedData/NYTimes/Build/Products/Debug-iphonesimulator:/Users/RaghuSandeep/Documents/NYTimes/DerivedData/NYTimes/Build/Products/Debug-iphonesimulator:/Applications/Xcode.app/Contents/Developer/Platforms/iPhoneSimulator.platform/Developer/Library/Frameworks:/Applications/Xcode.app/Contents/Developer/Platforms/iPhoneOS.platform/Developer/Library/CoreSimulator/Profiles/Runtimes/iOS.simruntime/Contents/Resources/RuntimeRoot/Developer/Library/PrivateFrameworks:/Users/RaghuSandeep/Documents/NYTimes/DerivedData/NYTimes/Build/Products/Debug-iphonesimulator:/Applications/Xcode.app/Contents/Developer/Platforms/iPhoneSimulator.platform/Developer/Library/Frameworks:/Applications/Xcode.app/Contents/Developer/Platforms/iPhoneOS.platform/Developer/Library/CoreSimulator/Profiles/Runtimes/iOS.simruntime/Contents/Resources/RuntimeRoot/Developer/Library/PrivateFrameworks";
    "DYLD_LIBRARY_PATH" = "/Users/RaghuSandeep/Documents/NYTimes/DerivedData/NYTimes/Build/Products/Debug-iphonesimulator:/Users/RaghuSandeep/Documents/NYTimes/DerivedData/NYTimes/Build/Products/Debug-iphonesimulator:/Applications/Xcode.app/Contents/Developer/Platforms/iPhoneSimulator.platform/Developer/Library/Frameworks:/Applications/Xcode.app/Contents/Developer/Platforms/iPhoneOS.platform/Developer/Library/CoreSimulator/Profiles/Runtimes/iOS.simruntime/Contents/Resources/RuntimeRoot/Developer/Library/PrivateFrameworks:/Users/RaghuSandeep/Documents/NYTimes/DerivedData/NYTimes/Build/Products/Debug-iphonesimulator:/Applications/Xcode.app/Contents/Developer/Platforms/iPhoneSimulator.platform/Developer/Library/Frameworks:/Applications/Xcode.app/Contents/Developer/Platforms/iPhoneOS.platform/Developer/Library/CoreSimulator/Profiles/Runtimes/iOS.simruntime/Contents/Resources/RuntimeRoot/Developer/Library/PrivateFrameworks";
    "DYLD_ROOT_PATH" = "/Applications/Xcode.app/Contents/Developer/Platforms/iPhoneOS.platform/Developer/Library/CoreSimulator/Profiles/Runtimes/iOS.simruntime/Contents/Resources/RuntimeRoot";
    HOME = "/Users/RaghuSandeep/Library/Developer/CoreSimulator/Devices/F62C37DB-AAF4-4E32-9880-D2048C689C5B/data/Containers/Data/Application/24B13D7F-412C-4E13-A070-CB4ECCA34E5D";
    "IOS_SIMULATOR_SYSLOG_SOCKET" = "/private/tmp/com.apple.CoreSimulator.SimDevice.F62C37DB-AAF4-4E32-9880-D2048C689C5B/syslogsock";
    "IPHONE_SHARED_RESOURCES_DIRECTORY" = "/Users/RaghuSandeep/Library/Developer/CoreSimulator/Devices/F62C37DB-AAF4-4E32-9880-D2048C689C5B/data";
    "IPHONE_SIMULATOR_ROOT" = "/Applications/Xcode.app/Contents/Developer/Platforms/iPhoneOS.platform/Developer/Library/CoreSimulator/Profiles/Runtimes/iOS.simruntime/Contents/Resources/RuntimeRoot";
    "IPHONE_TVOUT_EXTENDED_PROPERTIES" = "/Users/RaghuSandeep/Library/Developer/CoreSimulator/Devices/F62C37DB-AAF4-4E32-9880-D2048C689C5B/data/Library/Application Support/Simulator/extended_display.plist";
    "LLVM_PROFILE_FILE" = "/var/folders/qt/s3mb8zcj7j7d7nfzd3fnvk4m0000gr/T/com.NYTimes/829138A4-A0EE-4D48-A4D8-83D0CDE4E80F-50404-0000838437C404DC/3D30C751-4DDE-4DCB-B377-AB69660C4B19-%p.profraw%15x";
    "MTC_CRASH_ON_REPORT" = 1;
    NSApplicationQuitWithoutSuddenTermination = YES;
    NSUnbufferedIO = YES;
    "OS_ACTIVITY_DT_MODE" = YES;
    PATH = "/Applications/Xcode.app/Contents/Developer/Platforms/iPhoneOS.platform/Developer/Library/CoreSimulator/Profiles/Runtimes/iOS.simruntime/Contents/Resources/RuntimeRoot/usr/bin:/Applications/Xcode.app/Contents/Developer/Platforms/iPhoneOS.platform/Developer/Library/CoreSimulator/Profiles/Runtimes/iOS.simruntime/Contents/Resources/RuntimeRoot/bin:/Applications/Xcode.app/Contents/Developer/Platforms/iPhoneOS.platform/Developer/Library/CoreSimulator/Profiles/Runtimes/iOS.simruntime/Contents/Resources/RuntimeRoot/usr/sbin:/Applications/Xcode.app/Contents/Developer/Platforms/iPhoneOS.platform/Developer/Library/CoreSimulator/Profiles/Runtimes/iOS.simruntime/Contents/Resources/RuntimeRoot/sbin:/Applications/Xcode.app/Contents/Developer/Platforms/iPhoneOS.platform/Developer/Library/CoreSimulator/Profiles/Runtimes/iOS.simruntime/Contents/Resources/RuntimeRoot/usr/local/bin";
    "RWI_LISTEN_SOCKET" = "/private/tmp/com.apple.launchd.Dy6PFTxXGm/com.apple.webinspectord_sim.socket";
    "SIMULATOR_AUDIO_DEVICES_PLIST_PATH" = "/Users/RaghuSandeep/Library/Developer/CoreSimulator/Devices/F62C37DB-AAF4-4E32-9880-D2048C689C5B/data/var/run/com.apple.coresimulator.audio.plist";
    "SIMULATOR_AUDIO_SETTINGS_PATH" = "/Users/RaghuSandeep/Library/Developer/CoreSimulator/Devices/F62C37DB-AAF4-4E32-9880-D2048C689C5B/data/var/run/simulatoraudio/audiosettings.plist";
    "SIMULATOR_BOOT_TIME" = 1534157844;
    "SIMULATOR_CAPABILITIES" = "/Applications/Xcode.app/Contents/Developer/Platforms/iPhoneOS.platform/Developer/Library/CoreSimulator/Profiles/DeviceTypes/iPhone X.simdevicetype/Contents/Resources/capabilities.plist";
    "SIMULATOR_DEVICE_NAME" = "iPhone X";
    "SIMULATOR_EXTENDED_DISPLAY_PROPERTIES" = "/Users/RaghuSandeep/Library/Developer/CoreSimulator/Devices/F62C37DB-AAF4-4E32-9880-D2048C689C5B/data/Library/Application Support/Simulator/extended_display.plist";
    "SIMULATOR_HID_SYSTEM_MANAGER" = "/Library/Developer/PrivateFrameworks/CoreSimulator.framework/Resources/Platforms/iphoneos/Library/Frameworks/SimulatorHID.framework";
    "SIMULATOR_HOST_HOME" = "/Users/RaghuSandeep";
    "SIMULATOR_LEGACY_ASSET_SUFFIX" = iphone;
    "SIMULATOR_LOG_ROOT" = "/Users/RaghuSandeep/Library/Logs/CoreSimulator/F62C37DB-AAF4-4E32-9880-D2048C689C5B";
    "SIMULATOR_MAINSCREEN_HEIGHT" = 2436;
    "SIMULATOR_MAINSCREEN_PITCH" = "458.000000";
    "SIMULATOR_MAINSCREEN_SCALE" = "3.000000";
    "SIMULATOR_MAINSCREEN_WIDTH" = 1125;
    "SIMULATOR_MEMORY_WARNINGS" = "/Users/RaghuSandeep/Library/Developer/CoreSimulator/Devices/F62C37DB-AAF4-4E32-9880-D2048C689C5B/data/var/run/memory_warning_simulation";
    "SIMULATOR_MODEL_IDENTIFIER" = "iPhone10,3";
    "SIMULATOR_PRODUCT_CLASS" = D22;
    "SIMULATOR_ROOT" = "/Applications/Xcode.app/Contents/Developer/Platforms/iPhoneOS.platform/Developer/Library/CoreSimulator/Profiles/Runtimes/iOS.simruntime/Contents/Resources/RuntimeRoot";
    "SIMULATOR_RUNTIME_BUILD_VERSION" = 15E217;
    "SIMULATOR_RUNTIME_VERSION" = "11.3";
    "SIMULATOR_SHARED_RESOURCES_DIRECTORY" = "/Users/RaghuSandeep/Library/Developer/CoreSimulator/Devices/F62C37DB-AAF4-4E32-9880-D2048C689C5B/data";
    "SIMULATOR_UDID" = "F62C37DB-AAF4-4E32-9880-D2048C689C5B";
    "SIMULATOR_VERSION_INFO" = "CoreSimulator 559.1.2 - Device: iPhone X - Runtime: iOS 11.3 (15E217) - DeviceType: iPhone X";
    "SQLITE_ENABLE_THREAD_ASSERTIONS" = 1;
    "TESTMANAGERD_SIM_SOCK" = "/private/tmp/com.apple.launchd.2QNSBHkact/com.apple.testmanagerd.unix-domain.socket";
    TMPDIR = "/Users/RaghuSandeep/Library/Developer/CoreSimulator/Devices/F62C37DB-AAF4-4E32-9880-D2048C689C5B/data/Containers/Data/Application/24B13D7F-412C-4E13-A070-CB4ECCA34E5D/tmp";
    XCInjectBundleInto = "/Users/RaghuSandeep/Documents/NYTimes/DerivedData/NYTimes/Build/Products/Debug-iphonesimulator/NYTimes.app/NYTimes";
    "XCODE_DBG_XPC_EXCLUSIONS" = "com.apple.dt.xctestSymbolicator";
    XCTestConfigurationFilePath = "/var/folders/qt/s3mb8zcj7j7d7nfzd3fnvk4m0000gr/T/com.apple.dt.XCTest/IDETestRunSession-2D6366B4-53B9-432D-B274-458CF92E15AF/NYTimesTests-2DDCE2D2-E016-4009-8C14-48744233BEEA/LaunchSessions/A4BFFDAB-51F7-412B-B71D-E6D1850D2288/remote-container/tmp/NYTimesTests-A4BFFDAB-51F7-412B-B71D-E6D1850D2288.xctestconfiguration";
    "XPC_FLAGS" = 0x0;
    "XPC_SERVICE_NAME" = "UIKitApplication:com.NYTimes[0xdefe][9795]";
    "XPC_SIMULATOR_LAUNCHD_NAME" = "com.apple.CoreSimulator.SimDevice.F62C37DB-AAF4-4E32-9880-D2048C689C5B";
    "__XCODE_BUILT_PRODUCTS_DIR_PATHS" = "/Users/RaghuSandeep/Documents/NYTimes/DerivedData/NYTimes/Build/Products/Debug-iphonesimulator";
    "__XPC_DYLD_FRAMEWORK_PATH" = "/Users/RaghuSandeep/Documents/NYTimes/DerivedData/NYTimes/Build/Products/Debug-iphonesimulator";
    "__XPC_DYLD_LIBRARY_PATH" = "/Users/RaghuSandeep/Documents/NYTimes/DerivedData/NYTimes/Build/Products/Debug-iphonesimulator";
    "__XPC_LLVM_PROFILE_FILE" = "/var/folders/qt/s3mb8zcj7j7d7nfzd3fnvk4m0000gr/T/com.NYTimes/829138A4-A0EE-4D48-A4D8-83D0CDE4E80F-50404-0000838437C404DC/3D30C751-4DDE-4DCB-B377-AB69660C4B19-%p.profraw%15x";
}
11:10:25.164 NYTimes[16415:17517502] App Sandbox active: NO
11:10:25.164 NYTimes[16415:17517502] Loading test bundle at: file:///Users/RaghuSandeep/Documents/NYTimes/DerivedData/NYTimes/Build/Products/Debug-iphonesimulator/NYTimes.app/PlugIns/NYTimesTests.xctest/
11:10:25.164 NYTimes[16415:17517502] Finished loading test bundle
11:10:25.164 NYTimes[16415:17517502] Readying IDE session
11:10:25.165 NYTimes[16415:17517502] Creating future for 'Exchange protocol versions with daemon' with timeout 15.00
11:10:25.166 NYTimes[16415:17517502] <XCTWaiter: 0x608000012960, state: XCTWaiterStateInProgress> entering wait loop for 15.00s with expectations: (
    "Exchange protocol versions with daemon"
)
11:10:25.487 NYTimes[16415:17517570] <XCTWaiter: 0x608000012960, state: XCTWaiterStateSucceeded>: cancelWaiting
11:10:25.488 NYTimes[16415:17517502] <XCTWaiter: 0x608000012960, state: XCTWaiterStateSucceeded> done waiting
11:10:25.488 NYTimes[16415:17517502] <XCTWaiter: 0x608000012960, state: XCTWaiterStateSucceeded> cleaning up Exchange protocol versions with daemon
11:10:25.488 NYTimes[16415:17517502] Got daemon protocol version 22
11:10:25.488 NYTimes[16415:17517502] Requesting IDE connection transport
11:10:25.488 NYTimes[16415:17517502] <XCTWaiter: 0x600000012d90, state: XCTWaiterStateInProgress> entering wait loop for 60.00s with expectations: (
    "Transport for IDE session acquired"
)
11:10:25.490 NYTimes[16415:17517568] Creating transport with received transport data
11:10:25.490 NYTimes[16415:17517570] <XCTWaiter: 0x600000012d90, state: XCTWaiterStateSucceeded>: cancelWaiting
11:10:25.490 NYTimes[16415:17517502] <XCTWaiter: 0x600000012d90, state: XCTWaiterStateSucceeded> done waiting
11:10:25.491 NYTimes[16415:17517502] <XCTWaiter: 0x600000012d90, state: XCTWaiterStateSucceeded> cleaning up Transport for IDE session acquired
11:10:25.491 NYTimes[16415:17517502] Creating connection with transport <DTXFileDescriptorTransport: 0x6080000f0d00>
11:10:25.491 NYTimes[16415:17517502] Creating the proxy channel with connection <DTXConnection 0x6000003e0800 : x1>
11:10:25.492 NYTimes[16415:17517502] Creating future for 'IDE session ready for test plan' with timeout 60.00
11:10:25.492 NYTimes[16415:17517502] Messaging IDE proxy - _XCT_testBundleReadyWithProtocolVersion:25 minimumVersion:8
11:10:25.493 NYTimes[16415:17517502] <XCTWaiter: 0x600000012d70, state: XCTWaiterStateInProgress> entering wait loop for 60.00s with expectations: (
    "IDE session ready for test plan"
)
11:10:25.494 NYTimes[16415:17517570] _XCT_testBundleReadyWithProtocolVersion:minimumVersion: reply received
11:10:25.837 NYTimes[16415:17517570] _IDE_startExecutingTestPlanWithProtocolVersion:25
11:10:25.837 NYTimes[16415:17517569] <XCTWaiter: 0x600000012d70, state: XCTWaiterStateSucceeded>: cancelWaiting
11:10:25.837 NYTimes[16415:17517502] <XCTWaiter: 0x600000012d70, state: XCTWaiterStateSucceeded> done waiting
11:10:25.838 NYTimes[16415:17517502] <XCTWaiter: 0x600000012d70, state: XCTWaiterStateSucceeded> cleaning up IDE session ready for test plan
11:10:25.844 Xcode[50404:13834230] Starting test plan, clearing initialization timeout timer.
11:10:25.843 NYTimes[16415:17517502] Loading test suite...
11:10:25.900 NYTimes[16415:17517502] Finished loading test suite, took 0.056s
11:10:25.900 NYTimes[16415:17517502] -[XCTRunnerIDESession testBundleWillStart:]
11:10:25.900 NYTimes[16415:17517502] Running suite...
11:10:25.902 Xcode[50404:13834230] <IDETestOperationCoordinator: 0x7f967fd29300>: parseConsoleOutputFromOriginalOutput: called, 58 bytes written out to StandardOutputAndStandardError
11:10:25.900 NYTimes[16415:17517502] -[XCTRunnerIDESession testSuiteWillStart:]
11:10:25.903 Xcode[50404:13834230] _XCT_testSuite:All tests didStartAt:2018-08-14 05:40:25 +0000
11:10:25.904 Xcode[50404:13834230] _XCT_testSuite:NYTimesTests.xctest didStartAt:2018-08-14 05:40:25 +0000
11:10:25.901 NYTimes[16415:17517502] -[XCTRunnerIDESession testSuiteWillStart:]
11:10:25.905 Xcode[50404:13834230] _XCT_testSuite:AppDelegateTest didStartAt:2018-08-14 05:40:25 +0000
11:10:25.901 NYTimes[16415:17517502] -[XCTRunnerIDESession testSuiteWillStart:]
11:10:25.905 Xcode[50404:13834230] _XCT_testCaseDidStartForTestClass:NYTimesTests.AppDelegateTest method:testApplicationDidFinishLaunchingWithOptions
11:10:25.901 NYTimes[16415:17517502] -[XCTRunnerIDESession testCaseWillStart:] NYTimesTests.AppDelegateTest testApplicationDidFinishLaunchingWithOptions
Test Suite 'All tests' started at 2018-08-14 11:10:25.900
Test Suite 'NYTimesTests.xctest' started at 2018-08-14 11:10:25.901
Test Suite 'AppDelegateTest' started at 2018-08-14 11:10:25.901
11:10:25.905 Xcode[50404:13834230] <IDETestOperationCoordinator: 0x7f967fd29300>: parseConsoleOutputFromOriginalOutput: called, 230 bytes written out to StandardOutputAndStandardError
Test Case '-[NYTimesTests.AppDelegateTest testApplicationDidFinishLaunchingWithOptions]' started.
11:10:25.925 Xcode[50404:13834230] <IDETestOperationCoordinator: 0x7f967fd29300>: parseConsoleOutputFromOriginalOutput: called, 189 bytes written out to StandardOutputAndStandardError
11:10:25.923 NYTimes[16415:17517502] -[XCTRunnerIDESession testCase:didFailWithDescription:inFile:atLine:]
11:10:25.925 Xcode[50404:13834230] _XCT_testCaseDidFailForTestClass:NYTimesTests.AppDelegateTest method:testApplicationDidFinishLaunchingWithOptions withMessage:XCTAssertNotNil failed -  file:/Users/RaghuSandeep/Documents/NYTimes/NYTimesTests/AppDelegateTest.swift line:35
11:10:25.924 NYTimes[16415:17517502] -[AppDelegateTest testApplicationDidFinishLaunchingWithOptions] started activity <XCActivityRecord: 0x600000498790> 2018-08-14 05:40:25 +0000: Assertion Failure: AppDelegateTest.swift:35: XCTAssertNotNil failed - 
/Users/RaghuSandeep/Documents/NYTimes/NYTimesTests/AppDelegateTest.swift:35: error: -[NYTimesTests.AppDelegateTest testApplicationDidFinishLaunchingWithOptions] : XCTAssertNotNil failed - 
Test Case '-[NYTimesTests.AppDelegateTest testApplicationDidFinishLaunchingWithOptions]' failed (0.026 seconds).
Test Suite 'AppDelegateTest' failed at 2018-08-14 11:10:25.927.
	 Executed 1 test, with 1 failure (0 unexpected) in 0.026 (0.026) seconds
Test Suite 'DetailPopularNewsViewControllerTest' started at 2018-08-14 11:10:25.928
11:10:25.931 Xcode[50404:13834230] <IDETestOperationCoordinator: 0x7f967fd29300>: parseConsoleOutputFromOriginalOutput: called, 439 bytes written out to StandardOutputAndStandardError
11:10:25.933 Xcode[50404:13834230] -[NYTimesTests.AppDelegateTest testApplicationDidFinishLaunchingWithOptions] will start activity A00186BF-3D01-4998-B538-EB004D244568:'Assertion Failure: AppDelegateTest.swift:35: XCTAssertNotNil failed - '
11:10:25.925 NYTimes[16415:17517502] -[AppDelegateTest testApplicationDidFinishLaunchingWithOptions] finished activity <XCActivityRecord: 0x600000498790> 2018-08-14 05:40:25 +0000: Assertion Failure: AppDelegateTest.swift:35: XCTAssertNotNil failed -  (0.000910044s)
11:10:25.935 Xcode[50404:13834230] -[NYTimesTests.AppDelegateTest testApplicationDidFinishLaunchingWithOptions] did finish activity A00186BF-3D01-4998-B538-EB004D244568:'Assertion Failure: AppDelegateTest.swift:35: XCTAssertNotNil failed - '
11:10:25.927 NYTimes[16415:17517502] -[XCTRunnerIDESession testCaseDidFinish:]
11:10:25.935 Xcode[50404:13834230] _XCT_testCaseDidFinishForTestClass:NYTimesTests.AppDelegateTest method:testApplicationDidFinishLaunchingWithOptions withStatus:failed duration:0.02581000328063965
11:10:26.734 Xcode[50404:17516311] (LOG ARBITER) Dumping buffered message data; 0 messages.
11:10:28.904 Xcode[50404:17516910] (LOG ARBITER) Rotating message buffer with 26 messages.
11:10:31.904 Xcode[50404:17516911] (LOG ARBITER) Rotating message buffer with 5 messages.
11:10:34.904 Xcode[50404:17516911] (LOG ARBITER) Rotating message buffer with 19 messages.
11:10:25.928 NYTimes[16415:17517502] -[XCTRunnerIDESession testSuiteDidFinish:]
Test Case '-[NYTimesTests.DetailPopularNewsViewControllerTest testTextViewShouldBeginEditing]' started.
11:10:26.723 Xcode[50404:13834230] <IDETestOperationCoordinator: 0x7f967fd29300>: parseConsoleOutputFromOriginalOutput: called, 119 bytes written out to StandardOutputAndStandardError
Test Case '-[NYTimesTests.DetailPopularNewsViewControllerTest testTextViewShouldBeginEditing]' passed (0.041 seconds).
Test Suite 'DetailPopularNewsViewControllerTest' passed at 2018-08-14 11:10:25.969.
	 Executed 1 test, with 0 failures (0 unexpected) in 0.041 (0.041) seconds
Test Suite 'PopularNewsApiServiceTest' started at 2018-08-14 11:10:25.970
11:10:26.733 Xcode[50404:13834230] <IDETestOperationCoordinator: 0x7f967fd29300>: parseConsoleOutputFromOriginalOutput: called, 311 bytes written out to StandardOutputAndStandardError
11:10:26.733 Xcode[50404:13834230] _XCT_testSuite:AppDelegateTest didFinishAt:2018-08-14 05:40:25 +0000 runCount:1 withFailures:1 unexpected:0 testDuration:0.02581000328063965 totalDuration:0.02643907070159912
11:10:25.928 NYTimes[16415:17517502] Activity statistics for AppDelegateTest:
11:10:25.928 NYTimes[16415:17517502] 0.00s : Other
11:10:25.928 NYTimes[16415:17517502] Total time in activities: 0.00s
11:10:26.734 Xcode[50404:13834230] _XCT_testSuite:DetailPopularNewsViewControllerTest didStartAt:2018-08-14 05:40:25 +0000
11:10:25.928 NYTimes[16415:17517502] -[XCTRunnerIDESession testSuiteWillStart:]
11:10:26.734 Xcode[50404:13834230] _XCT_testCaseDidStartForTestClass:NYTimesTests.DetailPopularNewsViewControllerTest method:testTextViewShouldBeginEditing
11:10:25.928 NYTimes[16415:17517502] -[XCTRunnerIDESession testCaseWillStart:] NYTimesTests.DetailPopularNewsViewControllerTest testTextViewShouldBeginEditing
11:10:25.969 NYTimes[16415:17517502] -[XCTRunnerIDESession testCaseDidFinish:]
11:10:26.734 Xcode[50404:13834230] _XCT_testCaseDidFinishForTestClass:NYTimesTests.DetailPopularNewsViewControllerTest method:testTextViewShouldBeginEditing withStatus:passed duration:0.04058992862701416
11:10:25.970 NYTimes[16415:17517502] -[XCTRunnerIDESession testSuiteDidFinish:]
11:10:26.734 Xcode[50404:13834230] _XCT_testSuite:DetailPopularNewsViewControllerTest didFinishAt:2018-08-14 05:40:25 +0000 runCount:1 withFailures:0 unexpected:0 testDuration:0.04058992862701416 totalDuration:0.04143202304840088
11:10:25.970 NYTimes[16415:17517502] -[XCTRunnerIDESession testSuiteWillStart:]
11:10:26.734 Xcode[50404:13834230] _XCT_testSuite:PopularNewsApiServiceTest didStartAt:2018-08-14 05:40:25 +0000
11:10:25.971 NYTimes[16415:17517502] -[XCTRunnerIDESession testCaseWillStart:] NYTimesTests.PopularNewsApiServiceTest testMostViewed
11:10:26.734 Xcode[50404:13834230] _XCT_testCaseDidStartForTestClass:NYTimesTests.PopularNewsApiServiceTest method:testMostViewed
11:10:25.980 NYTimes[16415:17517502] <XCTWaiter: 0x600000012ea0, state: XCTWaiterStateInProgress> entering wait loop for 10.00s with expectations: (
    testMostViewed
)
Test Case '-[NYTimesTests.PopularNewsApiServiceTest testMostViewed]' started.
11:10:26.834 Xcode[50404:13834230] <IDETestOperationCoordinator: 0x7f967fd29300>: parseConsoleOutputFromOriginalOutput: called, 0 bytes written out to StandardOutputAndStandardError
11:10:30.335 testmanagerd[16397:17517585] Getting files in /Users/RaghuSandeep/Library/Logs/DiagnosticReports
11:10:30.340 testmanagerd[16397:17517585] Found 1705 files in /Users/RaghuSandeep/Library/Logs/DiagnosticReports
11:10:30.341 testmanagerd[16397:17517585] Not reporting suggestd_2018-08-14-111030_Sandeeps-Mac-Book.crash, doesn't match list of processes {XCTRunner, NYTimes, xctest}
11:10:30.474 testmanagerd[16397:17517586] Getting files in /Users/RaghuSandeep/Library/Logs/DiagnosticReports
11:10:30.484 testmanagerd[16397:17517586] Found 1704 files in /Users/RaghuSandeep/Library/Logs/DiagnosticReports
11:10:34.028 testmanagerd[16397:17517586] Getting files in /Users/RaghuSandeep/Library/Logs/DiagnosticReports
11:10:34.035 testmanagerd[16397:17517586] Found 1706 files in /Users/RaghuSandeep/Library/Logs/DiagnosticReports
11:10:34.035 testmanagerd[16397:17517586] Not reporting suggestd_2018-08-14-111034_Sandeeps-Mac-Book.crash, doesn't match list of processes {XCTRunner, NYTimes, xctest}
11:10:34.036 testmanagerd[16397:17517586] Not reporting suggestd_2018-08-14-111034-1_Sandeeps-Mac-Book.crash, doesn't match list of processes {XCTRunner, NYTimes, xctest}
11:10:34.037 testmanagerd[16397:17517582] Getting files in /Users/RaghuSandeep/Library/Logs/DiagnosticReports
11:10:34.046 testmanagerd[16397:17517582] Found 1707 files in /Users/RaghuSandeep/Library/Logs/DiagnosticReports
11:10:34.046 testmanagerd[16397:17517582] Not reporting suggestd_2018-08-14-111034-2_Sandeeps-Mac-Book.crash, doesn't match list of processes {XCTRunner, NYTimes, xctest}
11:10:34.054 testmanagerd[16397:17517585] Getting files in /Users/RaghuSandeep/Library/Logs/DiagnosticReports
11:10:34.064 testmanagerd[16397:17517585] Found 1708 files in /Users/RaghuSandeep/Library/Logs/DiagnosticReports
11:10:34.064 testmanagerd[16397:17517585] Not reporting suggestd_2018-08-14-111034-3_Sandeeps-Mac-Book.crash, doesn't match list of processes {XCTRunner, NYTimes, xctest}
11:10:34.227 testmanagerd[16397:17517585] Getting files in /Users/RaghuSandeep/Library/Logs/DiagnosticReports
11:10:34.234 testmanagerd[16397:17517585] Found 1705 files in /Users/RaghuSandeep/Library/Logs/DiagnosticReports
11:10:34.235 testmanagerd[16397:17517584] Getting files in /Users/RaghuSandeep/Library/Logs/DiagnosticReports
11:10:34.240 testmanagerd[16397:17517584] Found 1705 files in /Users/RaghuSandeep/Library/Logs/DiagnosticReports
11:10:34.242 testmanagerd[16397:17517585] Getting files in /Users/RaghuSandeep/Library/Logs/DiagnosticReports
11:10:34.248 testmanagerd[16397:17517585] Found 1704 files in /Users/RaghuSandeep/Library/Logs/DiagnosticReports
11:10:34.806 testmanagerd[16397:17517585] Getting files in /Users/RaghuSandeep/Library/Logs/DiagnosticReports
11:10:34.813 testmanagerd[16397:17517585] Found 1705 files in /Users/RaghuSandeep/Library/Logs/DiagnosticReports
11:10:34.813 testmanagerd[16397:17517585] Not reporting suggestd_2018-08-14-111034_Sandeeps-Mac-Book.crash, doesn't match list of processes {XCTRunner, NYTimes, xctest}
11:10:34.956 testmanagerd[16397:17517585] Getting files in /Users/RaghuSandeep/Library/Logs/DiagnosticReports
11:10:34.964 testmanagerd[16397:17517585] Found 1704 files in /Users/RaghuSandeep/Library/Logs/DiagnosticReports
11:10:35.980 NYTimes[16415:17517502] <XCTWaiter: 0x600000012ea0, state: XCTWaiterStateInProgress> done waiting
11:10:35.981 NYTimes[16415:17517502] <XCTWaiter: 0x600000012ea0, state: XCTWaiterStateFailed> reporting timed out failure with testMostViewed
11:10:35.981 NYTimes[16415:17517502] <XCTWaiter: 0x600000012ea0, state: XCTWaiterStateFailed> cleaning up testMostViewed
11:10:36.120 Xcode[50404:13834230] <IDETestOperationCoordinator: 0x7f967fd29300>: parseConsoleOutputFromOriginalOutput: called, 260 bytes written out to StandardOutputAndStandardError
11:10:36.120 NYTimes[16415:17517502] -[XCTRunnerIDESession testCase:didFailWithDescription:inFile:atLine:]
11:10:36.121 Xcode[50404:13834230] _XCT_testCaseDidFailForTestClass:NYTimesTests.PopularNewsApiServiceTest method:testMostViewed withMessage:Asynchronous wait failed: Exceeded timeout of 10 seconds, with unfulfilled expectations: "testMostViewed". file:/Users/RaghuSandeep/Documents/NYTimes/NYTimesTests/PopularNewsApiServiceTest.swift line:33
11:10:36.120 NYTimes[16415:17517502] -[PopularNewsApiServiceTest testMostViewed] started activity <XCActivityRecord: 0x60c000280d20> 2018-08-14 05:40:36 +0000: Assertion Failure: PopularNewsApiServiceTest.swift:33: Asynchronous wait failed: Exceeded timeout of 10 seconds, with unfulfilled expectations: "testMostViewed".
11:10:36.121 Xcode[50404:13834230] -[NYTimesTests.PopularNewsApiServiceTest testMostViewed] will start activity BC404D7F-C442-4B3A-954A-5D02BF148BF6:'Assertion Failure: PopularNewsApiServiceTest.swift:33: Asynchronous wait failed: Exceeded timeout of 10 seconds, with unfulfilled expectations: "testMostViewed".'
11:10:36.121 NYTimes[16415:17517502] -[PopularNewsApiServiceTest testMostViewed] finished activity <XCActivityRecord: 0x60c000280d20> 2018-08-14 05:40:36 +0000: Assertion Failure: PopularNewsApiServiceTest.swift:33: Asynchronous wait failed: Exceeded timeout of 10 seconds, with unfulfilled expectations: "testMostViewed". (0.000478983s)
11:10:36.122 Xcode[50404:13834230] -[NYTimesTests.PopularNewsApiServiceTest testMostViewed] did finish activity BC404D7F-C442-4B3A-954A-5D02BF148BF6:'Assertion Failure: PopularNewsApiServiceTest.swift:33: Asynchronous wait failed: Exceeded timeout of 10 seconds, with unfulfilled expectations: "testMostViewed".'
/Users/RaghuSandeep/Documents/NYTimes/NYTimesTests/PopularNewsApiServiceTest.swift:33: error: -[NYTimesTests.PopularNewsApiServiceTest testMostViewed] : Asynchronous wait failed: Exceeded timeout of 10 seconds, with unfulfilled expectations: "testMostViewed".
11:10:36.122 Xcode[50404:13834230] <IDETestOperationCoordinator: 0x7f967fd29300>: parseConsoleOutputFromOriginalOutput: called, 94 bytes written out to StandardOutputAndStandardError
11:10:36.122 NYTimes[16415:17517502] -[XCTRunnerIDESession testCaseDidFinish:]
Test Case '-[NYTimesTests.PopularNewsApiServiceTest testMostViewed]' failed (10.151 seconds).
11:10:36.123 Xcode[50404:13834230] <IDETestOperationCoordinator: 0x7f967fd29300>: parseConsoleOutputFromOriginalOutput: called, 150 bytes written out to StandardOutputAndStandardError
11:10:36.123 Xcode[50404:13834230] _XCT_testCaseDidFinishForTestClass:NYTimesTests.PopularNewsApiServiceTest method:testMostViewed withStatus:failed duration:10.15090394020081
11:10:36.150 Xcode[50404:17516919] (LOG ARBITER) Dumping buffered message data; 0 messages.
11:10:36.151 Xcode[50404:17516919] (LOG ARBITER) Dumping buffered message data; 0 messages.
11:10:36.151 Xcode[50404:17516919] (LOG ARBITER) Dumping buffered message data; 0 messages.
11:10:36.206 Xcode[50404:17516911] (LOG ARBITER) Dumping buffered message data; 0 messages.
11:10:36.212 Xcode[50404:17517588] (LOG ARBITER) Dumping buffered message data; 0 messages.
11:10:36.212 Xcode[50404:17516910] (LOG ARBITER) Dumping buffered message data; 0 messages.
11:10:36.212 Xcode[50404:17516910] (LOG ARBITER) Dumping buffered message data; 0 messages.
11:10:36.218 Xcode[50404:17516311] (LOG ARBITER) Dumping buffered message data; 0 messages.
11:10:36.122 NYTimes[16415:17517502] -[XCTRunnerIDESession testSuiteDidFinish:]
11:10:36.135 Xcode[50404:13834230] _XCT_testSuite:PopularNewsApiServiceTest didFinishAt:2018-08-14 05:40:36 +0000 runCount:1 withFailures:1 unexpected:0 testDuration:10.15090394020081 totalDuration:10.15171003341675
Test Suite 'PopularNewsApiServiceTest' failed at 2018-08-14 11:10:36.122.
	 Executed 1 test, with 1 failure (0 unexpected) in 10.151 (10.152) seconds
11:10:36.146 Xcode[50404:13834230] <IDETestOperationCoordinator: 0x7f967fd29300>: parseConsoleOutputFromOriginalOutput: called, 69 bytes written out to StandardOutputAndStandardError
Test Suite 'PopularNewsModelTest' started at 2018-08-14 11:10:36.123
Test Case '-[NYTimesTests.PopularNewsModelTest testMostViewed]' started.
Test Case '-[NYTimesTests.PopularNewsModelTest testMostViewed]' passed (0.001 seconds).
Test Suite 'PopularNewsModelTest' passed at 2018-08-14 11:10:36.124.
	 Executed 1 test, with 0 failures (0 unexpected) in 0.001 (0.001) seconds
Test Suite 'PopularNewsPresenterTest' started at 2018-08-14 11:10:36.124
Test Case '-[NYTimesTests.PopularNewsPresenterTest testMostViewed]' started.
Test Case '-[NYTimesTests.PopularNewsPresenterTest testMostViewed]' passed (0.001 seconds).
Test Case '-[NYTimesTests.PopularNewsPresenterTest testSelectedArtical]' started.
Test Case '-[NYTimesTests.PopularNewsPresenterTest testSelectedArtical]' passed (0.009 seconds).
11:10:36.148 Xcode[50404:13834230] <IDETestOperationCoordinator: 0x7f967fd29300>: parseConsoleOutputFromOriginalOutput: called, 799 bytes written out to StandardOutputAndStandardError
Test Suite 'PopularNewsPresenterTest' passed at 2018-08-14 11:10:36.135.
	 Executed 2 tests, with 0 failures (0 unexpected) in 0.009 (0.011) seconds
Test Suite 'PopularNewsViewControllerTest' started at 2018-08-14 11:10:36.147
11:10:36.150 Xcode[50404:13834230] <IDETestOperationCoordinator: 0x7f967fd29300>: parseConsoleOutputFromOriginalOutput: called, 244 bytes written out to StandardOutputAndStandardError
11:10:36.122 NYTimes[16415:17517502] Activity statistics for PopularNewsApiServiceTest:
11:10:36.122 NYTimes[16415:17517502] 0.00s : Other
11:10:36.123 NYTimes[16415:17517502] Total time in activities: 0.00s
11:10:36.150 Xcode[50404:13834230] _XCT_testSuite:PopularNewsModelTest didStartAt:2018-08-14 05:40:36 +0000
11:10:36.123 NYTimes[16415:17517502] -[XCTRunnerIDESession testSuiteWillStart:]
11:10:36.123 NYTimes[16415:17517502] -[XCTRunnerIDESession testCaseWillStart:] NYTimesTests.PopularNewsModelTest testMostViewed
11:10:36.150 Xcode[50404:13834230] _XCT_testCaseDidStartForTestClass:NYTimesTests.PopularNewsModelTest method:testMostViewed
11:10:36.124 NYTimes[16415:17517502] -[XCTRunnerIDESession testCaseDidFinish:]
11:10:36.150 Xcode[50404:13834230] _XCT_testCaseDidFinishForTestClass:NYTimesTests.PopularNewsModelTest method:testMostViewed withStatus:passed duration:0.000514984130859375
11:10:36.124 NYTimes[16415:17517502] -[XCTRunnerIDESession testSuiteDidFinish:]
11:10:36.150 Xcode[50404:13834230] _XCT_testSuite:PopularNewsModelTest didFinishAt:2018-08-14 05:40:36 +0000 runCount:1 withFailures:0 unexpected:0 testDuration:0.000514984130859375 totalDuration:0.001157045364379883
11:10:36.124 NYTimes[16415:17517502] -[XCTRunnerIDESession testSuiteWillStart:]
11:10:36.150 Xcode[50404:13834230] _XCT_testSuite:PopularNewsPresenterTest didStartAt:2018-08-14 05:40:36 +0000
11:10:36.125 NYTimes[16415:17517502] -[XCTRunnerIDESession testCaseWillStart:] NYTimesTests.PopularNewsPresenterTest testMostViewed
11:10:36.150 Xcode[50404:13834230] _XCT_testCaseDidStartForTestClass:NYTimesTests.PopularNewsPresenterTest method:testMostViewed
11:10:36.125 NYTimes[16415:17517502] -[XCTRunnerIDESession testCaseDidFinish:]
11:10:36.151 Xcode[50404:13834230] _XCT_testCaseDidFinishForTestClass:NYTimesTests.PopularNewsPresenterTest method:testMostViewed withStatus:passed duration:0.0006989240646362305
11:10:36.126 NYTimes[16415:17517502] -[XCTRunnerIDESession testCaseWillStart:] NYTimesTests.PopularNewsPresenterTest testSelectedArtical
11:10:36.151 Xcode[50404:13834230] _XCT_testCaseDidStartForTestClass:NYTimesTests.PopularNewsPresenterTest method:testSelectedArtical
11:10:36.135 NYTimes[16415:17517502] -[XCTRunnerIDESession testCaseDidFinish:]
11:10:36.151 Xcode[50404:13834230] _XCT_testCaseDidFinishForTestClass:NYTimesTests.PopularNewsPresenterTest method:testSelectedArtical withStatus:passed duration:0.008700966835021973
11:10:36.146 NYTimes[16415:17517502] -[XCTRunnerIDESession testSuiteDidFinish:]
11:10:36.156 Xcode[50404:13834230] _XCT_testSuite:PopularNewsPresenterTest didFinishAt:2018-08-14 05:40:36 +0000 runCount:2 withFailures:0 unexpected:0 testDuration:0.009399890899658203 totalDuration:0.01068103313446045
11:10:36.156 Xcode[50404:13834230] _XCT_testSuite:PopularNewsViewControllerTest didStartAt:2018-08-14 05:40:36 +0000
11:10:36.147 NYTimes[16415:17517502] -[XCTRunnerIDESession testSuiteWillStart:]
11:10:36.156 Xcode[50404:13834230] _XCT_testCaseDidStartForTestClass:NYTimesTests.PopularNewsViewControllerTest method:testCellForAtIndexPath
11:10:36.147 NYTimes[16415:17517502] -[XCTRunnerIDESession testCaseWillStart:] NYTimesTests.PopularNewsViewControllerTest testCellForAtIndexPath
Test Case '-[NYTimesTests.PopularNewsViewControllerTest testCellForAtIndexPath]' started.
11:10:36.205 Xcode[50404:13834230] <IDETestOperationCoordinator: 0x7f967fd29300>: parseConsoleOutputFromOriginalOutput: called, 105 bytes written out to StandardOutputAndStandardError
11:10:36.204 NYTimes[16415:17517502] -[XCTRunnerIDESession testCaseDidFinish:]
11:10:36.206 Xcode[50404:13834230] _XCT_testCaseDidFinishForTestClass:NYTimesTests.PopularNewsViewControllerTest method:testCellForAtIndexPath withStatus:passed duration:0.05644798278808594
11:10:36.206 Xcode[50404:13834230] _XCT_testCaseDidStartForTestClass:NYTimesTests.PopularNewsViewControllerTest method:testHeightForRowAt
11:10:36.204 NYTimes[16415:17517502] -[XCTRunnerIDESession testCaseWillStart:] NYTimesTests.PopularNewsViewControllerTest testHeightForRowAt
Test Case '-[NYTimesTests.PopularNewsViewControllerTest testCellForAtIndexPath]' passed (0.056 seconds).
11:10:36.212 Xcode[50404:13834230] <IDETestOperationCoordinator: 0x7f967fd29300>: parseConsoleOutputFromOriginalOutput: called, 86 bytes written out to StandardOutputAndStandardError
11:10:36.206 NYTimes[16415:17517502] -[XCTRunnerIDESession testCaseDidFinish:]
11:10:36.212 Xcode[50404:13834230] _XCT_testCaseDidFinishForTestClass:NYTimesTests.PopularNewsViewControllerTest method:testHeightForRowAt withStatus:passed duration:0.001878023147583008
11:10:36.206 NYTimes[16415:17517502] -[XCTRunnerIDESession testCaseWillStart:] NYTimesTests.PopularNewsViewControllerTest testNumberOfRowsInSection
11:10:36.212 Xcode[50404:13834230] _XCT_testCaseDidStartForTestClass:NYTimesTests.PopularNewsViewControllerTest method:testNumberOfRowsInSection
11:10:36.208 NYTimes[16415:17517502] -[XCTRunnerIDESession testCaseDidFinish:]
11:10:36.212 Xcode[50404:13834230] _XCT_testCaseDidFinishForTestClass:NYTimesTests.PopularNewsViewControllerTest method:testNumberOfRowsInSection withStatus:passed duration:0.001547932624816895
11:10:36.208 NYTimes[16415:17517502] -[XCTRunnerIDESession testCaseWillStart:] NYTimesTests.PopularNewsViewControllerTest testupdate
11:10:36.212 Xcode[50404:13834230] _XCT_testCaseDidStartForTestClass:NYTimesTests.PopularNewsViewControllerTest method:testupdate
11:10:36.209 NYTimes[16415:17517502] -[XCTRunnerIDESession testCaseDidFinish:]
11:10:36.212 Xcode[50404:13834230] _XCT_testCaseDidFinishForTestClass:NYTimesTests.PopularNewsViewControllerTest method:testupdate withStatus:passed duration:0.001332998275756836
11:10:36.210 NYTimes[16415:17517502] -[XCTRunnerIDESession testCaseWillStart:] NYTimesTests.PopularNewsViewControllerTest testViewDidLoad
11:10:36.212 Xcode[50404:13834230] _XCT_testCaseDidStartForTestClass:NYTimesTests.PopularNewsViewControllerTest method:testViewDidLoad
Test Case '-[NYTimesTests.PopularNewsViewControllerTest testHeightForRowAt]' started.
Test Case '-[NYTimesTests.PopularNewsViewControllerTest testHeightForRowAt]' passed (0.002 seconds).
Test Case '-[NYTimesTests.PopularNewsViewControllerTest testNumberOfRowsInSection]' started.
Test Case '-[NYTimesTests.PopularNewsViewControllerTest testNumberOfRowsInSection]' passed (0.002 seconds).
Test Case '-[NYTimesTests.PopularNewsViewControllerTest testupdate]' started.
Test Case '-[NYTimesTests.PopularNewsViewControllerTest testupdate]' passed (0.001 seconds).
11:10:36.216 Xcode[50404:13834230] <IDETestOperationCoordinator: 0x7f967fd29300>: parseConsoleOutputFromOriginalOutput: called, 556 bytes written out to StandardOutputAndStandardError
Test Case '-[NYTimesTests.PopularNewsViewControllerTest testViewDidLoad]' started.
Test Case '-[NYTimesTests.PopularNewsViewControllerTest testViewDidLoad]' passed (0.002 seconds).
Test Suite 'PopularNewsViewControllerTest' passed at 2018-08-14 11:10:36.213.
	 Executed 5 tests, with 0 failures (0 unexpected) in 0.064 (0.066) seconds
Test Suite 'NYTimesTests.xctest' failed at 2018-08-14 11:10:36.213.
	 Executed 11 tests, with 2 failures (0 unexpected) in 10.291 (10.313) seconds
11:10:36.217 Xcode[50404:13834230] <IDETestOperationCoordinator: 0x7f967fd29300>: parseConsoleOutputFromOriginalOutput: called, 536 bytes written out to StandardOutputAndStandardError
11:10:36.213 NYTimes[16415:17517502] -[XCTRunnerIDESession testCaseDidFinish:]
11:10:36.218 Xcode[50404:13834230] _XCT_testCaseDidFinishForTestClass:NYTimesTests.PopularNewsViewControllerTest method:testViewDidLoad withStatus:passed duration:0.002411007881164551
11:10:36.213 NYTimes[16415:17517502] -[XCTRunnerIDESession testSuiteDidFinish:]
11:10:36.218 Xcode[50404:13834230] _XCT_testSuite:PopularNewsViewControllerTest didFinishAt:2018-08-14 05:40:36 +0000 runCount:5 withFailures:0 unexpected:0 testDuration:0.06361794471740723 totalDuration:0.06623697280883789
11:10:36.213 NYTimes[16415:17517502] -[XCTRunnerIDESession testSuiteDidFinish:]
11:10:36.218 Xcode[50404:13834230] _XCT_testSuite:NYTimesTests.xctest didFinishAt:2018-08-14 05:40:36 +0000 runCount:11 withFailures:2 unexpected:0 testDuration:10.29083669185638 totalDuration:10.31254398822784
11:10:36.214 NYTimes[16415:17517502] Activity statistics for NYTimesTests.xctest:
11:10:36.214 NYTimes[16415:17517502] 0.00s : Other
11:10:36.214 NYTimes[16415:17517502] Total time in activities: 0.00s
11:10:36.214 NYTimes[16415:17517502] -[XCTRunnerIDESession testSuiteDidFinish:]
11:10:36.218 Xcode[50404:13834230] _XCT_testSuite:All tests didFinishAt:2018-08-14 05:40:36 +0000 runCount:11 withFailures:2 unexpected:0 testDuration:10.29083669185638 totalDuration:10.31412398815155
11:10:36.215 NYTimes[16415:17517502] Activity statistics for All tests:
11:10:36.215 NYTimes[16415:17517502] 0.00s : Other
11:10:36.215 NYTimes[16415:17517502] Total time in activities: 0.00s
11:10:36.215 NYTimes[16415:17517502] Finished running suite.
11:10:36.215 NYTimes[16415:17517502] -[XCTRunnerIDESession testBundleDidFinish:], Flushing connection to IDE...
11:10:36.222 Xcode[50404:13834230] -[XCTTestRunnerSession _XCT_didFinishExecutingTestPlan]_block_invoke
11:10:36.215 NYTimes[16415:17517502] Calling completion.
11:10:36.216 NYTimes[16415:17517502] <XCTWaiter: 0x608000013690, state: XCTWaiterStateInProgress> entering wait loop for 15.00s with expectations: (
    "IDE confirmed the end of session"
)
11:10:36.222 NYTimes[16415:17518734] <XCTWaiter: 0x608000013690, state: XCTWaiterStateSucceeded>: cancelWaiting
11:10:36.222 NYTimes[16415:17517502] <XCTWaiter: 0x608000013690, state: XCTWaiterStateSucceeded> done waiting
11:10:36.223 NYTimes[16415:17517502] <XCTWaiter: 0x608000013690, state: XCTWaiterStateSucceeded> cleaning up IDE confirmed the end of session
11:10:36.233 testmanagerd[16397:17517585] Test process connection invalidated or interrupted, closing test session <XCTestSession: 0x7ff2ff408910>.
11:10:36.234 testmanagerd[16397:17517586] Closed <XCTestSession: 0x7ff2ff408910>, removing from (
    "<XCTestSession: 0x7ff2ff408910>"
)
11:10:36.234 testmanagerd[16397:17517586] Tearing down <XCTestSession: 0x7ff2ff408910>.
11:10:36.234 testmanagerd[16397:17517586] XCTestSession is responsible for cleaning up its socket from an XCIDESession
11:10:36.234 testmanagerd[16397:17517586] Tearing down <XCTDApplicationMonitor: 0x7ff2ff409f40>.
11:10:36.235 testmanagerd[16397:17517586] Tearing down <XCTDProcessAssertionManager: 0x7ff301a007a0>.
11:10:36.235 testmanagerd[16397:17517586] Session summary: 0 test sessions, 0 sessions with identifiers, 0 unidentified sessions, has control sessions
11:10:36.235 testmanagerd[16397:17517586] Control sessions: (
    "<XCIDESession: 0x7ff301b020b0> (socket 5) created Tuesday, August 14, 2018 at 11:10:25 AM India Standard Time"
)
11:10:36.248 Xcode[50404:17516910] Closing socket 144 to testmanagerd for Sim iPhone X
11:10:36.248 Xcode[50404:13834230] Got death notice for pid 16415, removing from SimulatorSessionMap
11:10:36.251 Xcode[50404:13834230] Test process exited with exit code 1
11:10:36.267 Xcode[50404:13834230] Claim LaunchSessionClaim_0x7f967e7acfe0 on simulator F62C37DB-AAF4-4E32-9880-D2048C689C5B was relinquished
11:10:36.267 Xcode[50404:13834230] Claim LaunchSessionClaim_0x7f967e7acfe0 on simulator F62C37DB-AAF4-4E32-9880-D2048C689C5B was relinquished
Test Suite 'All tests' failed at 2018-08-14 11:10:36.214.
	 Executed 11 tests, with 2 failures (0 unexpected) in 10.291 (10.314) seconds
11:10:36.317 Xcode[50404:13834230] <IDETestOperationCoordinator: 0x7f967fd29300>: parseConsoleOutputFromOriginalOutput: called, 0 bytes written out to StandardOutputAndStandardError
11:10:36.508 Xcode[50404:13834230] <IDETestOperationCoordinator: 0x7f967fd29300> finished receiving data from <IDEConsoleAdaptor: 0x7f968de36ad0 'target' stdin: (null) 0 stdout: (null) 0 stderr: (null) 0>
11:10:36.508 Xcode[50404:13834230] <IDETestOperationCoordinator: 0x7f967fd29300>: _considerFlushingDelegateBlockQueue - nothing to flush
11:10:36.508 Xcode[50404:13834230] _finishWithError:(null)
