23:30:39.913 Xcode[50404:13834230] Beginning test session NYTimesTests-B4E4183D-D63D-4B7D-A6FF-190D40E8D416 at 2018-08-13 23:30:39.913 with Xcode 9E501 on target <DVTiPhoneSimulator: 0x7f96b7261420> {
		SimDevice: iPhone X (F62C37DB-AAF4-4E32-9880-D2048C689C5B, iOS 11.3, Booted)
} (11.3 (15E217))
23:30:39.913 Xcode[50404:13834230] Launching with Xcode.DebuggerFoundation.Launcher.LLDB
23:30:39.913 Xcode[50404:13834230] Test standard output and standard error is at /var/folders/qt/s3mb8zcj7j7d7nfzd3fnvk4m0000gr/T/com.apple.dt.XCTest/IDETestRunSession-8F82CB57-4EB6-436F-A7A8-7636A3B67A0B/NYTimesTests-11A1FF42-1B72-4AE2-AD80-12023DEDC54F/StandardOutputAndStandardError.txt
23:30:39.914 Xcode[50404:13834230] Simulator F62C37DB-AAF4-4E32-9880-D2048C689C5B was claimed by TestSessionClaim_IDETestRunSession-8F82CB57-4EB6-436F-A7A8-7636A3B67A0B
23:30:40.063 Xcode[50404:13834230] Launch session started.
23:30:40.087 Xcode[50404:13834230] Setting up test runner session
23:30:40.088 Xcode[50404:15853978] Sim iPhone X: Unregistering for sim device notification with token 82
23:30:40.088 Xcode[50404:15853978] Calling -[SimDevice getenv:error:] for TESTMANAGERD_SIM_SOCK
23:30:40.089 Xcode[50404:15853978] Sim iPhone X has testmanagerd socket at /private/tmp/com.apple.launchd.2QNSBHkact/com.apple.testmanagerd.unix-domain.socket
23:30:40.089 Xcode[50404:15853978] Validating test connection socket path (/private/tmp/com.apple.launchd.2QNSBHkact/com.apple.testmanagerd.unix-domain.socket)
23:30:40.089 Xcode[50404:15853978] Constructing transport for test connection socket
23:30:40.089 Xcode[50404:15853978] Connected socket 151 to testmanagerd for Sim iPhone X
23:30:40.089 Xcode[50404:15853990] Received connection for test runner session
23:30:40.089 Xcode[50404:15853990] Listening for proxy connection request from the test bundle
23:30:40.089 Xcode[50404:15853990] Initiating session with identifier: B4E4183D-D63D-4B7D-A6FF-190D40E8D416
23:30:40.096 Xcode[50404:15853988] Got reply to session initiation request with identifier B4E4183D-D63D-4B7D-A6FF-190D40E8D416 (result:error): 25: (null)
23:30:40.154 Xcode[50404:13834230] Received Ready from iOSSimulator
23:30:40.154 Xcode[50404:13834230] Sending notification: NSConcreteNotification 0x7f96a4e7d710 {name = com.apple.iphonesimulator.startSession; userInfo = {
    deviceUDID = "F62C37DB-AAF4-4E32-9880-D2048C689C5B";
}}
23:30:40.155 Xcode[50404:15853980] Simulator F62C37DB-AAF4-4E32-9880-D2048C689C5B was claimed by LaunchSessionClaim_0x7f9695d13660
23:30:40.167 Xcode[50404:13834230] Adding console adaptor <IDEConsoleAdaptor: 0x7f9696e22e10 'target' stdin: <IDEMasterPtyFileHandle: 0x7f96a26cb8f0 MasterFH: <NSConcreteFileHandle: 0x7f96b2afa660> 159 SlaveFH: <NSConcreteFileHandle: 0x7f96ba364800> 160> 159 stdout: <IDEMasterPtyFileHandle: 0x7f96a26cb8f0 MasterFH: <NSConcreteFileHandle: 0x7f96b2afa660> 159 SlaveFH: <NSConcreteFileHandle: 0x7f96ba364800> 160> 159 stderr: (null) 0> for test session B4E4183D-D63D-4B7D-A6FF-190D40E8D416.
23:30:40.170 Xcode[50404:13834230] Test runner session acquired connection.
23:30:40.170 Xcode[50404:13834230] Waiting for test process to launch.
23:30:40.195 Xcode[50404:13834230] Received Ready from iOSSimulator
23:30:40.195 Xcode[50404:13834230] Sending notification: NSConcreteNotification 0x7f96b86a74c0 {name = com.apple.iphonesimulator.startSession; userInfo = {
    deviceUDID = "F62C37DB-AAF4-4E32-9880-D2048C689C5B";
}}
23:30:40.195 Xcode[50404:15853988] Simulator F62C37DB-AAF4-4E32-9880-D2048C689C5B was claimed by LaunchSessionClaim_0x7f9695d13660
23:30:40.195 Xcode[50404:15853988] F62C37DB-AAF4-4E32-9880-D2048C689C5B: Registered for sim device notification, got token 83
23:30:40.195 Xcode[50404:15853981] F62C37DB-AAF4-4E32-9880-D2048C689C5B: Unregistering for sim device notification with token 83
23:30:40.196 Xcode[50404:15853981] F62C37DB-AAF4-4E32-9880-D2048C689C5B: Installing app at path: /Users/RaghuSandeep/Documents/NYTimes/DerivedData/NYTimes/Build/Products/Debug-iphonesimulator/NYTimes.app and options: (null)
23:30:40.609 Xcode[50404:15853981] F62C37DB-AAF4-4E32-9880-D2048C689C5B: Installed app at path: /Users/RaghuSandeep/Documents/NYTimes/DerivedData/NYTimes/Build/Products/Debug-iphonesimulator/NYTimes.app and options: (null)
23:30:40.611 Xcode[50404:15853981] F62C37DB-AAF4-4E32-9880-D2048C689C5B: Launching app with identifier: com.NYTimes and options: {
    "activate_suspended" = 0;
    arguments =     (
        "-NSTreatUnknownArgumentsAsOpen",
        NO,
        "-ApplePersistenceIgnoreState",
        YES
    );
    environment =     {
        "DYLD_FRAMEWORK_PATH" = "/Users/RaghuSandeep/Documents/NYTimes/DerivedData/NYTimes/Build/Products/Debug-iphonesimulator:/Users/RaghuSandeep/Documents/NYTimes/DerivedData/NYTimes/Build/Products/Debug-iphonesimulator:/Applications/Xcode.app/Contents/Developer/Platforms/iPhoneSimulator.platform/Developer/Library/Frameworks:/Applications/Xcode.app/Contents/Developer/Platforms/iPhoneOS.platform/Developer/Library/CoreSimulator/Profiles/Runtimes/iOS.simruntime/Contents/Resources/RuntimeRoot/Developer/Library/PrivateFrameworks:/Users/RaghuSandeep/Documents/NYTimes/DerivedData/NYTimes/Build/Products/Debug-iphonesimulator:/Applications/Xcode.app/Contents/Developer/Platforms/iPhoneSimulator.platform/Developer/Library/Frameworks:/Applications/Xcode.app/Contents/Developer/Platforms/iPhoneOS.platform/Developer/Library/CoreSimulator/Profiles/Runtimes/iOS.simruntime/Contents/Resources/RuntimeRoot/Developer/Library/PrivateFrameworks";
        "DYLD_INSERT_LIBRARIES" = "/Applications/Xcode.app/Contents/Developer/Platforms/iPhoneOS.platform/Developer/Library/CoreSimulator/Profiles/Runtimes/iOS.simruntime/Contents/Resources/RuntimeRoot/Developer/Library/PrivateFrameworks/DTDDISupport.framework/libViewDebuggerSupport.dylib:/Applications/Xcode.app/Contents/Developer/Platforms/iPhoneSimulator.platform/Developer/Library/PrivateFrameworks/IDEBundleInjection.framework/IDEBundleInjection:/Applications/Xcode.app/Contents/Developer/Platforms/iPhoneOS.platform/Developer/Library/CoreSimulator/Profiles/Runtimes/iOS.simruntime/Contents/Resources/RuntimeRoot/usr/lib/libMainThreadChecker.dylib:/Applications/Xcode.app/Contents/Developer/Platforms/iPhoneSimulator.platform/Developer/Library/PrivateFrameworks/IDEBundleInjection.framework/IDEBundleInjection:/Applications/Xcode.app/Contents/Developer/Platforms/iPhoneOS.platform/Developer/Library/CoreSimulator/Profiles/Runtimes/iOS.simruntime/Contents/Resources/RuntimeRoot/usr/lib/libMainThreadChecker.dylib";
        "DYLD_LIBRARY_PATH" = "/Users/RaghuSandeep/Documents/NYTimes/DerivedData/NYTimes/Build/Products/Debug-iphonesimulator:/Users/RaghuSandeep/Documents/NYTimes/DerivedData/NYTimes/Build/Products/Debug-iphonesimulator:/Applications/Xcode.app/Contents/Developer/Platforms/iPhoneSimulator.platform/Developer/Library/Frameworks:/Applications/Xcode.app/Contents/Developer/Platforms/iPhoneOS.platform/Developer/Library/CoreSimulator/Profiles/Runtimes/iOS.simruntime/Contents/Resources/RuntimeRoot/Developer/Library/PrivateFrameworks:/Users/RaghuSandeep/Documents/NYTimes/DerivedData/NYTimes/Build/Products/Debug-iphonesimulator:/Applications/Xcode.app/Contents/Developer/Platforms/iPhoneSimulator.platform/Developer/Library/Frameworks:/Applications/Xcode.app/Contents/Developer/Platforms/iPhoneOS.platform/Developer/Library/CoreSimulator/Profiles/Runtimes/iOS.simruntime/Contents/Resources/RuntimeRoot/Developer/Library/PrivateFrameworks";
        "LLVM_PROFILE_FILE" = "/var/folders/qt/s3mb8zcj7j7d7nfzd3fnvk4m0000gr/T/com.NYTimes/57A18D7B-53FB-4879-B329-FC594AAB08CA-50404-0000772435BD9F9F/E1F3B0AD-FAB8-47E8-9307-69871643A280-%p.profraw%15x";
        "MTC_CRASH_ON_REPORT" = 1;
        NSApplicationQuitWithoutSuddenTermination = YES;
        NSUnbufferedIO = YES;
        "OS_ACTIVITY_DT_MODE" = YES;
        "SQLITE_ENABLE_THREAD_ASSERTIONS" = 1;
        XCInjectBundleInto = "/Users/RaghuSandeep/Documents/NYTimes/DerivedData/NYTimes/Build/Products/Debug-iphonesimulator/NYTimes.app/NYTimes";
        "XCODE_DBG_XPC_EXCLUSIONS" = "com.apple.dt.xctestSymbolicator";
        XCTestConfigurationFilePath = "/var/folders/qt/s3mb8zcj7j7d7nfzd3fnvk4m0000gr/T/com.apple.dt.XCTest/IDETestRunSession-8F82CB57-4EB6-436F-A7A8-7636A3B67A0B/NYTimesTests-11A1FF42-1B72-4AE2-AD80-12023DEDC54F/LaunchSessions/B4E4183D-D63D-4B7D-A6FF-190D40E8D416/remote-container/tmp/NYTimesTests-B4E4183D-D63D-4B7D-A6FF-190D40E8D416.xctestconfiguration";
        "__XCODE_BUILT_PRODUCTS_DIR_PATHS" = "/Users/RaghuSandeep/Documents/NYTimes/DerivedData/NYTimes/Build/Products/Debug-iphonesimulator";
        "__XPC_DYLD_FRAMEWORK_PATH" = "/Users/RaghuSandeep/Documents/NYTimes/DerivedData/NYTimes/Build/Products/Debug-iphonesimulator";
        "__XPC_DYLD_LIBRARY_PATH" = "/Users/RaghuSandeep/Documents/NYTimes/DerivedData/NYTimes/Build/Products/Debug-iphonesimulator";
        "__XPC_LLVM_PROFILE_FILE" = "/var/folders/qt/s3mb8zcj7j7d7nfzd3fnvk4m0000gr/T/com.NYTimes/57A18D7B-53FB-4879-B329-FC594AAB08CA-50404-0000772435BD9F9F/E1F3B0AD-FAB8-47E8-9307-69871643A280-%p.profraw%15x";
    };
    stderr = "/dev/ttys005";
    stdout = "/dev/ttys005";
    "wait_for_debugger" = 1;
}
23:30:42.918 Xcode[50404:15853988] F62C37DB-AAF4-4E32-9880-D2048C689C5B: Launched app with identifier: com.NYTimes (pid = 78369)
23:30:42.919 Xcode[50404:15853988] Tracking pid 78369 for simulator <DVTiPhoneSimulator: 0x7f96b7261420> {
		SimDevice: iPhone X (F62C37DB-AAF4-4E32-9880-D2048C689C5B, iOS 11.3, Booted)
}
23:30:42.919 Xcode[50404:15853988] Checking to see if pid 78369 is valid: kill(pid, 0) = 0 (YES, it's still running)
23:30:42.919 Xcode[50404:15853988] Setting up DVTTaskNotifyOnProcDeath for pid 78369
23:30:42.919 Xcode[50404:13834230] Test process runnable PID is 78369.
23:30:43.696 Xcode[50404:13834230] Waiting for test process to check in..., will wait up to 120s
23:30:46.373 Xcode[50404:13834230] Clearing timeout timer while paused in the debugger. Timeout conditions may not be detected during this session.
23:30:50.763 Xcode[50404:13834230] Clearing timeout timer while paused in the debugger. Timeout conditions may not be detected during this session.
23:30:54.631 Xcode[50404:15853981] Handling proxy channel request from test runner
23:30:54.632 Xcode[50404:15853981] Test runner is ready, running protocol 25, requires at least version 8. Control framework is running 25 and requires at least 8
23:30:54.632 Xcode[50404:13834230] Test runner session successfully initiated.
23:30:54.632 Xcode[50404:13834230] Creating the daemon control session.
23:30:54.632 Xcode[50404:13834230] Whitelisting test process ID 78369
23:30:54.632 Xcode[50404:15853989] Sim iPhone X: Unregistering for sim device notification with token 84
23:30:54.632 Xcode[50404:13834230] Got authorization request for pid 78369
23:30:54.632 Xcode[50404:15853989] Calling -[SimDevice getenv:error:] for TESTMANAGERD_SIM_SOCK
23:30:54.633 Xcode[50404:15853989] Sim iPhone X has testmanagerd socket at /private/tmp/com.apple.launchd.2QNSBHkact/com.apple.testmanagerd.unix-domain.socket
23:30:54.633 Xcode[50404:15853989] Validating test connection socket path (/private/tmp/com.apple.launchd.2QNSBHkact/com.apple.testmanagerd.unix-domain.socket)
23:30:54.633 Xcode[50404:15853989] Constructing transport for test connection socket
23:30:54.634 Xcode[50404:15853989] Connected socket 174 to testmanagerd for Sim iPhone X
23:30:54.634 Xcode[50404:15853980] Requesting authorization for pid 78369
23:30:54.645 Xcode[50404:15853980] Got reply to authorization request for pid 78369 (result:error): 25: (null)
23:30:54.645 Xcode[50404:13834230] Got whitelisting response from test daemon. Success: 1
23:30:54.646 Xcode[50404:13834230] Registering/updating daemon-based crash report observer for process names (
    XCTRunner,
    NYTimes,
    xctest
), report directories: (
    "/Users/RaghuSandeep/Library/Logs/DiagnosticReports",
    "/Library/Logs/DiagnosticReports"
).
23:30:16.751 testmanagerd[68976:15851538] XCIDESession is responsible for cleaning up its socket
23:30:16.752 testmanagerd[68976:15850687] -[XCTDaemon closeIDESession:]_block_invoke <XCIDESession: 0x7fe270400140> (socket 5) created Monday, August 13, 2018 at 11:30:16 PM India Standard Time
23:30:16.752 testmanagerd[68976:15850687] Tearing down <XCIDESession: 0x7fe270400140> (socket 5) created Monday, August 13, 2018 at 11:30:16 PM India Standard Time.
23:30:16.753 testmanagerd[68976:15850687] Control session closed, will disconnect from matching testing client.
23:30:16.753 testmanagerd[68976:15850687] Session summary: 0 test sessions, 0 sessions with identifiers, 0 unidentified sessions, does not have control sessions
23:30:40.093 testmanagerd[68976:15853424] IDE connected over socket 4 (-[XCTestManagerIDEServer listenForControlConnectionsOverNamedSocket]_block_invoke)
23:30:40.093 testmanagerd[68976:15853424] Created session with socket 4
23:30:40.094 testmanagerd[68976:15853993] Adding <XCIDESession: 0x7fe26e6015b0> (socket 4) created Monday, August 13, 2018 at 11:30:40 PM India Standard Time to the set of unidentified IDE sessions
23:30:40.095 testmanagerd[68976:15853425] Handled a proxy request from the IDE with session <XCIDESession: 0x7fe26e6015b0> (socket 4) created Monday, August 13, 2018 at 11:30:40 PM India Standard Time proxy <_DTXProxy: 0x7fe270100950>
23:30:40.095 testmanagerd[68976:15754479] -[XCIDESession _IDE_initiateSessionWithIdentifier:forClient:atPath:protocolVersion:]_block_invoke B4E4183D-D63D-4B7D-A6FF-190D40E8D416 1 4 from client C4809F4F-610D-403F-BDBB-1E96493AAAC1-50404-000060C2D1055F8A (/Applications/Xcode.app)
23:30:40.095 testmanagerd[68976:15754479] -[XCIDESession _IDE_initiateSessionWithIdentifier:forClient:atPath:protocolVersion:]_block_invoke B4E4183D-D63D-4B7D-A6FF-190D40E8D416 Replied with protocol version 25
23:30:40.096 testmanagerd[68976:15853425] -[XCTDaemon setIDESession:forIdentifier:]_block_invoke <XCIDESession: 0x7fe26e6015b0> (socket 4) created Monday, August 13, 2018 at 11:30:40 PM India Standard Time for client C4809F4F-610D-403F-BDBB-1E96493AAAC1-50404-000060C2D1055F8A waiting to pair with test session B4E4183D-D63D-4B7D-A6FF-190D40E8D416 -> B4E4183D-D63D-4B7D-A6FF-190D40E8D416
23:30:54.567 testmanagerd[68976:15853424] Received new test session connection from process with PID 78369
23:30:54.568 testmanagerd[68976:15853424] Looking up app info for pid 78369
23:30:54.591 testmanagerd[68976:15854639] Got app info for pid 78369: {
    BKSApplicationStateAppIsFrontmost = 1;
    BKSApplicationStateExtensionKey = 0;
    SBApplicationStateDisplayIDKey = "com.NYTimes";
    SBApplicationStateKey = 8;
    SBApplicationStateProcessIDKey = 78369;
    SBApplicationStateRunningReasonsKey =     (
                {
            SBApplicationStateRunningReasonAssertionIdentifierKey = "Deliver Message";
            SBApplicationStateRunningReasonAssertionReasonKey = 10001;
        },
                {
            SBApplicationStateRunningReasonAssertionIdentifierKey = Resume;
            SBApplicationStateRunningReasonAssertionReasonKey = 10000;
        }
    );
    SBMostElevatedStateForProcessID = 8;
}
23:30:54.593 testmanagerd[68976:15854639] Got request for process assertion for pid 78369.
23:30:54.593 testmanagerd[68976:15854639] Created process assertion for pid 78369: <BKSProcessAssertion: 0x7fe270108070>, waiting for response from assertiond.
23:30:54.593 testmanagerd[68976:15854639] Starting to monitor com.NYTimes
23:30:54.594 testmanagerd[68976:15854638] Got application state update: com.NYTimes (78369) -> 8
23:30:54.594 testmanagerd[68976:15854638] <XCTestSession: 0x7fe26e60b680> -[XCTestSession applicationWithBundleID:didUpdatePID:andState:] com.NYTimes 78369 8
23:30:54.595 testmanagerd[68976:15854639] Got reply for process assertion request, success: YES
23:30:54.595 testmanagerd[68976:15854639] Got reply for process assertion request, success: YES
23:30:54.625 testmanagerd[68976:15853424] Test session B4E4183D-D63D-4B7D-A6FF-190D40E8D416 requested transport for IDE (-[XCTestSession _XCT_requestSerializedTransportWrapperForIDESessionWithIdentifier:reply:])
23:30:54.625 testmanagerd[68976:15854639] Test session B4E4183D-D63D-4B7D-A6FF-190D40E8D416 requested serialized transport (-[XCTDaemon requestSerializedTransportForSessionIdentifier:reply:]_block_invoke)
23:30:54.626 testmanagerd[68976:15854639] Initiating serialized transport handoff from IDE connection to test host.
23:30:54.626 testmanagerd[68976:15854639] -[XCIDESession closeConnectionAndHandOffTransportWithCompletionHandler:] sending barrier
23:30:54.626 testmanagerd[68976:15854639] Barrier flushed. Cancelling connection. Socket will not be closed
23:30:54.626 testmanagerd[68976:15854639] DTXSocketTransport for socket 4 disconnected, owner is <XCIDESession: 0x7fe26e6015b0> (socket 4) created Monday, August 13, 2018 at 11:30:40 PM India Standard Time for client C4809F4F-610D-403F-BDBB-1E96493AAAC1-50404-000060C2D1055F8A waiting to pair with test session B4E4183D-D63D-4B7D-A6FF-190D40E8D416
23:30:54.626 testmanagerd[68976:15854638] -[XCTDaemon closeIDESession:]_block_invoke <XCIDESession: 0x7fe26e6015b0> (socket 4) created Monday, August 13, 2018 at 11:30:40 PM India Standard Time for client C4809F4F-610D-403F-BDBB-1E96493AAAC1-50404-000060C2D1055F8A waiting to pair with test session B4E4183D-D63D-4B7D-A6FF-190D40E8D416
23:30:54.627 testmanagerd[68976:15854638] Tearing down <XCIDESession: 0x7fe26e6015b0> (socket 4) created Monday, August 13, 2018 at 11:30:40 PM India Standard Time for client C4809F4F-610D-403F-BDBB-1E96493AAAC1-50404-000060C2D1055F8A waiting to pair with test session B4E4183D-D63D-4B7D-A6FF-190D40E8D416.
23:30:54.627 testmanagerd[68976:15854638] Session summary: 1 test sessions, 0 sessions with identifiers, 0 unidentified sessions, does not have control sessions
23:30:54.641 testmanagerd[68976:15853424] IDE connected over socket 5 (-[XCTestManagerIDEServer listenForControlConnectionsOverNamedSocket]_block_invoke)
23:30:54.642 testmanagerd[68976:15853424] Created session with socket 5
23:30:54.643 testmanagerd[68976:15854647] Adding <XCIDESession: 0x7fe270107d40> (socket 5) created Monday, August 13, 2018 at 11:30:54 PM India Standard Time to the set of unidentified IDE sessions
23:30:54.644 testmanagerd[68976:15854647] Handled a proxy request from the IDE with session <XCIDESession: 0x7fe270107d40> (socket 5) created Monday, August 13, 2018 at 11:30:54 PM India Standard Time proxy <_DTXProxy: 0x7fe270400680>
23:30:54.644 testmanagerd[68976:15854647] -[XCIDESession _IDE_initiateControlSessionForTestProcessID:protocolVersion:] 78369 25
23:30:54.644 testmanagerd[68976:15754479] Adding control session <XCIDESession: 0x7fe270107d40> (socket 5) created Monday, August 13, 2018 at 11:30:54 PM India Standard Time with protocol version 25
23:30:54.646 testmanagerd[68976:15754479] Received request to collect crash reports in directories '/Users/RaghuSandeep/Library/Logs/DiagnosticReports', '/Library/Logs/DiagnosticReports' for processes with names 'XCTRunner', 'NYTimes', 'xctest'
23:30:54.647 testmanagerd[68976:15754479] Initializing crash report observer for /Users/RaghuSandeep/Library/Logs/DiagnosticReports
23:30:54.647 testmanagerd[68976:15754479] Getting files in /Users/RaghuSandeep/Library/Logs/DiagnosticReports
23:30:54.656 Xcode[50404:13834230] Telling test runner to start executing tests.
23:30:54.653 testmanagerd[68976:15754479] Found 1693 files in /Users/RaghuSandeep/Library/Logs/DiagnosticReports
23:30:54.654 testmanagerd[68976:15754479] Started monitoring /Users/RaghuSandeep/Library/Logs/DiagnosticReports
23:30:54.654 testmanagerd[68976:15754479] Initializing crash report observer for /Library/Logs/DiagnosticReports
23:30:54.654 testmanagerd[68976:15754479] Getting files in /Library/Logs/DiagnosticReports
23:30:54.562 NYTimes[78369:15854163] Linked XCTest.framework from /Applications/Xcode.app/Contents/Developer/Platforms/iPhoneSimulator.platform/Developer/Library/Frameworks/XCTest.framework/XCTest, built with Xcode 0930(9E499), modified on Wednesday, May 2, 2018 at 8:06:59 AM India Standard Time
XCTest.framework bundle version: 14099
23:30:54.563 NYTimes[78369:15854163] System uptime: 7:03:30
23:30:54.563 NYTimes[78369:15854163] Process arguments: (
    "/Users/RaghuSandeep/Library/Developer/CoreSimulator/Devices/F62C37DB-AAF4-4E32-9880-D2048C689C5B/data/Containers/Bundle/Application/D29C4E11-9C61-4B77-83D8-FE65F02C97E7/NYTimes.app/NYTimes",
    "-NSTreatUnknownArgumentsAsOpen",
    NO,
    "-ApplePersistenceIgnoreState",
    YES
)
23:30:54.563 NYTimes[78369:15854163] Process environment: {
    "CFFIXED_USER_HOME" = "/Users/RaghuSandeep/Library/Developer/CoreSimulator/Devices/F62C37DB-AAF4-4E32-9880-D2048C689C5B/data/Containers/Data/Application/294E1538-8ACE-4EAC-A7C2-EEA0536FBF85";
    CLASSIC = 0;
    "CUPS_SERVER" = "/private/tmp/com.apple.launchd.btVVM8yFwF/Listeners";
    "DYLD_FALLBACK_FRAMEWORK_PATH" = "/Applications/Xcode.app/Contents/Developer/Platforms/iPhoneOS.platform/Developer/Library/CoreSimulator/Profiles/Runtimes/iOS.simruntime/Contents/Resources/RuntimeRoot/System/Library/Frameworks";
    "DYLD_FALLBACK_LIBRARY_PATH" = "/Applications/Xcode.app/Contents/Developer/Platforms/iPhoneOS.platform/Developer/Library/CoreSimulator/Profiles/Runtimes/iOS.simruntime/Contents/Resources/RuntimeRoot/usr/lib";
    "DYLD_FRAMEWORK_PATH" = "/Users/RaghuSandeep/Documents/NYTimes/DerivedData/NYTimes/Build/Products/Debug-iphonesimulator:/Users/RaghuSandeep/Documents/NYTimes/DerivedData/NYTimes/Build/Products/Debug-iphonesimulator:/Applications/Xcode.app/Contents/Developer/Platforms/iPhoneSimulator.platform/Developer/Library/Frameworks:/Applications/Xcode.app/Contents/Developer/Platforms/iPhoneOS.platform/Developer/Library/CoreSimulator/Profiles/Runtimes/iOS.simruntime/Contents/Resources/RuntimeRoot/Developer/Library/PrivateFrameworks:/Users/RaghuSandeep/Documents/NYTimes/DerivedData/NYTimes/Build/Products/Debug-iphonesimulator:/Applications/Xcode.app/Contents/Developer/Platforms/iPhoneSimulator.platform/Developer/Library/Frameworks:/Applications/Xcode.app/Contents/Developer/Platforms/iPhoneOS.platform/Developer/Library/CoreSimulator/Profiles/Runtimes/iOS.simruntime/Contents/Resources/RuntimeRoot/Developer/Library/PrivateFrameworks";
    "DYLD_LIBRARY_PATH" = "/Users/RaghuSandeep/Documents/NYTimes/DerivedData/NYTimes/Build/Products/Debug-iphonesimulator:/Users/RaghuSandeep/Documents/NYTimes/DerivedData/NYTimes/Build/Products/Debug-iphonesimulator:/Applications/Xcode.app/Contents/Developer/Platforms/iPhoneSimulator.platform/Developer/Library/Frameworks:/Applications/Xcode.app/Contents/Developer/Platforms/iPhoneOS.platform/Developer/Library/CoreSimulator/Profiles/Runtimes/iOS.simruntime/Contents/Resources/RuntimeRoot/Developer/Library/PrivateFrameworks:/Users/RaghuSandeep/Documents/NYTimes/DerivedData/NYTimes/Build/Products/Debug-iphonesimulator:/Applications/Xcode.app/Contents/Developer/Platforms/iPhoneSimulator.platform/Developer/Library/Frameworks:/Applications/Xcode.app/Contents/Developer/Platforms/iPhoneOS.platform/Developer/Library/CoreSimulator/Profiles/Runtimes/iOS.simruntime/Contents/Resources/RuntimeRoot/Developer/Library/PrivateFrameworks";
    "DYLD_ROOT_PATH" = "/Applications/Xcode.app/Contents/Developer/Platforms/iPhoneOS.platform/Developer/Library/CoreSimulator/Profiles/Runtimes/iOS.simruntime/Contents/Resources/RuntimeRoot";
    HOME = "/Users/RaghuSandeep/Library/Developer/CoreSimulator/Devices/F62C37DB-AAF4-4E32-9880-D2048C689C5B/data/Containers/Data/Application/294E1538-8ACE-4EAC-A7C2-EEA0536FBF85";
    "IOS_SIMULATOR_SYSLOG_SOCKET" = "/private/tmp/com.apple.CoreSimulator.SimDevice.F62C37DB-AAF4-4E32-9880-D2048C689C5B/syslogsock";
    "IPHONE_SHARED_RESOURCES_DIRECTORY" = "/Users/RaghuSandeep/Library/Developer/CoreSimulator/Devices/F62C37DB-AAF4-4E32-9880-D2048C689C5B/data";
    "IPHONE_SIMULATOR_ROOT" = "/Applications/Xcode.app/Contents/Developer/Platforms/iPhoneOS.platform/Developer/Library/CoreSimulator/Profiles/Runtimes/iOS.simruntime/Contents/Resources/RuntimeRoot";
    "IPHONE_TVOUT_EXTENDED_PROPERTIES" = "/Users/RaghuSandeep/Library/Developer/CoreSimulator/Devices/F62C37DB-AAF4-4E32-9880-D2048C689C5B/data/Library/Application Support/Simulator/extended_display.plist";
    "LLVM_PROFILE_FILE" = "/var/folders/qt/s3mb8zcj7j7d7nfzd3fnvk4m0000gr/T/com.NYTimes/57A18D7B-53FB-4879-B329-FC594AAB08CA-50404-0000772435BD9F9F/E1F3B0AD-FAB8-47E8-9307-69871643A280-%p.profraw%15x";
    "MTC_CRASH_ON_REPORT" = 1;
    NSApplicationQuitWithoutSuddenTermination = YES;
    NSUnbufferedIO = YES;
    "OS_ACTIVITY_DT_MODE" = YES;
    PATH = "/Applications/Xcode.app/Contents/Developer/Platforms/iPhoneOS.platform/Developer/Library/CoreSimulator/Profiles/Runtimes/iOS.simruntime/Contents/Resources/RuntimeRoot/usr/bin:/Applications/Xcode.app/Contents/Developer/Platforms/iPhoneOS.platform/Developer/Library/CoreSimulator/Profiles/Runtimes/iOS.simruntime/Contents/Resources/RuntimeRoot/bin:/Applications/Xcode.app/Contents/Developer/Platforms/iPhoneOS.platform/Developer/Library/CoreSimulator/Profiles/Runtimes/iOS.simruntime/Contents/Resources/RuntimeRoot/usr/sbin:/Applications/Xcode.app/Contents/Developer/Platforms/iPhoneOS.platform/Developer/Library/CoreSimulator/Profiles/Runtimes/iOS.simruntime/Contents/Resources/RuntimeRoot/sbin:/Applications/Xcode.app/Contents/Developer/Platforms/iPhoneOS.platform/Developer/Library/CoreSimulator/Profiles/Runtimes/iOS.simruntime/Contents/Resources/RuntimeRoot/usr/local/bin";
    "RWI_LISTEN_SOCKET" = "/private/tmp/com.apple.launchd.Dy6PFTxXGm/com.apple.webinspectord_sim.socket";
    "SIMULATOR_AUDIO_DEVICES_PLIST_PATH" = "/Users/RaghuSandeep/Library/Developer/CoreSimulator/Devices/F62C37DB-AAF4-4E32-9880-D2048C689C5B/data/var/run/com.apple.coresimulator.audio.plist";
    "SIMULATOR_AUDIO_SETTINGS_PATH" = "/Users/RaghuSandeep/Library/Developer/CoreSimulator/Devices/F62C37DB-AAF4-4E32-9880-D2048C689C5B/data/var/run/simulatoraudio/audiosettings.plist";
    "SIMULATOR_BOOT_TIME" = 1534157844;
    "SIMULATOR_CAPABILITIES" = "/Applications/Xcode.app/Contents/Developer/Platforms/iPhoneOS.platform/Developer/Library/CoreSimulator/Profiles/DeviceTypes/iPhone X.simdevicetype/Contents/Resources/capabilities.plist";
    "SIMULATOR_DEVICE_NAME" = "iPhone X";
    "SIMULATOR_EXTENDED_DISPLAY_PROPERTIES" = "/Users/RaghuSandeep/Library/Developer/CoreSimulator/Devices/F62C37DB-AAF4-4E32-9880-D2048C689C5B/data/Library/Application Support/Simulator/extended_display.plist";
    "SIMULATOR_HID_SYSTEM_MANAGER" = "/Library/Developer/PrivateFrameworks/CoreSimulator.framework/Resources/Platforms/iphoneos/Library/Frameworks/SimulatorHID.framework";
    "SIMULATOR_HOST_HOME" = "/Users/RaghuSandeep";
    "SIMULATOR_LEGACY_ASSET_SUFFIX" = iphone;
    "SIMULATOR_LOG_ROOT" = "/Users/RaghuSandeep/Library/Logs/CoreSimulator/F62C37DB-AAF4-4E32-9880-D2048C689C5B";
    "SIMULATOR_MAINSCREEN_HEIGHT" = 2436;
    "SIMULATOR_MAINSCREEN_PITCH" = "458.000000";
    "SIMULATOR_MAINSCREEN_SCALE" = "3.000000";
    "SIMULATOR_MAINSCREEN_WIDTH" = 1125;
    "SIMULATOR_MEMORY_WARNINGS" = "/Users/RaghuSandeep/Library/Developer/CoreSimulator/Devices/F62C37DB-AAF4-4E32-9880-D2048C689C5B/data/var/run/memory_warning_simulation";
    "SIMULATOR_MODEL_IDENTIFIER" = "iPhone10,3";
    "SIMULATOR_PRODUCT_CLASS" = D22;
    "SIMULATOR_ROOT" = "/Applications/Xcode.app/Contents/Developer/Platforms/iPhoneOS.platform/Developer/Library/CoreSimulator/Profiles/Runtimes/iOS.simruntime/Contents/Resources/RuntimeRoot";
    "SIMULATOR_RUNTIME_BUILD_VERSION" = 15E217;
    "SIMULATOR_RUNTIME_VERSION" = "11.3";
    "SIMULATOR_SHARED_RESOURCES_DIRECTORY" = "/Users/RaghuSandeep/Library/Developer/CoreSimulator/Devices/F62C37DB-AAF4-4E32-9880-D2048C689C5B/data";
    "SIMULATOR_UDID" = "F62C37DB-AAF4-4E32-9880-D2048C689C5B";
    "SIMULATOR_VERSION_INFO" = "CoreSimulator 559.1.2 - Device: iPhone X - Runtime: iOS 11.3 (15E217) - DeviceType: iPhone X";
    "SQLITE_ENABLE_THREAD_ASSERTIONS" = 1;
    "TESTMANAGERD_SIM_SOCK" = "/private/tmp/com.apple.launchd.2QNSBHkact/com.apple.testmanagerd.unix-domain.socket";
    TMPDIR = "/Users/RaghuSandeep/Library/Developer/CoreSimulator/Devices/F62C37DB-AAF4-4E32-9880-D2048C689C5B/data/Containers/Data/Application/294E1538-8ACE-4EAC-A7C2-EEA0536FBF85/tmp";
    XCInjectBundleInto = "/Users/RaghuSandeep/Documents/NYTimes/DerivedData/NYTimes/Build/Products/Debug-iphonesimulator/NYTimes.app/NYTimes";
    "XCODE_DBG_XPC_EXCLUSIONS" = "com.apple.dt.xctestSymbolicator";
    XCTestConfigurationFilePath = "/var/folders/qt/s3mb8zcj7j7d7nfzd3fnvk4m0000gr/T/com.apple.dt.XCTest/IDETestRunSession-8F82CB57-4EB6-436F-A7A8-7636A3B67A0B/NYTimesTests-11A1FF42-1B72-4AE2-AD80-12023DEDC54F/LaunchSessions/B4E4183D-D63D-4B7D-A6FF-190D40E8D416/remote-container/tmp/NYTimesTests-B4E4183D-D63D-4B7D-A6FF-190D40E8D416.xctestconfiguration";
    "XPC_FLAGS" = 0x0;
    "XPC_SERVICE_NAME" = "UIKitApplication:com.NYTimes[0x67ed][9795]";
    "XPC_SIMULATOR_LAUNCHD_NAME" = "com.apple.CoreSimulator.SimDevice.F62C37DB-AAF4-4E32-9880-D2048C689C5B";
    "__XCODE_BUILT_PRODUCTS_DIR_PATHS" = "/Users/RaghuSandeep/Documents/NYTimes/DerivedData/NYTimes/Build/Products/Debug-iphonesimulator";
    "__XPC_DYLD_FRAMEWORK_PATH" = "/Users/RaghuSandeep/Documents/NYTimes/DerivedData/NYTimes/Build/Products/Debug-iphonesimulator";
    "__XPC_DYLD_LIBRARY_PATH" = "/Users/RaghuSandeep/Documents/NYTimes/DerivedData/NYTimes/Build/Products/Debug-iphonesimulator";
    "__XPC_LLVM_PROFILE_FILE" = "/var/folders/qt/s3mb8zcj7j7d7nfzd3fnvk4m0000gr/T/com.NYTimes/57A18D7B-53FB-4879-B329-FC594AAB08CA-50404-0000772435BD9F9F/E1F3B0AD-FAB8-47E8-9307-69871643A280-%p.profraw%15x";
}
23:30:54.655 testmanagerd[68976:15754479] Found 198 files in /Library/Logs/DiagnosticReports
23:30:54.564 NYTimes[78369:15854163] App Sandbox active: NO
23:30:54.655 testmanagerd[68976:15754479] Started monitoring /Library/Logs/DiagnosticReports
23:30:54.564 NYTimes[78369:15854163] Loading test bundle at: file:///Users/RaghuSandeep/Documents/NYTimes/DerivedData/NYTimes/Build/Products/Debug-iphonesimulator/NYTimes.app/PlugIns/NYTimesTests.xctest/
23:30:54.564 NYTimes[78369:15854163] Finished loading test bundle
23:30:54.564 NYTimes[78369:15854163] Readying IDE session
23:30:54.565 NYTimes[78369:15854163] Creating future for 'Exchange protocol versions with daemon' with timeout 15.00
23:30:54.566 NYTimes[78369:15854163] <XCTWaiter: 0x60c00001bd80, state: XCTWaiterStateInProgress> entering wait loop for 15.00s with expectations: (
    "Exchange protocol versions with daemon"
)
23:30:54.569 NYTimes[78369:15854294] <XCTWaiter: 0x60c00001bd80, state: XCTWaiterStateSucceeded>: cancelWaiting
23:30:54.624 NYTimes[78369:15854163] <XCTWaiter: 0x60c00001bd80, state: XCTWaiterStateSucceeded> done waiting
23:30:54.624 NYTimes[78369:15854163] <XCTWaiter: 0x60c00001bd80, state: XCTWaiterStateSucceeded> cleaning up Exchange protocol versions with daemon
23:30:54.624 NYTimes[78369:15854163] Got daemon protocol version 22
23:30:54.625 NYTimes[78369:15854163] Requesting IDE connection transport
23:30:54.625 NYTimes[78369:15854163] <XCTWaiter: 0x60c00001c100, state: XCTWaiterStateInProgress> entering wait loop for 60.00s with expectations: (
    "Transport for IDE session acquired"
)
23:30:54.626 NYTimes[78369:15854295] Creating transport with received transport data
23:30:54.627 NYTimes[78369:15854294] <XCTWaiter: 0x60c00001c100, state: XCTWaiterStateSucceeded>: cancelWaiting
23:30:54.627 NYTimes[78369:15854163] <XCTWaiter: 0x60c00001c100, state: XCTWaiterStateSucceeded> done waiting
23:30:54.627 NYTimes[78369:15854163] <XCTWaiter: 0x60c00001c100, state: XCTWaiterStateSucceeded> cleaning up Transport for IDE session acquired
23:30:54.627 NYTimes[78369:15854163] Creating connection with transport <DTXFileDescriptorTransport: 0x6080002e1300>
23:30:54.629 NYTimes[78369:15854163] Creating the proxy channel with connection <DTXConnection 0x6080001fb400 : x1>
23:30:54.630 NYTimes[78369:15854163] Creating future for 'IDE session ready for test plan' with timeout 60.00
23:30:54.630 NYTimes[78369:15854163] Messaging IDE proxy - _XCT_testBundleReadyWithProtocolVersion:25 minimumVersion:8
23:30:54.631 NYTimes[78369:15854163] <XCTWaiter: 0x60c00001bd80, state: XCTWaiterStateInProgress> entering wait loop for 60.00s with expectations: (
    "IDE session ready for test plan"
)
23:30:54.632 NYTimes[78369:15854305] _XCT_testBundleReadyWithProtocolVersion:minimumVersion: reply received
23:30:54.663 Xcode[50404:13834230] <IDETestOperationCoordinator: 0x7f96bc96f700>: parseConsoleOutputFromOriginalOutput: called, 63 bytes written out to StandardOutputAndStandardError
Test Suite 'Selected tests' started at 2018-08-13 23:30:54.662
23:30:54.664 Xcode[50404:13834230] <IDETestOperationCoordinator: 0x7f96bc96f700>: parseConsoleOutputFromOriginalOutput: called, 68 bytes written out to StandardOutputAndStandardError
23:30:54.656 NYTimes[78369:15854296] _IDE_startExecutingTestPlanWithProtocolVersion:25
23:30:54.656 NYTimes[78369:15854305] <XCTWaiter: 0x60c00001bd80, state: XCTWaiterStateSucceeded>: cancelWaiting
23:30:54.657 NYTimes[78369:15854163] <XCTWaiter: 0x60c00001bd80, state: XCTWaiterStateSucceeded> done waiting
23:30:54.657 NYTimes[78369:15854163] <XCTWaiter: 0x60c00001bd80, state: XCTWaiterStateSucceeded> cleaning up IDE session ready for test plan
23:30:54.664 Xcode[50404:13834230] Starting test plan, clearing initialization timeout timer.
23:30:54.661 NYTimes[78369:15854163] Loading test suite...
23:30:54.662 NYTimes[78369:15854163] Finished loading test suite, took 0.000s
23:30:54.662 NYTimes[78369:15854163] -[XCTRunnerIDESession testBundleWillStart:]
23:30:54.662 NYTimes[78369:15854163] Running suite...
23:30:54.662 NYTimes[78369:15854163] -[XCTRunnerIDESession testSuiteWillStart:]
23:30:54.664 Xcode[50404:13834230] _XCT_testSuite:Selected tests didStartAt:2018-08-13 18:00:54 +0000
23:30:57.664 Xcode[50404:15853988] (LOG ARBITER) Rotating message buffer with 13 messages.
23:31:04.058 Xcode[50404:15853764] (LOG ARBITER) Rotating message buffer with 15 messages.
23:31:06.664 Xcode[50404:15853764] (LOG ARBITER) Rotating message buffer with 11 messages.
Test Suite 'NYTimesTests.xctest' started at 2018-08-13 23:30:54.663
23:30:54.664 Xcode[50404:13834230] <IDETestOperationCoordinator: 0x7f96bc96f700>: parseConsoleOutputFromOriginalOutput: called, 78 bytes written out to StandardOutputAndStandardError
23:30:54.663 NYTimes[78369:15854163] -[XCTRunnerIDESession testSuiteWillStart:]
23:30:54.665 Xcode[50404:13834230] _XCT_testSuite:NYTimesTests.xctest didStartAt:2018-08-13 18:00:54 +0000
23:30:54.663 NYTimes[78369:15854163] -[XCTRunnerIDESession testSuiteWillStart:]
23:30:54.665 Xcode[50404:13834230] _XCT_testSuite:PopularNewsViewControllerTest didStartAt:2018-08-13 18:00:54 +0000
23:30:54.664 NYTimes[78369:15854163] -[XCTRunnerIDESession testCaseWillStart:] NYTimesTests.PopularNewsViewControllerTest testupdate
23:30:54.665 Xcode[50404:13834230] _XCT_testCaseDidStartForTestClass:NYTimesTests.PopularNewsViewControllerTest method:testupdate
Test Suite 'PopularNewsViewControllerTest' started at 2018-08-13 23:30:54.663
23:30:54.665 Xcode[50404:13834230] <IDETestOperationCoordinator: 0x7f96bc96f700>: parseConsoleOutputFromOriginalOutput: called, 78 bytes written out to StandardOutputAndStandardError
Test Case '-[NYTimesTests.PopularNewsViewControllerTest testupdate]' started.
23:30:54.839 Xcode[50404:13834230] <IDETestOperationCoordinator: 0x7f96bc96f700>: parseConsoleOutputFromOriginalOutput: called, 0 bytes written out to StandardOutputAndStandardError
23:30:54.941 Xcode[50404:13834230] Clearing timeout timer while paused in the debugger. Timeout conditions may not be detected during this session.
23:31:03.091 testmanagerd[68976:15854647] Getting files in /Users/RaghuSandeep/Library/Logs/DiagnosticReports
23:31:03.098 testmanagerd[68976:15854647] Found 1694 files in /Users/RaghuSandeep/Library/Logs/DiagnosticReports
23:31:03.099 testmanagerd[68976:15854647] Not reporting suggestd_2018-08-13-233103_Sandeeps-Mac-Book.crash, doesn't match list of processes {XCTRunner, NYTimes, xctest}
23:31:03.101 testmanagerd[68976:15855086] Getting files in /Users/RaghuSandeep/Library/Logs/DiagnosticReports
23:31:03.107 testmanagerd[68976:15855086] Found 1695 files in /Users/RaghuSandeep/Library/Logs/DiagnosticReports
23:31:03.108 testmanagerd[68976:15855086] Not reporting suggestd_2018-08-13-233103-1_Sandeeps-Mac-Book.crash, doesn't match list of processes {XCTRunner, NYTimes, xctest}
23:31:03.148 testmanagerd[68976:15855086] Getting files in /Users/RaghuSandeep/Library/Logs/DiagnosticReports
23:31:03.155 testmanagerd[68976:15855086] Found 1696 files in /Users/RaghuSandeep/Library/Logs/DiagnosticReports
23:31:03.156 testmanagerd[68976:15855086] Not reporting suggestd_2018-08-13-233103-2_Sandeeps-Mac-Book.crash, doesn't match list of processes {XCTRunner, NYTimes, xctest}
23:31:03.461 testmanagerd[68976:15855086] Getting files in /Users/RaghuSandeep/Library/Logs/DiagnosticReports
23:31:03.494 testmanagerd[68976:15855086] Found 1694 files in /Users/RaghuSandeep/Library/Logs/DiagnosticReports
23:31:03.498 testmanagerd[68976:15854647] Getting files in /Users/RaghuSandeep/Library/Logs/DiagnosticReports
23:31:03.614 testmanagerd[68976:15854647] Found 1694 files in /Users/RaghuSandeep/Library/Logs/DiagnosticReports
23:31:03.615 testmanagerd[68976:15855087] Getting files in /Users/RaghuSandeep/Library/Logs/DiagnosticReports
23:31:03.648 testmanagerd[68976:15855087] Found 1693 files in /Users/RaghuSandeep/Library/Logs/DiagnosticReports
23:31:04.476 Xcode[50404:13834230] Clearing timeout timer while paused in the debugger. Timeout conditions may not be detected during this session.
23:31:05.505 testmanagerd[68976:15855087] Getting files in /Users/RaghuSandeep/Library/Logs/DiagnosticReports
23:31:05.509 testmanagerd[68976:15855087] Found 1694 files in /Users/RaghuSandeep/Library/Logs/DiagnosticReports
23:31:05.510 testmanagerd[68976:15855087] Not reporting suggestd_2018-08-13-233105_Sandeeps-Mac-Book.crash, doesn't match list of processes {XCTRunner, NYTimes, xctest}
23:31:05.548 testmanagerd[68976:15855087] Getting files in /Users/RaghuSandeep/Library/Logs/DiagnosticReports
23:31:05.553 testmanagerd[68976:15855087] Found 1695 files in /Users/RaghuSandeep/Library/Logs/DiagnosticReports
23:31:05.553 testmanagerd[68976:15855087] Not reporting suggestd_2018-08-13-233105-1_Sandeeps-Mac-Book.crash, doesn't match list of processes {XCTRunner, NYTimes, xctest}
23:31:05.814 testmanagerd[68976:15855087] Getting files in /Users/RaghuSandeep/Library/Logs/DiagnosticReports
23:31:05.849 testmanagerd[68976:15855087] Found 1694 files in /Users/RaghuSandeep/Library/Logs/DiagnosticReports
23:31:05.861 testmanagerd[68976:15855087] Getting files in /Users/RaghuSandeep/Library/Logs/DiagnosticReports
23:31:05.894 testmanagerd[68976:15855087] Found 1693 files in /Users/RaghuSandeep/Library/Logs/DiagnosticReports
23:31:07.251 testmanagerd[68976:15855087] Getting files in /Users/RaghuSandeep/Library/Logs/DiagnosticReports
23:31:07.256 testmanagerd[68976:15855087] Found 1694 files in /Users/RaghuSandeep/Library/Logs/DiagnosticReports
23:31:07.257 testmanagerd[68976:15855087] Not reporting suggestd_2018-08-13-233107_Sandeeps-Mac-Book.crash, doesn't match list of processes {XCTRunner, NYTimes, xctest}
23:31:07.591 testmanagerd[68976:15855088] Getting files in /Users/RaghuSandeep/Library/Logs/DiagnosticReports
23:31:07.600 testmanagerd[68976:15855088] Found 1693 files in /Users/RaghuSandeep/Library/Logs/DiagnosticReports
23:31:08.669 Xcode[50404:13834230] <IDETestOperationCoordinator: 0x7f96bc96f700>: parseConsoleOutputFromOriginalOutput: called, 182 bytes written out to StandardOutputAndStandardError
23:31:08.635 NYTimes[78369:15854163] -[XCTRunnerIDESession testCase:didFailWithDescription:inFile:atLine:]
23:31:08.669 Xcode[50404:13834230] _XCT_testCaseDidFailForTestClass:NYTimesTests.PopularNewsViewControllerTest method:testupdate withMessage:XCTAssertFalse failed -  file:/Users/RaghuSandeep/Documents/NYTimes/NYTimesTests/PopularNewsViewControllerTest.swift line:41
23:31:08.636 NYTimes[78369:15854163] -[PopularNewsViewControllerTest testupdate] started activity <XCActivityRecord: 0x60800008cb20> 2018-08-13 18:01:08 +0000: Assertion Failure: PopularNewsViewControllerTest.swift:41: XCTAssertFalse failed - 
23:31:08.669 Xcode[50404:13834230] -[NYTimesTests.PopularNewsViewControllerTest testupdate] will start activity 65FE0C89-9DB8-463E-981A-7079B65C8BE8:'Assertion Failure: PopularNewsViewControllerTest.swift:41: XCTAssertFalse failed - '
23:31:08.637 NYTimes[78369:15854163] -[PopularNewsViewControllerTest testupdate] finished activity <XCActivityRecord: 0x60800008cb20> 2018-08-13 18:01:08 +0000: Assertion Failure: PopularNewsViewControllerTest.swift:41: XCTAssertFalse failed -  (0.000553012s)
23:31:08.669 Xcode[50404:13834230] -[NYTimesTests.PopularNewsViewControllerTest testupdate] did finish activity 65FE0C89-9DB8-463E-981A-7079B65C8BE8:'Assertion Failure: PopularNewsViewControllerTest.swift:41: XCTAssertFalse failed - '
23:31:08.647 NYTimes[78369:15854163] -[XCTRunnerIDESession testCase:didFailWithDescription:inFile:atLine:]
23:31:08.669 Xcode[50404:13834230] _XCT_testCaseDidFailForTestClass:NYTimesTests.PopularNewsViewControllerTest method:testupdate withMessage:XCTAssertEqual failed: ("0") is not equal to ("1") -  file:/Users/RaghuSandeep/Documents/NYTimes/NYTimesTests/PopularNewsViewControllerTest.swift line:42
23:31:08.647 NYTimes[78369:15854163] -[PopularNewsViewControllerTest testupdate] started activity <XCActivityRecord: 0x6040002883e0> 2018-08-13 18:01:08 +0000: Assertion Failure: PopularNewsViewControllerTest.swift:42: XCTAssertEqual failed: ("0") is not equal to ("1") - 
23:31:08.669 Xcode[50404:13834230] -[NYTimesTests.PopularNewsViewControllerTest testupdate] will start activity 2E88C6A9-0FB4-4884-A46D-0531FACF0686:'Assertion Failure: PopularNewsViewControllerTest.swift:42: XCTAssertEqual failed: ("0") is not equal to ("1") - '
23:31:08.647 NYTimes[78369:15854163] -[PopularNewsViewControllerTest testupdate] finished activity <XCActivityRecord: 0x6040002883e0> 2018-08-13 18:01:08 +0000: Assertion Failure: PopularNewsViewControllerTest.swift:42: XCTAssertEqual failed: ("0") is not equal to ("1") -  (0.000447035s)
23:31:08.669 Xcode[50404:13834230] -[NYTimesTests.PopularNewsViewControllerTest testupdate] did finish activity 2E88C6A9-0FB4-4884-A46D-0531FACF0686:'Assertion Failure: PopularNewsViewControllerTest.swift:42: XCTAssertEqual failed: ("0") is not equal to ("1") - '
23:31:08.648 NYTimes[78369:15854163] -[XCTRunnerIDESession testCaseDidFinish:]
23:31:08.669 Xcode[50404:13834230] _XCT_testCaseDidFinishForTestClass:NYTimesTests.PopularNewsViewControllerTest method:testupdate withStatus:failed duration:13.98432397842407
23:31:08.648 NYTimes[78369:15854163] -[XCTRunnerIDESession testSuiteDidFinish:]
23:31:08.669 Xcode[50404:13834230] _XCT_testSuite:PopularNewsViewControllerTest didFinishAt:2018-08-13 18:01:08 +0000 runCount:1 withFailures:2 unexpected:0 testDuration:13.98432397842407 totalDuration:13.98506700992584
23:31:08.649 NYTimes[78369:15854163] Activity statistics for PopularNewsViewControllerTest:
23:31:08.649 NYTimes[78369:15854163] 0.00s : Other
23:31:08.649 NYTimes[78369:15854163] Total time in activities: 0.00s
23:31:08.649 NYTimes[78369:15854163] -[XCTRunnerIDESession testSuiteDidFinish:]
23:31:08.669 Xcode[50404:13834230] _XCT_testSuite:NYTimesTests.xctest didFinishAt:2018-08-13 18:01:08 +0000 runCount:1 withFailures:2 unexpected:0 testDuration:13.98432397842407 totalDuration:13.98617696762085
23:31:08.650 NYTimes[78369:15854163] Activity statistics for NYTimesTests.xctest:
23:31:08.650 NYTimes[78369:15854163] 0.00s : Other
23:31:08.650 NYTimes[78369:15854163] Total time in activities: 0.00s
23:31:08.650 NYTimes[78369:15854163] -[XCTRunnerIDESession testSuiteDidFinish:]
23:31:08.670 Xcode[50404:13834230] _XCT_testSuite:Selected tests didFinishAt:2018-08-13 18:01:08 +0000 runCount:1 withFailures:2 unexpected:0 testDuration:13.98432397842407 totalDuration:13.98788499832153
23:31:08.650 NYTimes[78369:15854163] Activity statistics for Selected tests:
23:31:08.651 NYTimes[78369:15854163] 0.00s : Other
23:31:08.651 NYTimes[78369:15854163] Total time in activities: 0.00s
23:31:08.651 NYTimes[78369:15854163] Finished running suite.
23:31:08.670 Xcode[50404:13834230] -[XCTTestRunnerSession _XCT_didFinishExecutingTestPlan]_block_invoke
23:31:08.651 NYTimes[78369:15854163] -[XCTRunnerIDESession testBundleDidFinish:], Flushing connection to IDE...
23:31:08.651 NYTimes[78369:15854163] Calling completion.
23:31:08.651 NYTimes[78369:15854163] <XCTWaiter: 0x60c00001c210, state: XCTWaiterStateInProgress> entering wait loop for 15.00s with expectations: (
    "IDE confirmed the end of session"
)
/Users/RaghuSandeep/Documents/NYTimes/NYTimesTests/PopularNewsViewControllerTest.swift:41: error: -[NYTimesTests.PopularNewsViewControllerTest testupdate] : XCTAssertFalse failed - 
/Users/RaghuSandeep/Documents/NYTimes/NYTimesTests/PopularNewsViewControllerTest.swift:42: error: -[NYTimesTests.PopularNewsViewControllerTest testupdate] : XCTAssertEqual failed: ("0") is not equal to ("1") - 
Test Case '-[NYTimesTests.PopularNewsViewControllerTest testupdate]' failed (13.984 seconds).
Test Suite 'PopularNewsViewControllerTest' failed at 2018-08-13 23:31:08.648.
	 Executed 1 test, with 2 failures (0 unexpected) in 13.984 (13.985) seconds
Test Suite 'NYTimesTests.xctest' failed at 2018-08-13 23:31:08.649.
	 Executed 1 test, with 2 failures (0 unexpected) in 13.984 (13.986) seconds
23:31:08.670 Xcode[50404:13834230] <IDETestOperationCoordinator: 0x7f96bc96f700>: parseConsoleOutputFromOriginalOutput: called, 745 bytes written out to StandardOutputAndStandardError
23:31:08.692 Xcode[50404:15853988] Closing socket 151 to testmanagerd for Sim iPhone X
23:31:08.803 Xcode[50404:13834230] Test process exited with exit code 1
23:31:08.820 Xcode[50404:13834230] Claim LaunchSessionClaim_0x7f9695d13660 on simulator F62C37DB-AAF4-4E32-9880-D2048C689C5B was relinquished
23:31:08.820 Xcode[50404:13834230] Claim LaunchSessionClaim_0x7f9695d13660 on simulator F62C37DB-AAF4-4E32-9880-D2048C689C5B was relinquished
23:31:08.670 NYTimes[78369:15856086] <XCTWaiter: 0x60c00001c210, state: XCTWaiterStateSucceeded>: cancelWaiting
23:31:08.670 NYTimes[78369:15854163] <XCTWaiter: 0x60c00001c210, state: XCTWaiterStateSucceeded> done waiting
23:31:08.670 NYTimes[78369:15854163] <XCTWaiter: 0x60c00001c210, state: XCTWaiterStateSucceeded> cleaning up IDE confirmed the end of session
23:31:08.929 Xcode[50404:13834230] Got death notice for pid 78369, removing from SimulatorSessionMap
23:31:08.690 testmanagerd[68976:15855088] Test process connection invalidated or interrupted, closing test session <XCTestSession: 0x7fe26e60b680>.
23:31:08.691 testmanagerd[68976:15855088] Closed <XCTestSession: 0x7fe26e60b680>, removing from (
    "<XCTestSession: 0x7fe26e60b680>"
)
23:31:08.691 testmanagerd[68976:15855088] Tearing down <XCTestSession: 0x7fe26e60b680>.
23:31:08.691 testmanagerd[68976:15855088] XCTestSession is responsible for cleaning up its socket from an XCIDESession
23:31:08.692 testmanagerd[68976:15855088] Tearing down <XCTDApplicationMonitor: 0x7fe26e605370>.
23:31:08.692 testmanagerd[68976:15855088] Tearing down <XCTDProcessAssertionManager: 0x7fe2701072f0>.
23:31:08.693 testmanagerd[68976:15855088] Session summary: 0 test sessions, 0 sessions with identifiers, 0 unidentified sessions, has control sessions
23:31:08.693 testmanagerd[68976:15855088] Control sessions: (
    "<XCIDESession: 0x7fe270107d40> (socket 5) created Monday, August 13, 2018 at 11:30:54 PM India Standard Time"
)
Test Suite 'Selected tests' failed at 2018-08-13 23:31:08.650.
	 Executed 1 test, with 2 failures (0 unexpected) in 13.984 (13.988) seconds
23:31:08.973 Xcode[50404:13834230] <IDETestOperationCoordinator: 0x7f96bc96f700>: parseConsoleOutputFromOriginalOutput: called, 0 bytes written out to StandardOutputAndStandardError
23:31:09.060 Xcode[50404:13834230] <IDETestOperationCoordinator: 0x7f96bc96f700> finished receiving data from <IDEConsoleAdaptor: 0x7f9696e22e10 'target' stdin: (null) 0 stdout: (null) 0 stderr: (null) 0>
23:31:09.060 Xcode[50404:13834230] <IDETestOperationCoordinator: 0x7f96bc96f700>: _considerFlushingDelegateBlockQueue - nothing to flush
23:31:09.060 Xcode[50404:13834230] _finishWithError:(null)
