Test Suite 'Selected tests' started at 2018-08-13 23:30:54.662
Test Suite 'NYTimesTests.xctest' started at 2018-08-13 23:30:54.663
Test Suite 'PopularNewsViewControllerTest' started at 2018-08-13 23:30:54.663
Test Case '-[NYTimesTests.PopularNewsViewControllerTest testupdate]' started.
/Users/RaghuSandeep/Documents/NYTimes/NYTimesTests/PopularNewsViewControllerTest.swift:41: error: -[NYTimesTests.PopularNewsViewControllerTest testupdate] : XCTAssertFalse failed - 
/Users/RaghuSandeep/Documents/NYTimes/NYTimesTests/PopularNewsViewControllerTest.swift:42: error: -[NYTimesTests.PopularNewsViewControllerTest testupdate] : XCTAssertEqual failed: ("0") is not equal to ("1") - 
Test Case '-[NYTimesTests.PopularNewsViewControllerTest testupdate]' failed (13.984 seconds).
Test Suite 'PopularNewsViewControllerTest' failed at 2018-08-13 23:31:08.648.
	 Executed 1 test, with 2 failures (0 unexpected) in 13.984 (13.985) seconds
Test Suite 'NYTimesTests.xctest' failed at 2018-08-13 23:31:08.649.
	 Executed 1 test, with 2 failures (0 unexpected) in 13.984 (13.986) seconds
Test Suite 'Selected tests' failed at 2018-08-13 23:31:08.650.
	 Executed 1 test, with 2 failures (0 unexpected) in 13.984 (13.988) seconds
